2023-05-22 21:18:31,745 This program is a property of National Taiwan University of Science and Technology.

2023-05-22 21:19:52,326 This program is a property of National Taiwan University of Science and Technology.

2023-05-22 21:21:13,717 This program is a property of National Taiwan University of Science and Technology.

2023-05-22 21:21:13,717 nsop_BigObject_NTUST_Data_4018(632).xlsx
2023-05-22 21:21:14,237 Model is running...
2023-05-22 21:22:10,286 This program is a property of National Taiwan University of Science and Technology.

2023-05-22 21:22:10,286 nsop_BigObject_NTUST_Data_4018(632).xlsx
2023-05-22 21:22:10,358 Model is running...
2023-05-22 21:22:15,352 result:4017:Execution succeed

2023-05-22 21:22:15,352 result:4017:Execution failed:Incorrect input data

2023-05-22 21:23:40,969 This program is a property of National Taiwan University of Science and Technology.

2023-05-22 21:23:40,969 nsop_BigObject_NTUST_Data_4018(632).xlsx
2023-05-22 21:23:41,050 Model is running...
2023-05-22 21:23:46,487 result:4017:Execution succeed

2023-05-22 21:23:46,487 result:4017:Execution failed:Incorrect input data

2023-05-22 21:24:39,774 This program is a property of National Taiwan University of Science and Technology.

2023-05-22 21:24:39,774 nsop_BigObject_NTUST_Data_4018(632).xlsx
2023-05-22 21:24:39,838 Model is running...
2023-05-22 21:24:45,045 result:4017:Execution succeed

2023-05-22 21:24:45,045 result:4017:Execution failed:Incorrect input data

2023-05-22 21:27:55,244 This program is a property of National Taiwan University of Science and Technology.

2023-05-22 21:27:55,244 nsop_BigObject_NTUST_Data_4018(632).xlsx
2023-05-22 21:27:55,308 Model is running...
2023-05-22 21:27:55,772 result:4017:Execution succeed

2023-05-22 21:27:55,772 result:4017:Execution failed:Incorrect input data

2023-05-22 21:28:10,208 This program is a property of National Taiwan University of Science and Technology.

2023-05-22 21:28:10,208 nsop_BigObject_NTUST_Data_4018(632).xlsx
2023-05-22 21:28:10,304 Model is running...
2023-05-22 21:28:10,749 result:4017:Execution succeed

2023-05-22 21:28:10,749 result:4017:Execution failed:Incorrect input data

2023-05-22 21:30:36,794 This program is a property of National Taiwan University of Science and Technology.

2023-05-22 21:30:36,795 nsop_BigObject_NTUST_Data_4018(632).xlsx
2023-05-22 21:30:36,875 Model is running...
2023-05-22 21:30:37,362 result:4017:Execution succeed

2023-05-22 21:30:37,362 result:4017:Execution failed:Incorrect input data

2023-05-22 21:32:56,249 This program is a property of National Taiwan University of Science and Technology.

2023-05-22 21:32:56,249 nsop_BigObject_NTUST_Data_4018(632).xlsx
2023-05-22 21:32:56,319 Model is running...
2023-05-22 21:32:56,767 result:4017:Execution succeed

2023-05-22 21:32:56,767 result:4017:Execution failed:Incorrect input data

2023-05-22 21:33:30,029 This program is a property of National Taiwan University of Science and Technology.

2023-05-22 21:33:30,029 nsop_BigObject_NTUST_Data_4018(632).xlsx
2023-05-22 21:33:30,096 Model is running...
2023-05-22 21:33:30,565 result:4017:Execution succeed

2023-05-22 21:33:30,565 result:4017:Execution failed:Incorrect input data

2023-05-22 21:34:39,152 This program is a property of National Taiwan University of Science and Technology.

2023-05-22 21:34:39,152 nsop_BigObject_NTUST_Data_4018(632).xlsx
2023-05-22 21:34:39,229 Model is running...
2023-05-22 21:34:39,700 result:4017:Execution succeed

2023-05-22 21:34:39,701 result:4017:Execution failed:Incorrect input data

2023-05-22 23:22:34,767 This program is a property of National Taiwan University of Science and Technology.

2023-05-22 23:22:34,767 nsop_BigObject_NTUST_Data_4018(632).xlsx
2023-05-22 23:22:34,839 Model is running...
2023-05-22 23:22:35,369 result:4017:Execution succeed

2023-05-22 23:22:35,370 result:4017:Execution failed:Incorrect input data

2023-05-22 23:23:22,030 This program is a property of National Taiwan University of Science and Technology.

2023-05-22 23:23:22,031 nsop_BigObject_NTUST_Data_4018(632).xlsx
2023-05-22 23:23:22,105 Model is running...
2023-05-22 23:23:22,549 result:4017:Execution succeed

2023-05-22 23:23:22,549 result:4017:Execution failed:Incorrect input data

2023-05-22 23:26:19,222 This program is a property of National Taiwan University of Science and Technology.

2023-05-22 23:26:19,223 nsop_BigObject_NTUST_Data_4018(632).xlsx
2023-05-22 23:26:19,291 Model is running...
2023-05-22 23:26:19,752 result:4017:Execution succeed

2023-05-22 23:26:19,752 result:4017:Execution failed:Incorrect input data

2023-05-22 23:28:58,674 This program is a property of National Taiwan University of Science and Technology.

2023-05-22 23:28:58,674 nsop_BigObject_NTUST_Data_4018(632).xlsx
2023-05-22 23:28:58,740 Model is running...
2023-05-22 23:36:22,026 This program is a property of National Taiwan University of Science and Technology.

2023-05-22 23:36:22,026 nsop_BigObject_NTUST_Data_4018(632).xlsx
2023-05-22 23:36:22,095 Model is running...
2023-05-22 23:38:04,897 This program is a property of National Taiwan University of Science and Technology.

2023-05-22 23:38:04,898 nsop_BigObject_NTUST_Data_4018(632).xlsx
2023-05-22 23:38:04,975 Model is running...
2023-05-22 23:38:05,418 result:4017:Execution succeed

2023-05-22 23:38:05,418 result:4017:Execution failed:Incorrect input data

2023-05-22 23:38:42,980 This program is a property of National Taiwan University of Science and Technology.

2023-05-22 23:38:42,981 nsop_BigObject_NTUST_Data_4018(632).xlsx
2023-05-22 23:38:43,062 Model is running...
2023-05-22 23:38:43,510 result:4017:Execution succeed

2023-05-22 23:38:43,510 result:4017:Execution failed:Incorrect input data

2023-05-22 23:39:23,020 This program is a property of National Taiwan University of Science and Technology.

2023-05-22 23:39:23,021 nsop_BigObject_NTUST_Data_4018(632).xlsx
2023-05-22 23:39:23,088 Model is running...
2023-05-22 23:39:23,524 result:4017:Execution succeed

2023-05-22 23:39:23,524 result:4017:Execution failed:Incorrect input data

2023-05-22 23:39:43,890 This program is a property of National Taiwan University of Science and Technology.

2023-05-22 23:39:43,891 nsop_BigObject_NTUST_Data_4018(632).xlsx
2023-05-22 23:39:43,966 Model is running...
2023-05-22 23:39:44,426 result:4017:Execution succeed

2023-05-22 23:39:44,426 result:4017:Execution failed:Incorrect input data

2023-05-22 23:44:48,893 This program is a property of National Taiwan University of Science and Technology.

2023-05-22 23:44:48,894 nsop_BigObject_NTUST_Data_4018(632).xlsx
2023-05-22 23:44:48,970 Model is running...
2023-05-22 23:45:11,973 This program is a property of National Taiwan University of Science and Technology.

2023-05-22 23:45:11,974 nsop_BigObject_NTUST_Data_4018(632).xlsx
2023-05-22 23:45:12,044 Model is running...
2023-05-22 23:45:30,088 This program is a property of National Taiwan University of Science and Technology.

2023-05-22 23:45:30,089 nsop_BigObject_NTUST_Data_4018(632).xlsx
2023-05-22 23:45:30,155 Model is running...
2023-05-22 23:45:35,126 result:4017:Execution succeed

2023-05-22 23:45:35,126 result:4017:Execution failed:Incorrect input data

2023-05-22 23:47:04,290 This program is a property of National Taiwan University of Science and Technology.

2023-05-22 23:47:04,290 nsop_BigObject_NTUST_Data_4018(632).xlsx
2023-05-22 23:47:04,359 Model is running...
2023-05-22 23:47:28,325 This program is a property of National Taiwan University of Science and Technology.

2023-05-22 23:47:28,325 nsop_BigObject_NTUST_Data_4018(632).xlsx
2023-05-22 23:47:28,426 Model is running...
2023-05-22 23:47:33,228 result:4017:Execution succeed

2023-05-22 23:47:33,228 result:4017:Execution failed:Incorrect input data

2023-05-22 23:53:24,062 This program is a property of National Taiwan University of Science and Technology.

2023-05-22 23:53:24,062 nsop_BigObject_NTUST_Data_4018(632).xlsx
2023-05-22 23:53:24,131 Model is running...
2023-05-22 23:53:28,802 result:4017:Execution succeed

2023-05-22 23:53:28,802 result:4017:Execution failed:Incorrect input data

2023-05-22 23:53:40,440 This program is a property of National Taiwan University of Science and Technology.

2023-05-22 23:53:40,441 nsop_BigObject_NTUST_Data_4018(632).xlsx
2023-05-22 23:53:40,511 Model is running...
2023-05-22 23:53:44,970 result:4017:Execution succeed

2023-05-22 23:53:44,970 result:4017:Execution failed:Incorrect input data

2023-05-22 23:56:13,591 This program is a property of National Taiwan University of Science and Technology.

2023-05-22 23:56:13,591 nsop_BigObject_NTUST_Data_4018(632).xlsx
2023-05-22 23:56:13,665 Model is running...
2023-05-22 23:57:43,230 This program is a property of National Taiwan University of Science and Technology.

2023-05-22 23:57:43,230 nsop_BigObject_NTUST_Data_4018(632).xlsx
2023-05-22 23:57:43,298 Model is running...
2023-05-22 23:57:48,201 result:4017:Execution succeed

2023-05-22 23:57:48,201 result:4017:Execution failed:Incorrect input data

2023-05-22 23:57:55,898 This program is a property of National Taiwan University of Science and Technology.

2023-05-22 23:57:55,898 nsop_BigObject_NTUST_Data_4018(632).xlsx
2023-05-22 23:57:55,966 Model is running...
2023-05-22 23:58:00,397 result:4017:Execution succeed

2023-05-22 23:58:00,397 result:4017:Execution failed:Incorrect input data

2023-05-22 23:58:33,869 This program is a property of National Taiwan University of Science and Technology.

2023-05-22 23:58:33,870 nsop_BigObject_NTUST_Data_4018(632).xlsx
2023-05-22 23:58:33,943 Model is running...
2023-05-22 23:58:39,144 result:4017:Execution succeed

2023-05-22 23:58:39,144 result:4017:Execution failed:Incorrect input data

2023-05-22 23:58:46,523 This program is a property of National Taiwan University of Science and Technology.

2023-05-22 23:58:46,524 nsop_BigObject_NTUST_Data_4018(632).xlsx
2023-05-22 23:58:46,592 Model is running...
2023-05-22 23:58:51,100 result:4017:Execution succeed

2023-05-22 23:58:51,100 result:4017:Execution failed:Incorrect input data

2023-05-22 23:58:53,078 This program is a property of National Taiwan University of Science and Technology.

2023-05-22 23:58:53,078 nsop_BigObject_NTUST_Data_4018(632).xlsx
2023-05-22 23:58:53,152 Model is running...
2023-05-22 23:58:57,949 result:4017:Execution succeed

2023-05-22 23:58:57,950 result:4017:Execution failed:Incorrect input data

2023-05-22 23:59:06,616 This program is a property of National Taiwan University of Science and Technology.

2023-05-22 23:59:06,616 nsop_BigObject_NTUST_Data_4018(632).xlsx
2023-05-22 23:59:06,685 Model is running...
2023-05-22 23:59:11,139 result:4017:Execution succeed

2023-05-22 23:59:11,139 result:4017:Execution failed:Incorrect input data

2023-05-22 23:59:19,250 This program is a property of National Taiwan University of Science and Technology.

2023-05-22 23:59:19,250 nsop_BigObject_NTUST_Data_4018(632).xlsx
2023-05-22 23:59:19,319 Model is running...
2023-05-22 23:59:23,779 result:4017:Execution succeed

2023-05-22 23:59:23,779 result:4017:Execution failed:Incorrect input data

2023-05-23 10:30:52,382 This program is a property of National Taiwan University of Science and Technology.

2023-05-23 10:30:52,382 nsop_BigObject_NTUST_Data_4018(632).xlsx
2023-05-23 10:30:52,462 Model is running...
2023-05-23 10:31:34,348 result:4017:Execution succeed

2023-05-23 10:31:34,348 result:4017:Execution failed:Incorrect input data

2023-05-23 10:31:40,212 This program is a property of National Taiwan University of Science and Technology.

2023-05-23 10:31:40,212 nsop_BigObject_NTUST_Data_4018(632).xlsx
2023-05-23 10:31:40,292 Model is running...
2023-05-23 10:32:22,103 result:4017:Execution succeed

2023-05-23 10:32:22,103 result:4017:Execution failed:Incorrect input data

2023-05-23 10:32:33,995 This program is a property of National Taiwan University of Science and Technology.

2023-05-23 10:32:33,995 nsop_BigObject_NTUST_Data_4018(632).xlsx
2023-05-23 10:32:34,163 Model is running...
2023-05-23 10:33:17,289 result:4017:Execution succeed

2023-05-23 10:33:17,289 result:4017:Execution failed:Incorrect input data

