2023-05-10 13:42:10,752 This program is a property of National Taiwan University of Science and Technology.

2023-05-10 13:42:10,753 nsop_BigObject_NTUST_Data_4018.xlsx
2023-05-10 13:42:11,087 result:4017:Execution failed:Current_Product are not same as Demand_Product

2023-05-10 13:42:43,484 This program is a property of National Taiwan University of Science and Technology.

2023-05-10 13:42:43,485 nsop_BigObject_NTUST_Data_4018.xlsx
2023-05-10 13:42:43,568 Model is running...
2023-05-10 13:42:45,532 result:4017:Execution failed:Incorrect input data

2023-05-10 13:45:43,972 This program is a property of National Taiwan University of Science and Technology.

2023-05-10 13:45:43,972 nsop_BigObject_NTUST_Data_4018.xlsx
2023-05-10 13:45:44,051 Model is running...
2023-05-10 13:45:44,072 result:4017:Execution failed:Incorrect input data

2023-05-10 13:45:48,750 This program is a property of National Taiwan University of Science and Technology.

2023-05-10 13:45:48,751 nsop_BigObject_NTUST_Data_4018.xlsx
2023-05-10 13:45:48,834 Model is running...
2023-05-10 13:45:48,857 result:4017:Execution failed:Incorrect input data

2023-05-10 13:46:27,325 This program is a property of National Taiwan University of Science and Technology.

2023-05-10 13:46:27,327 nsop_BigObject_NTUST_Data_4018.xlsx
2023-05-10 13:46:27,402 Model is running...
2023-05-10 13:46:27,424 result:4017:Execution failed:Incorrect input data

2023-05-10 13:46:45,708 This program is a property of National Taiwan University of Science and Technology.

2023-05-10 13:46:45,709 nsop_BigObject_NTUST_Data_4018.xlsx
2023-05-10 13:46:45,785 Model is running...
2023-05-10 13:46:45,806 result:4017:Execution failed:Incorrect input data

2023-05-10 13:46:46,625 This program is a property of National Taiwan University of Science and Technology.

2023-05-10 13:46:46,626 nsop_BigObject_NTUST_Data_4018.xlsx
2023-05-10 13:46:46,702 Model is running...
2023-05-10 13:46:46,722 result:4017:Execution failed:Incorrect input data

2023-05-10 13:46:47,580 This program is a property of National Taiwan University of Science and Technology.

2023-05-10 13:46:47,581 nsop_BigObject_NTUST_Data_4018.xlsx
2023-05-10 13:46:47,657 Model is running...
2023-05-10 13:46:47,678 result:4017:Execution failed:Incorrect input data

2023-05-10 13:46:58,378 This program is a property of National Taiwan University of Science and Technology.

2023-05-10 13:46:58,379 nsop_BigObject_NTUST_Data_4018.xlsx
2023-05-10 13:46:58,467 Model is running...
2023-05-10 13:46:58,485 result:4017:Execution failed:Incorrect input data

2023-05-10 13:47:40,451 This program is a property of National Taiwan University of Science and Technology.

2023-05-10 13:47:40,451 nsop_BigObject_NTUST_Data_4018.xlsx
2023-05-10 13:47:40,528 Model is running...
2023-05-10 13:47:40,539 result:4017:Execution failed:Incorrect input data

2023-05-10 13:47:44,195 This program is a property of National Taiwan University of Science and Technology.

2023-05-10 13:47:44,196 nsop_BigObject_NTUST_Data_4018.xlsx
2023-05-10 13:47:44,270 Model is running...
2023-05-10 13:47:46,216 result:4017:Execution failed:Incorrect input data

2023-05-10 13:47:53,591 This program is a property of National Taiwan University of Science and Technology.

2023-05-10 13:47:53,592 nsop_BigObject_NTUST_Data_4018.xlsx
2023-05-10 13:47:53,671 Model is running...
2023-05-10 13:47:55,518 result:4017:Execution failed:Incorrect input data

2023-05-10 13:48:54,515 This program is a property of National Taiwan University of Science and Technology.

2023-05-10 13:48:54,516 nsop_BigObject_NTUST_Data_4018.xlsx
2023-05-10 13:48:54,596 Model is running...
2023-05-10 13:48:56,501 result:4017:Execution failed:Incorrect input data

2023-05-10 13:52:53,299 This program is a property of National Taiwan University of Science and Technology.

2023-05-10 13:52:53,299 nsop_BigObject_NTUST_Data_4018.xlsx
2023-05-10 13:52:53,438 Model is running...
2023-05-10 13:52:55,268 result:4017:Execution failed:Incorrect input data

2023-05-10 13:52:55,269 ~$nsop_BigObject_NTUST_Data_4018.xlsx
2023-05-10 13:52:55,270 result:4017:Execution failed:Incorrect input data

2023-05-10 13:53:06,908 This program is a property of National Taiwan University of Science and Technology.

2023-05-10 13:53:06,908 nsop_BigObject_NTUST_Data_4018.xlsx
2023-05-10 13:53:07,060 Model is running...
2023-05-10 13:53:08,916 result:4017:Execution failed:Incorrect input data

2023-05-10 16:10:29,044 This program is a property of National Taiwan University of Science and Technology.

2023-05-10 16:10:29,045 nsop_BigObject_NTUST_Data_4018.xlsx
2023-05-10 16:10:29,235 Model is running...
2023-05-10 16:10:29,256 result:4017:Execution failed:Incorrect input data

2023-05-10 16:12:45,099 This program is a property of National Taiwan University of Science and Technology.

2023-05-10 16:12:45,100 nsop_BigObject_NTUST_Data_4018.xlsx
2023-05-10 16:12:45,181 Model is running...
2023-05-10 16:12:45,194 result:4017:Execution failed:Incorrect input data

2023-05-10 16:15:17,992 This program is a property of National Taiwan University of Science and Technology.

2023-05-10 16:15:17,992 nsop_BigObject_NTUST_Data_4018.xlsx
2023-05-10 16:15:18,066 Model is running...
2023-05-10 16:15:18,076 result:4017:Execution failed:Incorrect input data

2023-05-10 16:15:39,518 This program is a property of National Taiwan University of Science and Technology.

2023-05-10 16:15:39,519 nsop_BigObject_NTUST_Data_4018.xlsx
2023-05-10 16:15:39,599 Model is running...
2023-05-10 16:17:41,072 This program is a property of National Taiwan University of Science and Technology.

2023-05-10 16:17:41,073 nsop_BigObject_NTUST_Data_4018.xlsx
2023-05-10 16:17:41,167 Model is running...
2023-05-10 16:18:08,034 This program is a property of National Taiwan University of Science and Technology.

2023-05-10 16:18:08,034 nsop_BigObject_NTUST_Data_4018.xlsx
2023-05-10 16:18:08,115 Model is running...
2023-05-10 16:18:46,415 This program is a property of National Taiwan University of Science and Technology.

2023-05-10 16:18:46,416 nsop_BigObject_NTUST_Data_4018.xlsx
2023-05-10 16:18:46,495 Model is running...
2023-05-10 16:19:32,246 This program is a property of National Taiwan University of Science and Technology.

2023-05-10 16:19:32,248 nsop_BigObject_NTUST_Data_4018.xlsx
2023-05-10 16:19:32,326 Model is running...
2023-05-10 16:21:26,115 This program is a property of National Taiwan University of Science and Technology.

2023-05-10 16:21:26,116 nsop_BigObject_NTUST_Data_4018.xlsx
2023-05-10 16:21:26,204 Model is running...
2023-05-10 16:24:55,706 This program is a property of National Taiwan University of Science and Technology.

2023-05-10 16:24:55,707 nsop_BigObject_NTUST_Data_4018.xlsx
2023-05-10 16:24:55,781 Model is running...
2023-05-10 16:25:19,273 This program is a property of National Taiwan University of Science and Technology.

2023-05-10 16:25:19,273 nsop_BigObject_NTUST_Data_4018.xlsx
2023-05-10 16:25:19,360 Model is running...
2023-05-10 16:25:57,883 This program is a property of National Taiwan University of Science and Technology.

2023-05-10 16:25:57,883 nsop_BigObject_NTUST_Data_4018.xlsx
2023-05-10 16:25:57,974 Model is running...
2023-05-10 16:27:03,338 This program is a property of National Taiwan University of Science and Technology.

2023-05-10 16:27:03,338 nsop_BigObject_NTUST_Data_4018.xlsx
2023-05-10 16:27:03,412 Model is running...
2023-05-10 16:27:57,971 This program is a property of National Taiwan University of Science and Technology.

2023-05-10 16:27:57,971 nsop_BigObject_NTUST_Data_4018.xlsx
2023-05-10 16:27:58,053 Model is running...
2023-05-10 16:30:04,175 This program is a property of National Taiwan University of Science and Technology.

2023-05-10 16:30:04,175 nsop_BigObject_NTUST_Data_4018.xlsx
2023-05-10 16:30:04,249 Model is running...
2023-05-10 16:30:17,093 This program is a property of National Taiwan University of Science and Technology.

2023-05-10 16:30:17,093 nsop_BigObject_NTUST_Data_4018.xlsx
2023-05-10 16:30:17,168 Model is running...
2023-05-10 16:33:59,791 This program is a property of National Taiwan University of Science and Technology.

2023-05-10 16:33:59,792 nsop_BigObject_NTUST_Data_4018.xlsx
2023-05-10 16:33:59,871 Model is running...
2023-05-10 16:35:04,744 This program is a property of National Taiwan University of Science and Technology.

2023-05-10 16:35:04,745 nsop_BigObject_NTUST_Data_4018.xlsx
2023-05-10 16:35:04,826 Model is running...
2023-05-10 16:36:35,627 This program is a property of National Taiwan University of Science and Technology.

2023-05-10 16:36:35,628 nsop_BigObject_NTUST_Data_4018.xlsx
2023-05-10 16:36:35,703 Model is running...
2023-05-10 16:37:28,012 This program is a property of National Taiwan University of Science and Technology.

2023-05-10 16:37:28,012 nsop_BigObject_NTUST_Data_4018.xlsx
2023-05-10 16:37:28,093 Model is running...
2023-05-10 16:37:29,999 result:4017:Execution succeed

2023-05-10 16:37:29,999 result:4017:Execution failed:Incorrect input data

