2023-05-23 14:49:54,748 This program is a property of National Taiwan University of Science and Technology.

2023-05-23 14:49:54,749 nsop_BigObject_NTUST_Data_4018(632).xlsx
2023-05-23 14:49:55,071 Model is running...
2023-05-23 14:50:07,465 This program is a property of National Taiwan University of Science and Technology.

2023-05-23 14:50:07,466 nsop_BigObject_NTUST_Data_4018(632).xlsx
2023-05-23 14:50:07,539 Model is running...
2023-05-23 14:50:52,261 result:4017:Execution succeed

2023-05-23 14:50:52,262 result:4017:Execution failed:Incorrect input data

2023-05-23 14:52:16,098 This program is a property of National Taiwan University of Science and Technology.

2023-05-23 14:52:16,099 nsop_BigObject_NTUST_Data_4018(632).xlsx
2023-05-23 14:52:16,175 Model is running...
2023-05-23 14:53:34,229 This program is a property of National Taiwan University of Science and Technology.

2023-05-23 14:53:34,230 nsop_BigObject_NTUST_Data_4018(632).xlsx
2023-05-23 14:53:34,305 Model is running...
2023-05-23 15:20:10,936 This program is a property of National Taiwan University of Science and Technology.

2023-05-23 15:20:10,937 nsop_BigObject_NTUST_Data_4018(632).xlsx
2023-05-23 15:20:11,119 Model is running...
2023-05-23 15:20:56,418 This program is a property of National Taiwan University of Science and Technology.

2023-05-23 15:20:56,418 nsop_BigObject_NTUST_Data_4018(632).xlsx
2023-05-23 15:20:56,504 Model is running...
2023-05-23 15:21:26,317 This program is a property of National Taiwan University of Science and Technology.

2023-05-23 15:21:26,318 nsop_BigObject_NTUST_Data_4018(632).xlsx
2023-05-23 15:21:26,393 Model is running...
2023-05-23 15:22:00,336 This program is a property of National Taiwan University of Science and Technology.

2023-05-23 15:22:00,337 nsop_BigObject_NTUST_Data_4018(632).xlsx
2023-05-23 15:22:00,414 Model is running...
2023-05-23 15:22:00,907 result:4017:Execution succeed

2023-05-23 15:22:00,907 result:4017:Execution failed:Incorrect input data

2023-05-23 15:22:39,008 This program is a property of National Taiwan University of Science and Technology.

2023-05-23 15:22:39,009 nsop_BigObject_NTUST_Data_4018(632).xlsx
2023-05-23 15:22:39,081 Model is running...
2023-05-23 15:22:39,574 result:4017:Execution succeed

2023-05-23 15:22:39,574 result:4017:Execution failed:Incorrect input data

2023-05-23 15:24:37,139 This program is a property of National Taiwan University of Science and Technology.

2023-05-23 15:24:37,139 nsop_BigObject_NTUST_Data_4018(632).xlsx
2023-05-23 15:24:37,227 Model is running...
2023-05-23 15:24:37,761 result:4017:Execution succeed

2023-05-23 15:24:37,761 result:4017:Execution failed:Incorrect input data

2023-05-23 15:25:31,826 This program is a property of National Taiwan University of Science and Technology.

2023-05-23 15:25:31,826 nsop_BigObject_NTUST_Data_4018(632).xlsx
2023-05-23 15:25:31,897 Model is running...
2023-05-23 15:25:32,414 result:4017:Execution succeed

2023-05-23 15:25:32,414 result:4017:Execution failed:Incorrect input data

2023-05-23 15:26:42,456 This program is a property of National Taiwan University of Science and Technology.

2023-05-23 15:26:42,457 nsop_BigObject_NTUST_Data_4018(632).xlsx
2023-05-23 15:26:42,526 Model is running...
2023-05-23 15:26:42,611 result:4017:Execution succeed

2023-05-23 15:26:42,611 result:4017:Execution failed:Incorrect input data

2023-05-23 15:26:51,024 This program is a property of National Taiwan University of Science and Technology.

2023-05-23 15:26:51,024 nsop_BigObject_NTUST_Data_4018(632).xlsx
2023-05-23 15:26:51,098 Model is running...
2023-05-23 15:26:51,197 result:4017:Execution succeed

2023-05-23 15:26:51,197 result:4017:Execution failed:Incorrect input data

2023-05-23 15:32:17,413 This program is a property of National Taiwan University of Science and Technology.

2023-05-23 15:32:17,414 nsop_BigObject_NTUST_Data_4018(632).xlsx
2023-05-23 15:32:17,483 Model is running...
2023-05-23 15:32:17,581 result:4017:Execution succeed

2023-05-23 15:32:17,582 result:4017:Execution failed:Incorrect input data

2023-05-23 15:36:34,957 This program is a property of National Taiwan University of Science and Technology.

2023-05-23 15:36:34,958 nsop_BigObject_NTUST_Data_4018(632).xlsx
2023-05-23 15:36:35,057 Model is running...
2023-05-23 15:37:12,951 This program is a property of National Taiwan University of Science and Technology.

2023-05-23 15:37:12,952 nsop_BigObject_NTUST_Data_4018(632).xlsx
2023-05-23 15:37:13,028 Model is running...
2023-05-23 15:38:17,281 This program is a property of National Taiwan University of Science and Technology.

2023-05-23 15:38:17,282 nsop_BigObject_NTUST_Data_4018(632).xlsx
2023-05-23 15:38:17,366 Model is running...
2023-05-23 15:38:17,900 result:4017:Execution succeed

2023-05-23 15:38:17,900 result:4017:Execution failed:Incorrect input data

2023-05-23 15:50:24,752 This program is a property of National Taiwan University of Science and Technology.

2023-05-23 15:50:24,752 nsop_BigObject_NTUST_Data_4018(632).xlsx
2023-05-23 15:50:24,823 Model is running...
2023-05-23 15:54:14,120 This program is a property of National Taiwan University of Science and Technology.

2023-05-23 15:54:14,121 nsop_BigObject_NTUST_Data_4018(632).xlsx
2023-05-23 15:54:14,194 Model is running...
2023-05-23 15:54:23,174 This program is a property of National Taiwan University of Science and Technology.

2023-05-23 15:54:23,175 nsop_BigObject_NTUST_Data_4018(632).xlsx
2023-05-23 15:54:23,245 Model is running...
2023-05-23 15:55:10,952 This program is a property of National Taiwan University of Science and Technology.

2023-05-23 15:55:10,953 nsop_BigObject_NTUST_Data_4018(632).xlsx
2023-05-23 15:55:11,040 Model is running...
2023-05-23 15:55:41,410 This program is a property of National Taiwan University of Science and Technology.

2023-05-23 15:55:41,410 nsop_BigObject_NTUST_Data_4018(632).xlsx
2023-05-23 15:55:41,480 Model is running...
2023-05-23 15:55:59,975 This program is a property of National Taiwan University of Science and Technology.

2023-05-23 15:55:59,976 nsop_BigObject_NTUST_Data_4018(632).xlsx
2023-05-23 15:56:00,074 Model is running...
2023-05-23 15:57:31,804 This program is a property of National Taiwan University of Science and Technology.

2023-05-23 15:57:31,804 nsop_BigObject_NTUST_Data_4018(632).xlsx
2023-05-23 15:57:31,880 Model is running...
2023-05-23 15:58:24,920 This program is a property of National Taiwan University of Science and Technology.

2023-05-23 15:58:24,920 nsop_BigObject_NTUST_Data_4018(632).xlsx
2023-05-23 15:58:24,998 Model is running...
2023-05-23 15:59:18,152 This program is a property of National Taiwan University of Science and Technology.

2023-05-23 15:59:18,153 nsop_BigObject_NTUST_Data_4018(632).xlsx
2023-05-23 15:59:18,234 Model is running...
2023-05-23 16:01:12,172 This program is a property of National Taiwan University of Science and Technology.

2023-05-23 16:01:12,172 nsop_BigObject_NTUST_Data_4018(632).xlsx
2023-05-23 16:01:12,243 Model is running...
2023-05-23 16:02:25,627 This program is a property of National Taiwan University of Science and Technology.

2023-05-23 16:02:25,698 Model is running...
2023-05-23 16:03:42,096 This program is a property of National Taiwan University of Science and Technology.

2023-05-23 16:03:42,096 nsop_BigObject_NTUST_Data_4018(632).xlsx
2023-05-23 16:03:42,164 Model is running...
2023-05-23 16:04:19,673 This program is a property of National Taiwan University of Science and Technology.

2023-05-23 16:04:19,674 nsop_BigObject_NTUST_Data_4018(632).xlsx
2023-05-23 16:04:19,749 Model is running...
2023-05-23 16:05:21,060 This program is a property of National Taiwan University of Science and Technology.

2023-05-23 16:05:21,060 nsop_BigObject_NTUST_Data_4018(632).xlsx
2023-05-23 16:05:21,133 Model is running...
2023-05-23 16:07:08,351 This program is a property of National Taiwan University of Science and Technology.

2023-05-23 16:07:08,352 nsop_BigObject_NTUST_Data_4018(632).xlsx
2023-05-23 16:07:08,430 Model is running...
2023-05-23 16:08:47,394 This program is a property of National Taiwan University of Science and Technology.

2023-05-23 16:08:47,395 nsop_BigObject_NTUST_Data_4018(632).xlsx
2023-05-23 16:08:47,462 Model is running...
2023-05-23 16:09:43,453 This program is a property of National Taiwan University of Science and Technology.

2023-05-23 16:09:43,454 nsop_BigObject_NTUST_Data_4018(632).xlsx
2023-05-23 16:09:43,533 Model is running...
2023-05-23 16:13:06,986 This program is a property of National Taiwan University of Science and Technology.

2023-05-23 16:13:06,987 nsop_BigObject_NTUST_Data_4018(632).xlsx
2023-05-23 16:13:07,060 Model is running...
2023-05-23 16:13:19,576 This program is a property of National Taiwan University of Science and Technology.

2023-05-23 16:13:19,577 nsop_BigObject_NTUST_Data_4018(632).xlsx
2023-05-23 16:13:19,656 Model is running...
2023-05-23 16:13:46,917 This program is a property of National Taiwan University of Science and Technology.

2023-05-23 16:13:46,917 nsop_BigObject_NTUST_Data_4018(632).xlsx
2023-05-23 16:13:47,105 Model is running...
2023-05-23 16:14:13,746 This program is a property of National Taiwan University of Science and Technology.

2023-05-23 16:14:13,746 nsop_BigObject_NTUST_Data_4018(632).xlsx
2023-05-23 16:14:13,828 Model is running...
2023-05-23 16:14:33,173 This program is a property of National Taiwan University of Science and Technology.

2023-05-23 16:14:33,173 nsop_BigObject_NTUST_Data_4018(632).xlsx
2023-05-23 16:14:33,247 Model is running...
2023-05-23 16:15:17,567 This program is a property of National Taiwan University of Science and Technology.

2023-05-23 16:15:17,568 nsop_BigObject_NTUST_Data_4018(632).xlsx
2023-05-23 16:15:17,636 Model is running...
2023-05-23 16:16:38,312 This program is a property of National Taiwan University of Science and Technology.

2023-05-23 16:16:38,313 nsop_BigObject_NTUST_Data_4018(632).xlsx
2023-05-23 16:16:38,389 Model is running...
2023-05-23 16:16:59,818 This program is a property of National Taiwan University of Science and Technology.

2023-05-23 16:16:59,819 nsop_BigObject_NTUST_Data_4018(632).xlsx
2023-05-23 16:16:59,888 Model is running...
2023-05-23 16:17:44,923 result:4017:Execution succeed

2023-05-23 16:17:44,923 result:4017:Execution failed:Incorrect input data

2023-05-23 16:25:21,581 This program is a property of National Taiwan University of Science and Technology.

2023-05-23 16:25:21,582 nsop_BigObject_NTUST_Data_4018(632).xlsx
2023-05-23 16:25:21,657 Model is running...
2023-05-23 16:25:54,557 This program is a property of National Taiwan University of Science and Technology.

2023-05-23 16:25:54,558 nsop_BigObject_NTUST_Data_4018(632).xlsx
2023-05-23 16:25:54,636 Model is running...
2023-05-23 16:27:05,427 This program is a property of National Taiwan University of Science and Technology.

2023-05-23 16:27:05,427 nsop_BigObject_NTUST_Data_4018(632).xlsx
2023-05-23 16:27:05,511 Model is running...
2023-05-23 16:27:31,715 This program is a property of National Taiwan University of Science and Technology.

2023-05-23 16:27:31,715 nsop_BigObject_NTUST_Data_4018(632).xlsx
2023-05-23 16:27:31,789 Model is running...
2023-05-23 16:28:26,917 This program is a property of National Taiwan University of Science and Technology.

2023-05-23 16:28:26,917 nsop_BigObject_NTUST_Data_4018(632).xlsx
2023-05-23 16:28:27,008 Model is running...
2023-05-23 16:30:25,084 result:4017:Execution succeed

2023-05-23 16:30:25,084 result:4017:Execution failed:Incorrect input data

2023-05-23 16:33:03,574 This program is a property of National Taiwan University of Science and Technology.

2023-05-23 16:33:03,574 nsop_BigObject_NTUST_Data_4018(632).xlsx
2023-05-23 16:33:03,642 Model is running...
2023-05-23 16:38:19,862 This program is a property of National Taiwan University of Science and Technology.

2023-05-23 16:38:19,862 nsop_BigObject_NTUST_Data_4018(632).xlsx
2023-05-23 16:38:19,948 Model is running...
2023-05-23 16:40:55,300 This program is a property of National Taiwan University of Science and Technology.

2023-05-23 16:40:55,300 nsop_BigObject_NTUST_Data_4018(632).xlsx
2023-05-23 16:40:55,375 Model is running...
2023-05-23 16:42:46,340 result:4017:Execution succeed

2023-05-23 16:42:46,340 result:4017:Execution failed:Incorrect input data

2023-05-23 16:43:29,811 This program is a property of National Taiwan University of Science and Technology.

2023-05-23 16:43:29,812 nsop_BigObject_NTUST_Data_4018(632).xlsx
2023-05-23 16:43:29,887 Model is running...
2023-05-23 16:44:14,150 result:4017:Execution succeed

2023-05-23 16:44:14,151 result:4017:Execution failed:Incorrect input data

