2023-05-11 10:23:21,264 This program is a property of National Taiwan University of Science and Technology.

2023-05-11 10:23:21,269 nsop_BigObject_NTUST_Data_4018.xlsx
2023-05-11 10:23:21,900 Model is running...
2023-05-11 10:23:24,022 result:4017:Execution succeed

2023-05-11 10:23:24,022 result:4017:Execution failed:Incorrect input data

2023-05-11 10:23:36,720 This program is a property of National Taiwan University of Science and Technology.

2023-05-11 10:23:36,720 nsop_BigObject_NTUST_Data_4018.xlsx
2023-05-11 10:23:36,960 Model is running...
2023-05-11 10:23:39,452 result:4017:Execution succeed

2023-05-11 10:23:39,452 result:4017:Execution failed:Incorrect input data

2023-05-11 10:30:24,710 This program is a property of National Taiwan University of Science and Technology.

2023-05-11 10:30:24,711 nsop_BigObject_NTUST_Data_4018.xlsx
2023-05-11 10:30:24,852 Model is running...
2023-05-11 10:30:26,732 result:4017:Execution succeed

2023-05-11 10:30:26,732 result:4017:Execution failed:Incorrect input data

2023-05-11 10:38:05,961 This program is a property of National Taiwan University of Science and Technology.

2023-05-11 10:38:05,961 nsop_BigObject_NTUST_Data_4018.xlsx
2023-05-11 10:38:06,110 Model is running...
2023-05-11 10:38:08,142 result:4017:Execution succeed

2023-05-11 10:38:08,142 result:4017:Execution failed:Incorrect input data

2023-05-11 10:46:18,851 This program is a property of National Taiwan University of Science and Technology.

2023-05-11 10:46:18,851 nsop_BigObject_NTUST_Data_4018.xlsx
2023-05-11 10:46:18,990 Model is running...
2023-05-11 10:48:42,077 This program is a property of National Taiwan University of Science and Technology.

2023-05-11 10:48:42,081 nsop_BigObject_NTUST_Data_4018.xlsx
2023-05-11 10:48:42,233 Model is running...
2023-05-11 10:48:44,112 result:4017:Execution succeed

2023-05-11 10:48:44,112 result:4017:Execution failed:Incorrect input data

2023-05-11 10:54:33,030 This program is a property of National Taiwan University of Science and Technology.

2023-05-11 10:54:33,030 nsop_BigObject_NTUST_Data_4018.xlsx
2023-05-11 10:54:33,110 Model is running...
2023-05-11 10:54:35,081 result:4017:Execution succeed

2023-05-11 10:54:35,087 result:4017:Execution failed:Incorrect input data

2023-05-11 12:23:45,245 This program is a property of National Taiwan University of Science and Technology.

2023-05-11 12:23:45,253 nsop_BigObject_NTUST_Data_4018.xlsx
2023-05-11 12:23:45,493 Model is running...
2023-05-11 12:23:45,858 result:4017:Execution succeed

2023-05-11 13:40:11,435 This program is a property of National Taiwan University of Science and Technology.

2023-05-11 13:40:11,439 nsop_BigObject_NTUST_Data_4018.xlsx
2023-05-11 13:40:11,524 Model is running...
2023-05-11 13:40:11,985 result:4017:Execution succeed

2023-05-11 13:41:28,663 This program is a property of National Taiwan University of Science and Technology.

2023-05-11 13:41:28,665 nsop_BigObject_NTUST_Data_4018.xlsx
2023-05-11 13:41:28,748 Model is running...
2023-05-11 13:41:29,137 result:4017:Execution succeed

2023-05-11 13:47:11,600 This program is a property of National Taiwan University of Science and Technology.

2023-05-11 13:47:11,600 nsop_BigObject_NTUST_Data_4018.xlsx
2023-05-11 13:47:11,689 Model is running...
2023-05-11 13:47:13,732 result:4017:Execution succeed

2023-05-11 13:47:13,732 result:4017:Execution failed:Incorrect input data

2023-05-11 13:47:21,540 This program is a property of National Taiwan University of Science and Technology.

2023-05-11 13:47:21,541 nsop_BigObject_NTUST_Data_4018.xlsx
2023-05-11 13:47:21,617 Model is running...
2023-05-11 13:47:23,673 result:4017:Execution succeed

2023-05-11 13:47:23,673 result:4017:Execution failed:Incorrect input data

2023-05-11 13:47:52,071 This program is a property of National Taiwan University of Science and Technology.

2023-05-11 13:47:52,072 nsop_BigObject_NTUST_Data_4018.xlsx
2023-05-11 13:47:52,145 Model is running...
2023-05-11 13:47:57,110 This program is a property of National Taiwan University of Science and Technology.

2023-05-11 13:47:57,110 nsop_BigObject_NTUST_Data_4018.xlsx
2023-05-11 13:47:57,273 Model is running...
2023-05-11 13:47:59,200 result:4017:Execution succeed

2023-05-11 13:47:59,200 result:4017:Execution failed:Incorrect input data

2023-05-11 13:48:16,651 This program is a property of National Taiwan University of Science and Technology.

2023-05-11 13:48:16,660 nsop_BigObject_NTUST_Data_4018.xlsx
2023-05-11 13:48:16,732 Model is running...
2023-05-11 13:48:18,682 result:4017:Execution succeed

2023-05-11 13:48:18,683 result:4017:Execution failed:Incorrect input data

2023-05-11 14:28:16,852 This program is a property of National Taiwan University of Science and Technology.

2023-05-11 14:28:16,853 nsop_BigObject_NTUST_Data_4018.xlsx
2023-05-11 14:28:16,925 Model is running...
2023-05-11 14:28:18,765 result:4017:Execution succeed

2023-05-11 14:28:18,766 result:4017:Execution failed:Incorrect input data

2023-05-11 16:39:26,158 This program is a property of National Taiwan University of Science and Technology.

2023-05-11 16:39:26,159 nsop_BigObject_NTUST_Data_4018.xlsx
2023-05-11 16:39:26,241 Model is running...
2023-05-11 16:41:05,635 This program is a property of National Taiwan University of Science and Technology.

2023-05-11 16:41:05,635 nsop_BigObject_NTUST_Data_4018.xlsx
2023-05-11 16:41:05,720 Model is running...
2023-05-11 16:42:00,707 This program is a property of National Taiwan University of Science and Technology.

2023-05-11 16:42:00,708 nsop_BigObject_NTUST_Data_4018.xlsx
2023-05-11 16:42:00,790 Model is running...
2023-05-11 16:42:02,758 result:4017:Execution succeed

2023-05-11 16:42:02,758 result:4017:Execution failed:Incorrect input data

2023-05-11 16:42:19,953 This program is a property of National Taiwan University of Science and Technology.

2023-05-11 16:42:19,953 nsop_BigObject_NTUST_Data_4018.xlsx
2023-05-11 16:42:20,031 Model is running...
2023-05-11 16:42:24,337 This program is a property of National Taiwan University of Science and Technology.

2023-05-11 16:42:24,337 nsop_BigObject_NTUST_Data_4018.xlsx
2023-05-11 16:42:24,415 Model is running...
2023-05-11 16:43:35,402 This program is a property of National Taiwan University of Science and Technology.

2023-05-11 16:43:35,403 nsop_BigObject_NTUST_Data_4018.xlsx
2023-05-11 16:43:35,490 Model is running...
2023-05-11 16:43:37,804 result:4017:Execution succeed

2023-05-11 16:43:37,804 result:4017:Execution failed:Incorrect input data

2023-05-11 16:43:42,370 This program is a property of National Taiwan University of Science and Technology.

2023-05-11 16:43:42,370 nsop_BigObject_NTUST_Data_4018.xlsx
2023-05-11 16:43:42,456 Model is running...
2023-05-11 16:43:44,337 result:4017:Execution succeed

2023-05-11 16:43:44,337 result:4017:Execution failed:Incorrect input data

2023-05-11 16:44:31,354 This program is a property of National Taiwan University of Science and Technology.

2023-05-11 16:44:31,354 nsop_BigObject_NTUST_Data_4018.xlsx
2023-05-11 16:44:31,433 Model is running...
2023-05-11 16:44:33,316 result:4017:Execution succeed

2023-05-11 16:44:33,316 result:4017:Execution failed:Incorrect input data

2023-05-11 16:44:50,986 This program is a property of National Taiwan University of Science and Technology.

2023-05-11 16:44:50,986 nsop_BigObject_NTUST_Data_4018.xlsx
2023-05-11 16:44:51,060 Model is running...
2023-05-11 16:44:53,026 result:4017:Execution succeed

2023-05-11 16:45:50,064 This program is a property of National Taiwan University of Science and Technology.

2023-05-11 16:45:50,065 nsop_BigObject_NTUST_Data_4018.xlsx
2023-05-11 16:45:50,150 Model is running...
2023-05-11 16:45:52,080 result:4017:Execution succeed

2023-05-11 16:46:47,785 This program is a property of National Taiwan University of Science and Technology.

2023-05-11 16:46:47,785 nsop_BigObject_NTUST_Data_4018.xlsx
2023-05-11 16:46:47,861 Model is running...
2023-05-11 16:46:49,685 result:4017:Execution succeed

2023-05-11 16:50:17,711 This program is a property of National Taiwan University of Science and Technology.

2023-05-11 16:50:17,712 nsop_BigObject_NTUST_Data_4018.xlsx
2023-05-11 16:50:17,793 Model is running...
2023-05-11 16:50:19,690 result:4017:Execution failed:Incorrect input data

2023-05-11 16:56:27,759 This program is a property of National Taiwan University of Science and Technology.

2023-05-11 16:56:27,760 nsop_BigObject_NTUST_Data_4018.xlsx
2023-05-11 16:56:27,843 Model is running...
2023-05-11 16:56:29,910 result:4017:Execution succeed

2023-05-11 16:57:12,624 This program is a property of National Taiwan University of Science and Technology.

2023-05-11 16:57:12,624 nsop_BigObject_NTUST_Data_4018.xlsx
2023-05-11 16:57:12,703 Model is running...
2023-05-11 16:57:14,580 result:4017:Execution failed:Incorrect input data

2023-05-11 16:57:33,737 This program is a property of National Taiwan University of Science and Technology.

2023-05-11 16:57:33,737 nsop_BigObject_NTUST_Data_4018.xlsx
2023-05-11 16:57:33,811 Model is running...
2023-05-11 16:57:35,954 result:4017:Execution succeed

2023-05-11 16:58:58,022 This program is a property of National Taiwan University of Science and Technology.

2023-05-11 16:58:58,022 nsop_BigObject_NTUST_Data_4018.xlsx
2023-05-11 16:58:58,105 Model is running...
2023-05-11 16:58:59,889 result:4017:Execution failed:Incorrect input data

2023-05-11 17:01:25,240 This program is a property of National Taiwan University of Science and Technology.

2023-05-11 17:01:25,241 nsop_BigObject_NTUST_Data_4018.xlsx
2023-05-11 17:01:25,316 Model is running...
2023-05-11 17:01:27,167 result:4017:Execution succeed

2023-05-11 17:04:00,991 This program is a property of National Taiwan University of Science and Technology.

2023-05-11 17:04:00,991 nsop_BigObject_NTUST_Data_4018.xlsx
2023-05-11 17:04:01,062 Model is running...
2023-05-11 17:04:02,845 result:4017:Execution failed:Incorrect input data

2023-05-11 17:04:07,481 This program is a property of National Taiwan University of Science and Technology.

2023-05-11 17:04:07,481 nsop_BigObject_NTUST_Data_4018.xlsx
2023-05-11 17:04:07,562 Model is running...
2023-05-11 17:04:09,330 result:4017:Execution failed:Incorrect input data

2023-05-11 17:08:51,400 This program is a property of National Taiwan University of Science and Technology.

2023-05-11 17:08:51,400 nsop_BigObject_NTUST_Data_4018.xlsx
2023-05-11 17:08:51,471 Model is running...
2023-05-11 17:08:53,340 result:4017:Execution failed:Incorrect input data

2023-05-11 17:08:57,129 This program is a property of National Taiwan University of Science and Technology.

2023-05-11 17:08:57,130 nsop_BigObject_NTUST_Data_4018.xlsx
2023-05-11 17:08:57,202 Model is running...
2023-05-11 17:08:59,019 result:4017:Execution failed:Incorrect input data

2023-05-11 17:13:03,541 This program is a property of National Taiwan University of Science and Technology.

2023-05-11 17:13:03,541 nsop_BigObject_NTUST_Data_4018.xlsx
2023-05-11 17:13:03,730 Model is running...
2023-05-11 17:13:05,900 result:4017:Execution failed:Incorrect input data

2023-05-11 17:14:10,507 This program is a property of National Taiwan University of Science and Technology.

2023-05-11 17:14:10,507 nsop_BigObject_NTUST_Data_4018.xlsx
2023-05-11 17:14:10,582 Model is running...
2023-05-11 17:14:12,574 result:4017:Execution failed:Incorrect input data

2023-05-11 17:14:41,801 This program is a property of National Taiwan University of Science and Technology.

2023-05-11 17:14:41,801 nsop_BigObject_NTUST_Data_4018.xlsx
2023-05-11 17:14:41,889 Model is running...
2023-05-11 17:14:43,806 result:4017:Execution failed:Incorrect input data

2023-05-11 17:14:47,375 This program is a property of National Taiwan University of Science and Technology.

2023-05-11 17:14:47,375 nsop_BigObject_NTUST_Data_4018.xlsx
2023-05-11 17:14:47,450 Model is running...
2023-05-11 17:14:49,192 result:4017:Execution failed:Incorrect input data

2023-05-11 17:14:51,030 This program is a property of National Taiwan University of Science and Technology.

2023-05-11 17:14:51,030 nsop_BigObject_NTUST_Data_4018.xlsx
2023-05-11 17:14:51,100 Model is running...
2023-05-11 17:14:52,850 result:4017:Execution failed:Incorrect input data

2023-05-11 17:15:04,460 This program is a property of National Taiwan University of Science and Technology.

2023-05-11 17:15:04,461 nsop_BigObject_NTUST_Data_4018.xlsx
2023-05-11 17:15:04,533 Model is running...
2023-05-11 17:15:06,271 result:4017:Execution failed:Incorrect input data

2023-05-11 17:15:11,542 This program is a property of National Taiwan University of Science and Technology.

2023-05-11 17:15:11,542 nsop_BigObject_NTUST_Data_4018.xlsx
2023-05-11 17:15:11,618 Model is running...
2023-05-11 17:15:13,401 result:4017:Execution failed:Incorrect input data

2023-05-11 17:15:33,301 This program is a property of National Taiwan University of Science and Technology.

2023-05-11 17:15:33,301 nsop_BigObject_NTUST_Data_4018.xlsx
2023-05-11 17:15:33,384 Model is running...
2023-05-11 17:15:35,230 result:4017:Execution failed:Incorrect input data

2023-05-11 17:16:10,911 This program is a property of National Taiwan University of Science and Technology.

2023-05-11 17:16:10,911 nsop_BigObject_NTUST_Data_4018.xlsx
2023-05-11 17:16:10,993 Model is running...
2023-05-11 17:16:12,893 result:4017:Execution failed:Incorrect input data

2023-05-11 17:16:41,061 This program is a property of National Taiwan University of Science and Technology.

2023-05-11 17:16:41,061 nsop_BigObject_NTUST_Data_4018.xlsx
2023-05-11 17:16:41,220 Model is running...
2023-05-11 17:16:42,990 result:4017:Execution succeed

2023-05-11 17:18:38,014 This program is a property of National Taiwan University of Science and Technology.

2023-05-11 17:18:38,014 nsop_BigObject_NTUST_Data_4018.xlsx
2023-05-11 17:18:38,096 Model is running...
2023-05-11 17:18:40,055 result:4017:Execution failed:Incorrect input data

2023-05-11 17:23:15,350 This program is a property of National Taiwan University of Science and Technology.

2023-05-11 17:23:15,350 nsop_BigObject_NTUST_Data_4018.xlsx
2023-05-11 17:23:15,421 Model is running...
2023-05-11 17:23:17,219 result:4017:Execution failed:Incorrect input data

2023-05-11 17:24:22,620 This program is a property of National Taiwan University of Science and Technology.

2023-05-11 17:24:22,620 nsop_BigObject_NTUST_Data_4018.xlsx
2023-05-11 17:24:22,704 Model is running...
2023-05-11 17:24:24,617 result:4017:Execution failed:Incorrect input data

2023-05-11 17:24:39,110 This program is a property of National Taiwan University of Science and Technology.

2023-05-11 17:24:39,110 nsop_BigObject_NTUST_Data_4018.xlsx
2023-05-11 17:24:39,196 Model is running...
2023-05-11 17:24:41,023 result:4017:Execution succeed

2023-05-11 17:27:47,009 This program is a property of National Taiwan University of Science and Technology.

2023-05-11 17:27:47,009 nsop_BigObject_NTUST_Data_4018.xlsx
2023-05-11 17:27:47,086 Model is running...
2023-05-11 17:27:49,078 result:4017:Execution failed:Incorrect input data

2023-05-11 17:27:56,530 This program is a property of National Taiwan University of Science and Technology.

2023-05-11 17:27:56,530 nsop_BigObject_NTUST_Data_4018.xlsx
2023-05-11 17:27:56,610 Model is running...
2023-05-11 17:27:58,501 result:4017:Execution succeed

2023-05-11 17:30:14,040 This program is a property of National Taiwan University of Science and Technology.

2023-05-11 17:30:14,040 nsop_BigObject_NTUST_Data_4018.xlsx
2023-05-11 17:30:14,120 Model is running...
2023-05-11 17:30:21,033 result:4017:Execution failed:Incorrect input data

2023-05-11 17:30:25,045 This program is a property of National Taiwan University of Science and Technology.

2023-05-11 17:30:25,046 nsop_BigObject_NTUST_Data_4018.xlsx
2023-05-11 17:30:25,119 Model is running...
2023-05-11 17:30:31,870 result:4017:Execution failed:Incorrect input data

2023-05-11 17:30:36,508 This program is a property of National Taiwan University of Science and Technology.

2023-05-11 17:30:36,508 nsop_BigObject_NTUST_Data_4018.xlsx
2023-05-11 17:30:36,592 Model is running...
2023-05-11 17:30:43,445 result:4017:Execution succeed

2023-05-11 17:37:25,500 This program is a property of National Taiwan University of Science and Technology.

2023-05-11 17:37:25,500 nsop_BigObject_NTUST_Data_4018.xlsx
2023-05-11 17:37:25,586 Model is running...
2023-05-11 17:37:27,512 result:4017:Execution succeed

2023-05-11 17:37:43,525 This program is a property of National Taiwan University of Science and Technology.

2023-05-11 17:37:43,526 nsop_BigObject_NTUST_Data_4018.xlsx
2023-05-11 17:37:43,612 Model is running...
2023-05-11 17:37:45,616 result:4017:Execution failed:Incorrect input data

2023-05-11 17:37:47,999 This program is a property of National Taiwan University of Science and Technology.

2023-05-11 17:37:48,000 nsop_BigObject_NTUST_Data_4018.xlsx
2023-05-11 17:37:48,072 Model is running...
2023-05-11 17:37:49,884 result:4017:Execution succeed

2023-05-11 17:38:56,821 This program is a property of National Taiwan University of Science and Technology.

2023-05-11 17:38:56,821 nsop_BigObject_NTUST_Data_4018.xlsx
2023-05-11 17:38:56,904 Model is running...
2023-05-11 17:38:58,804 result:4017:Execution succeed

2023-05-11 17:40:33,166 This program is a property of National Taiwan University of Science and Technology.

2023-05-11 17:40:33,166 nsop_BigObject_NTUST_Data_4018.xlsx
2023-05-11 17:40:33,244 Model is running...
2023-05-11 17:40:35,128 result:4017:Execution failed:Incorrect input data

2023-05-11 17:40:41,038 This program is a property of National Taiwan University of Science and Technology.

2023-05-11 17:40:41,038 nsop_BigObject_NTUST_Data_4018.xlsx
2023-05-11 17:40:41,111 Model is running...
2023-05-11 17:40:42,907 result:4017:Execution succeed

2023-05-11 18:43:01,025 This program is a property of National Taiwan University of Science and Technology.

2023-05-11 18:43:01,025 nsop_BigObject_NTUST_Data_4018(100,3,2).xlsx
2023-05-11 18:43:01,129 result:4017:Execution failed:Current_Product are not same as Demand_Product

2023-05-11 18:43:01,129 nsop_BigObject_NTUST_Data_4018(20,3,2).xlsx
2023-05-11 18:43:01,209 result:4017:Execution failed:Current_Product are not same as Demand_Product

2023-05-11 18:43:01,209 nsop_BigObject_NTUST_Data_4018(30,3,2).xlsx
2023-05-11 18:43:01,297 result:4017:Execution failed:Current_Product are not same as Demand_Product

2023-05-11 18:43:01,297 nsop_BigObject_NTUST_Data_4018(50,3,2).xlsx
2023-05-11 18:43:01,477 result:4017:Execution failed:Current_Product are not same as Demand_Product

2023-05-11 18:43:01,477 nsop_BigObject_NTUST_Data_4018.xlsx
2023-05-11 18:43:01,546 Model is running...
2023-05-11 18:43:01,689 result:4017:Execution failed:Incorrect input data

2023-05-11 18:43:08,975 This program is a property of National Taiwan University of Science and Technology.

2023-05-11 18:43:08,975 nsop_BigObject_NTUST_Data_4018(100,3,2).xlsx
2023-05-11 18:43:09,087 result:4017:Execution failed:Current_Product are not same as Demand_Product

2023-05-11 18:43:09,087 nsop_BigObject_NTUST_Data_4018(20,3,2).xlsx
2023-05-11 18:43:09,167 result:4017:Execution failed:Current_Product are not same as Demand_Product

2023-05-11 18:43:09,167 nsop_BigObject_NTUST_Data_4018(30,3,2).xlsx
2023-05-11 18:43:09,343 result:4017:Execution failed:Current_Product are not same as Demand_Product

2023-05-11 18:43:09,343 nsop_BigObject_NTUST_Data_4018(50,3,2).xlsx
2023-05-11 18:43:09,431 result:4017:Execution failed:Current_Product are not same as Demand_Product

2023-05-11 18:43:09,431 nsop_BigObject_NTUST_Data_4018.xlsx
2023-05-11 18:43:09,503 Model is running...
2023-05-11 18:43:09,647 result:4017:Execution failed:Incorrect input data

2023-05-11 18:44:01,677 This program is a property of National Taiwan University of Science and Technology.

2023-05-11 18:44:01,677 nsop_BigObject_NTUST_Data_4018(100,3,2).xlsx
2023-05-11 18:44:01,798 result:4017:Execution failed:CargoLanes are not sufficient

2023-05-11 18:44:01,798 nsop_BigObject_NTUST_Data_4018(20,3,2).xlsx
2023-05-11 18:44:01,974 result:4017:Execution failed:CargoLanes are not sufficient

2023-05-11 18:44:01,974 nsop_BigObject_NTUST_Data_4018(30,3,2).xlsx
2023-05-11 18:44:02,070 result:4017:Execution failed:CargoLanes are not sufficient

2023-05-11 18:44:02,070 nsop_BigObject_NTUST_Data_4018(50,3,2).xlsx
2023-05-11 18:44:02,166 result:4017:Execution failed:CargoLanes are not sufficient

2023-05-11 18:44:02,166 nsop_BigObject_NTUST_Data_4018.xlsx
2023-05-11 18:44:02,258 result:4017:Execution failed:Current_Product are not same as Demand_Product

2023-05-11 18:45:25,954 This program is a property of National Taiwan University of Science and Technology.

2023-05-11 18:45:25,954 nsop_BigObject_NTUST_Data_4018(100,3,2).xlsx
2023-05-11 18:45:26,050 result:4017:Execution failed:CargoLanes are not sufficient(II)

2023-05-11 18:45:26,050 nsop_BigObject_NTUST_Data_4018(20,3,2).xlsx
2023-05-11 18:45:26,211 result:4017:Execution failed:CargoLanes are not sufficient

2023-05-11 18:45:26,211 nsop_BigObject_NTUST_Data_4018(30,3,2).xlsx
2023-05-11 18:45:26,307 result:4017:Execution failed:CargoLanes are not sufficient

2023-05-11 18:45:26,307 nsop_BigObject_NTUST_Data_4018(50,3,2).xlsx
2023-05-11 18:45:26,403 result:4017:Execution failed:CargoLanes are not sufficient

2023-05-11 18:45:26,403 nsop_BigObject_NTUST_Data_4018.xlsx
2023-05-11 18:45:26,483 result:4017:Execution failed:Current_Product are not same as Demand_Product

2023-05-11 18:45:26,483 ~$nsop_BigObject_NTUST_Data_4018(50,3,2).xlsx
2023-05-11 18:45:26,483 result:4017:Execution failed:Incorrect input data

2023-05-11 18:45:54,226 This program is a property of National Taiwan University of Science and Technology.

2023-05-11 18:45:54,226 nsop_BigObject_NTUST_Data_4018(100,3,2).xlsx
2023-05-11 18:45:54,338 result:4017:Execution failed:Current_Product are not same as Demand_Product

2023-05-11 18:45:54,338 result:4017:Execution failed:CargoLanes are not sufficient

2023-05-11 18:45:54,338 result:4017:Execution failed:CargoLanes are not sufficient(II)

2023-05-11 18:45:54,338 Model is running...
2023-05-11 18:45:54,354 result:4017:Execution failed:Incorrect input data

2023-05-11 18:45:54,354 nsop_BigObject_NTUST_Data_4018(20,3,2).xlsx
2023-05-11 18:45:54,434 result:4017:Execution failed:Current_Product are not same as Demand_Product

2023-05-11 18:45:54,434 result:4017:Execution failed:CargoLanes are not sufficient

2023-05-11 18:45:54,434 result:4017:Execution failed:CargoLanes are not sufficient(II)

2023-05-11 18:45:54,434 Model is running...
2023-05-11 18:45:54,450 result:4017:Execution failed:Incorrect input data

2023-05-11 18:45:54,450 nsop_BigObject_NTUST_Data_4018(30,3,2).xlsx
2023-05-11 18:45:54,634 result:4017:Execution failed:Current_Product are not same as Demand_Product

2023-05-11 18:45:54,634 result:4017:Execution failed:CargoLanes are not sufficient

2023-05-11 18:45:54,634 result:4017:Execution failed:CargoLanes are not sufficient(II)

2023-05-11 18:45:54,634 Model is running...
2023-05-11 18:45:54,642 result:4017:Execution failed:Incorrect input data

2023-05-11 18:45:54,642 nsop_BigObject_NTUST_Data_4018(50,3,2).xlsx
2023-05-11 18:45:54,746 result:4017:Execution failed:Current_Product are not same as Demand_Product

2023-05-11 18:45:54,746 result:4017:Execution failed:CargoLanes are not sufficient

2023-05-11 18:45:54,746 result:4017:Execution failed:CargoLanes are not sufficient(II)

2023-05-11 18:45:54,746 Model is running...
2023-05-11 18:45:54,756 result:4017:Execution failed:Incorrect input data

2023-05-11 18:45:54,762 nsop_BigObject_NTUST_Data_4018.xlsx
2023-05-11 18:45:54,842 Model is running...
2023-05-11 18:45:54,994 result:4017:Execution failed:Incorrect input data

2023-05-11 18:45:54,994 ~$nsop_BigObject_NTUST_Data_4018(50,3,2).xlsx
2023-05-11 18:45:55,002 result:4017:Execution failed:Incorrect input data

2023-05-11 18:46:12,805 This program is a property of National Taiwan University of Science and Technology.

2023-05-11 18:46:12,805 nsop_BigObject_NTUST_Data_4018(100,3,2).xlsx
2023-05-11 18:46:12,917 Model is running...
2023-05-11 18:46:12,933 result:4017:Execution failed:Incorrect input data

2023-05-11 18:46:12,933 nsop_BigObject_NTUST_Data_4018(20,3,2).xlsx
2023-05-11 18:46:13,094 Model is running...
2023-05-11 18:46:13,102 result:4017:Execution failed:Incorrect input data

2023-05-11 18:46:13,102 nsop_BigObject_NTUST_Data_4018(30,3,2).xlsx
2023-05-11 18:46:13,198 Model is running...
2023-05-11 18:46:13,206 result:4017:Execution failed:Incorrect input data

2023-05-11 18:46:13,206 nsop_BigObject_NTUST_Data_4018(50,3,2).xlsx
2023-05-11 18:46:13,310 Model is running...
2023-05-11 18:46:13,326 result:4017:Execution failed:Incorrect input data

2023-05-11 18:46:13,326 nsop_BigObject_NTUST_Data_4018.xlsx
2023-05-11 18:46:13,406 Model is running...
2023-05-11 18:46:13,550 result:4017:Execution failed:Incorrect input data

2023-05-11 18:46:13,550 ~$nsop_BigObject_NTUST_Data_4018(50,3,2).xlsx
2023-05-11 18:46:13,550 result:4017:Execution failed:Incorrect input data

2023-05-11 18:52:27,245 This program is a property of National Taiwan University of Science and Technology.

2023-05-11 18:52:27,245 nsop_BigObject_NTUST_Data_4018(100,3,2).xlsx
2023-05-11 18:52:27,349 Model is running...
2023-05-11 18:52:27,365 result:4017:Execution failed:Incorrect input data

2023-05-11 18:52:27,365 nsop_BigObject_NTUST_Data_4018(20,3,2).xlsx
2023-05-11 18:52:27,525 Model is running...
2023-05-11 18:52:27,533 result:4017:Execution failed:Incorrect input data

2023-05-11 18:52:27,533 nsop_BigObject_NTUST_Data_4018(30,3,2).xlsx
2023-05-11 18:52:27,637 Model is running...
2023-05-11 18:52:27,655 result:4017:Execution failed:Incorrect input data

2023-05-11 18:52:27,655 nsop_BigObject_NTUST_Data_4018(50,3,2).xlsx
2023-05-11 18:52:27,757 Model is running...
2023-05-11 18:52:27,773 result:4017:Execution failed:Incorrect input data

2023-05-11 18:52:27,773 nsop_BigObject_NTUST_Data_4018.xlsx
2023-05-11 18:52:27,858 Model is running...
2023-05-11 18:52:28,020 result:4017:Execution failed:Incorrect input data

2023-05-11 18:52:28,020 ~$nsop_BigObject_NTUST_Data_4018(50,3,2).xlsx
2023-05-11 18:52:28,021 result:4017:Execution failed:Incorrect input data

2023-05-11 18:53:39,338 This program is a property of National Taiwan University of Science and Technology.

2023-05-11 18:53:39,338 nsop_BigObject_NTUST_Data_4018(100,3,2).xlsx
2023-05-11 18:53:39,514 Model is running...
2023-05-11 18:53:39,530 result:4017:Execution failed:Incorrect input data

2023-05-11 18:53:39,530 nsop_BigObject_NTUST_Data_4018(20,3,2).xlsx
2023-05-11 18:53:39,610 Model is running...
2023-05-11 18:53:39,618 result:4017:Execution failed:Incorrect input data

2023-05-11 18:53:39,618 nsop_BigObject_NTUST_Data_4018(30,3,2).xlsx
2023-05-11 18:53:39,698 Model is running...
2023-05-11 18:53:39,706 result:4017:Execution failed:Incorrect input data

2023-05-11 18:53:39,706 nsop_BigObject_NTUST_Data_4018(50,3,2).xlsx
2023-05-11 18:53:39,803 Model is running...
2023-05-11 18:53:39,811 result:4017:Execution failed:Incorrect input data

2023-05-11 18:53:39,811 nsop_BigObject_NTUST_Data_4018.xlsx
2023-05-11 18:53:39,883 Model is running...
2023-05-11 18:53:40,027 result:4017:Execution failed:Incorrect input data

2023-05-11 18:53:40,027 ~$nsop_BigObject_NTUST_Data_4018(50,3,2).xlsx
2023-05-11 18:53:40,027 result:4017:Execution failed:Incorrect input data

2023-05-11 18:53:42,787 This program is a property of National Taiwan University of Science and Technology.

2023-05-11 18:53:42,787 nsop_BigObject_NTUST_Data_4018(100,3,2).xlsx
2023-05-11 18:53:42,875 Model is running...
2023-05-11 18:53:42,891 result:4017:Execution failed:Incorrect input data

2023-05-11 18:53:42,891 nsop_BigObject_NTUST_Data_4018(20,3,2).xlsx
2023-05-11 18:53:43,051 Model is running...
2023-05-11 18:53:43,062 result:4017:Execution failed:Incorrect input data

2023-05-11 18:53:43,063 nsop_BigObject_NTUST_Data_4018(30,3,2).xlsx
2023-05-11 18:53:43,146 Model is running...
2023-05-11 18:53:43,157 result:4017:Execution failed:Incorrect input data

2023-05-11 18:53:43,157 nsop_BigObject_NTUST_Data_4018(50,3,2).xlsx
2023-05-11 18:53:43,247 Model is running...
2023-05-11 18:53:43,258 result:4017:Execution failed:Incorrect input data

2023-05-11 18:53:43,258 nsop_BigObject_NTUST_Data_4018.xlsx
2023-05-11 18:53:43,326 Model is running...
2023-05-11 18:53:43,470 result:4017:Execution failed:Incorrect input data

2023-05-11 18:53:43,470 ~$nsop_BigObject_NTUST_Data_4018(50,3,2).xlsx
2023-05-11 18:53:43,470 result:4017:Execution failed:Incorrect input data

2023-05-11 18:55:46,702 This program is a property of National Taiwan University of Science and Technology.

2023-05-11 18:55:46,702 nsop_BigObject_NTUST_Data_4018(100,3,2).xlsx
2023-05-11 18:55:46,799 result:4017:Execution failed:Incorrect input data

2023-05-11 18:55:46,799 nsop_BigObject_NTUST_Data_4018(20,3,2).xlsx
2023-05-11 18:55:46,879 result:4017:Execution failed:Incorrect input data

2023-05-11 18:55:46,879 nsop_BigObject_NTUST_Data_4018(30,3,2).xlsx
2023-05-11 18:55:46,967 result:4017:Execution failed:Incorrect input data

2023-05-11 18:55:46,967 nsop_BigObject_NTUST_Data_4018(50,3,2).xlsx
2023-05-11 18:55:47,055 result:4017:Execution failed:Incorrect input data

2023-05-11 18:55:47,055 nsop_BigObject_NTUST_Data_4018.xlsx
2023-05-11 18:55:47,127 Model is running...
2023-05-11 18:55:47,263 result:4017:Execution failed:Incorrect input data

2023-05-11 18:55:47,271 ~$nsop_BigObject_NTUST_Data_4018(50,3,2).xlsx
2023-05-11 18:55:47,271 result:4017:Execution failed:Incorrect input data

2023-05-11 18:55:48,682 This program is a property of National Taiwan University of Science and Technology.

2023-05-11 18:55:48,682 nsop_BigObject_NTUST_Data_4018(100,3,2).xlsx
2023-05-11 18:55:48,780 Model is running...
2023-05-11 18:55:48,786 result:4017:Execution failed:Incorrect input data

2023-05-11 18:55:48,786 nsop_BigObject_NTUST_Data_4018(20,3,2).xlsx
2023-05-11 18:55:48,868 Model is running...
2023-05-11 18:55:48,875 result:4017:Execution failed:Incorrect input data

2023-05-11 18:55:48,875 nsop_BigObject_NTUST_Data_4018(30,3,2).xlsx
2023-05-11 18:55:48,955 Model is running...
2023-05-11 18:55:48,971 result:4017:Execution failed:Incorrect input data

2023-05-11 18:55:48,971 nsop_BigObject_NTUST_Data_4018(50,3,2).xlsx
2023-05-11 18:55:49,059 Model is running...
2023-05-11 18:55:49,067 result:4017:Execution failed:Incorrect input data

2023-05-11 18:55:49,067 nsop_BigObject_NTUST_Data_4018.xlsx
2023-05-11 18:55:49,147 Model is running...
2023-05-11 18:55:49,283 result:4017:Execution failed:Incorrect input data

2023-05-11 18:55:49,283 ~$nsop_BigObject_NTUST_Data_4018(50,3,2).xlsx
2023-05-11 18:55:49,283 result:4017:Execution failed:Incorrect input data

2023-05-11 19:10:04,886 This program is a property of National Taiwan University of Science and Technology.

2023-05-11 19:10:04,886 nsop_BigObject_NTUST_Data_4018(100,3,2).xlsx
2023-05-11 19:10:05,014 Model is running...
2023-05-11 19:12:18,873 This program is a property of National Taiwan University of Science and Technology.

2023-05-11 19:12:18,873 nsop_BigObject_NTUST_Data_4018(100,3,2).xlsx
2023-05-11 19:12:18,977 Model is running...
2023-05-11 19:23:23,204 This program is a property of National Taiwan University of Science and Technology.

2023-05-11 19:23:23,204 nsop_BigObject_NTUST_Data_4018(20,3,2).xlsx
2023-05-11 19:23:23,284 Model is running...
2023-05-11 19:25:20,930 This program is a property of National Taiwan University of Science and Technology.

2023-05-11 19:25:20,930 nsop_BigObject_NTUST_Data_4018(20,3,2).xlsx
2023-05-11 19:25:21,005 result:4017:Execution failed:Current_Product are not same as Demand_Product

2023-05-11 19:25:21,005 nsop_BigObject_NTUST_Data_4018(30,3,2).xlsx
2023-05-11 19:25:21,169 result:4017:Execution failed:Current_Product are not same as Demand_Product

2023-05-11 19:25:21,177 nsop_BigObject_NTUST_Data_4018(50,3,2).xlsx
2023-05-11 19:25:21,266 result:4017:Execution failed:Current_Product are not same as Demand_Product

2023-05-11 19:25:21,266 nsop_BigObject_NTUST_Data_4018.xlsx
2023-05-11 19:25:21,338 Model is running...
2023-05-11 19:25:23,068 result:4017:Execution succeed

2023-05-11 19:25:23,068 result:4017:Execution failed:Incorrect input data

2023-05-11 19:29:20,629 This program is a property of National Taiwan University of Science and Technology.

2023-05-11 19:29:20,629 nsop_BigObject_NTUST_Data_4018(20,3,2).xlsx
2023-05-11 19:29:20,714 Model is running...
2023-05-11 19:29:25,019 This program is a property of National Taiwan University of Science and Technology.

2023-05-11 19:29:25,019 nsop_BigObject_NTUST_Data_4018(20,3,2).xlsx
2023-05-11 19:29:25,100 result:4017:Execution failed:Current_Product are not same as Demand_Product

2023-05-11 19:29:25,100 nsop_BigObject_NTUST_Data_4018(30,3,2).xlsx
2023-05-11 19:29:25,188 result:4017:Execution failed:Current_Product are not same as Demand_Product

2023-05-11 19:29:25,188 nsop_BigObject_NTUST_Data_4018(50,3,2).xlsx
2023-05-11 19:29:25,356 result:4017:Execution failed:Current_Product are not same as Demand_Product

2023-05-11 19:29:25,356 nsop_BigObject_NTUST_Data_4018.xlsx
2023-05-11 19:29:25,460 result:4017:Execution failed:Current_Product are not same as Demand_Product

2023-05-11 19:29:25,460 ~$nsop_BigObject_NTUST_Data_4018.xlsx
2023-05-11 19:29:29,932 This program is a property of National Taiwan University of Science and Technology.

2023-05-11 19:29:29,932 nsop_BigObject_NTUST_Data_4018(20,3,2).xlsx
2023-05-11 19:29:30,020 result:4017:Execution failed:Current_Product are not same as Demand_Product

2023-05-11 19:29:30,020 nsop_BigObject_NTUST_Data_4018(30,3,2).xlsx
2023-05-11 19:29:30,116 result:4017:Execution failed:Current_Product are not same as Demand_Product

2023-05-11 19:29:30,116 nsop_BigObject_NTUST_Data_4018(50,3,2).xlsx
2023-05-11 19:29:30,212 result:4017:Execution failed:Current_Product are not same as Demand_Product

2023-05-11 19:29:30,212 nsop_BigObject_NTUST_Data_4018.xlsx
2023-05-11 19:29:30,397 result:4017:Execution failed:Current_Product are not same as Demand_Product

2023-05-11 19:30:29,909 This program is a property of National Taiwan University of Science and Technology.

2023-05-11 19:30:29,909 nsop_BigObject_NTUST_Data_4018(20,3,2).xlsx
2023-05-11 19:30:29,997 result:4017:Execution failed:Current_Product are not same as Demand_Product

2023-05-11 19:30:29,997 nsop_BigObject_NTUST_Data_4018(30,3,2).xlsx
2023-05-11 19:30:30,085 result:4017:Execution failed:Current_Product are not same as Demand_Product

2023-05-11 19:30:30,085 nsop_BigObject_NTUST_Data_4018(50,3,2).xlsx
2023-05-11 19:30:30,182 result:4017:Execution failed:Current_Product are not same as Demand_Product

2023-05-11 19:30:30,182 nsop_BigObject_NTUST_Data_4018.xlsx
2023-05-11 19:30:30,334 result:4017:Execution failed:Current_Product are not same as Demand_Product

2023-05-11 19:31:50,046 This program is a property of National Taiwan University of Science and Technology.

2023-05-11 19:31:50,046 nsop_BigObject_NTUST_Data_4018(20,3,2).xlsx
2023-05-11 19:31:50,142 result:4017:Execution failed:Current_Product are not same as Demand_Product

2023-05-11 19:31:50,142 nsop_BigObject_NTUST_Data_4018(30,3,2).xlsx
2023-05-11 19:31:50,262 result:4017:Execution failed:Current_Product are not same as Demand_Product

2023-05-11 19:31:50,262 nsop_BigObject_NTUST_Data_4018(50,3,2).xlsx
2023-05-11 19:31:50,350 result:4017:Execution failed:Current_Product are not same as Demand_Product

2023-05-11 19:31:50,350 nsop_BigObject_NTUST_Data_4018.xlsx
2023-05-11 19:31:50,430 result:4017:Execution failed:Current_Product are not same as Demand_Product

2023-05-11 19:32:04,169 This program is a property of National Taiwan University of Science and Technology.

2023-05-11 19:32:04,169 nsop_BigObject_NTUST_Data_4018(20,3,2).xlsx
2023-05-11 19:32:04,249 result:4017:Execution failed:Current_Product are not same as Demand_Product

2023-05-11 19:32:04,249 nsop_BigObject_NTUST_Data_4018(30,3,2).xlsx
2023-05-11 19:32:04,337 result:4017:Execution failed:Current_Product are not same as Demand_Product

2023-05-11 19:32:04,337 nsop_BigObject_NTUST_Data_4018(50,3,2).xlsx
2023-05-11 19:32:04,513 result:4017:Execution failed:Current_Product are not same as Demand_Product

2023-05-11 19:32:04,513 nsop_BigObject_NTUST_Data_4018.xlsx
2023-05-11 19:32:04,585 Model is running...
2023-05-11 19:32:06,387 result:4017:Execution succeed

2023-05-11 19:32:06,387 result:4017:Execution failed:Incorrect input data

2023-05-11 19:32:55,528 This program is a property of National Taiwan University of Science and Technology.

2023-05-11 19:32:55,528 nsop_BigObject_NTUST_Data_4018(20,3,2).xlsx
2023-05-11 19:32:55,616 Model is running...
2023-05-11 19:33:03,904 This program is a property of National Taiwan University of Science and Technology.

2023-05-11 19:33:03,904 nsop_BigObject_NTUST_Data_4018(20,3,2).xlsx
2023-05-11 19:33:03,976 result:4017:Execution failed:Current_Product are not same as Demand_Product

2023-05-11 19:33:03,984 nsop_BigObject_NTUST_Data_4018(30,3,2).xlsx
2023-05-11 19:33:04,067 result:4017:Execution failed:Current_Product are not same as Demand_Product

2023-05-11 19:33:04,067 nsop_BigObject_NTUST_Data_4018(50,3,2).xlsx
2023-05-11 19:33:04,250 result:4017:Execution failed:Current_Product are not same as Demand_Product

2023-05-11 19:33:04,250 nsop_BigObject_NTUST_Data_4018.xlsx
2023-05-11 19:33:04,339 result:4017:Execution failed:Current_Product are not same as Demand_Product

2023-05-11 19:34:08,432 This program is a property of National Taiwan University of Science and Technology.

2023-05-11 19:34:08,432 nsop_BigObject_NTUST_Data_4018(20,3,2).xlsx
2023-05-11 19:34:08,521 result:4017:Execution failed:Current_Product are not same as Demand_Product

2023-05-11 19:34:08,521 nsop_BigObject_NTUST_Data_4018(30,3,2).xlsx
2023-05-11 19:34:08,612 result:4017:Execution failed:Current_Product are not same as Demand_Product

2023-05-11 19:34:08,612 nsop_BigObject_NTUST_Data_4018(50,3,2).xlsx
2023-05-11 19:34:08,707 result:4017:Execution failed:Current_Product are not same as Demand_Product

2023-05-11 19:34:08,707 nsop_BigObject_NTUST_Data_4018.xlsx
2023-05-11 19:34:08,864 Model is running...
2023-05-11 19:34:10,655 result:4017:Execution succeed

2023-05-11 19:34:10,655 result:4017:Execution failed:Incorrect input data

2023-05-11 19:45:40,196 This program is a property of National Taiwan University of Science and Technology.

2023-05-11 19:45:40,196 nsop_BigObject_NTUST_Data_4018(20,3,2).xlsx
2023-05-11 19:45:40,300 Model is running...
2023-05-11 19:45:44,864 This program is a property of National Taiwan University of Science and Technology.

2023-05-11 19:45:44,864 nsop_BigObject_NTUST_Data_4018(20,3,2).xlsx
2023-05-11 19:45:44,944 Model is running...
2023-05-11 19:46:28,522 This program is a property of National Taiwan University of Science and Technology.

2023-05-11 19:46:28,522 nsop_BigObject_NTUST_Data_4018(20,3,2).xlsx
2023-05-11 19:46:28,602 Model is running...
2023-05-11 19:47:22,086 This program is a property of National Taiwan University of Science and Technology.

2023-05-11 19:47:22,086 nsop_BigObject_NTUST_Data_4018(20,3,2).xlsx
2023-05-11 19:47:22,174 Model is running...
2023-05-11 19:56:53,680 This program is a property of National Taiwan University of Science and Technology.

2023-05-11 19:56:53,680 nsop_BigObject_NTUST_Data_4018(20,3,2).xlsx
2023-05-11 19:56:53,769 Model is running...
2023-05-11 19:57:29,669 This program is a property of National Taiwan University of Science and Technology.

2023-05-11 19:57:29,669 nsop_BigObject_NTUST_Data_4018(20,3,2).xlsx
2023-05-11 19:57:29,757 Model is running...
2023-05-11 19:57:52,960 This program is a property of National Taiwan University of Science and Technology.

2023-05-11 19:57:52,960 nsop_BigObject_NTUST_Data_4018.xlsx
2023-05-11 19:57:53,040 Model is running...
2023-05-11 19:58:46,019 This program is a property of National Taiwan University of Science and Technology.

2023-05-11 19:58:46,019 nsop_BigObject_NTUST_Data_4018.xlsx
2023-05-11 19:58:46,091 Model is running...
2023-05-11 19:59:00,753 This program is a property of National Taiwan University of Science and Technology.

2023-05-11 19:59:00,761 nsop_BigObject_NTUST_Data_4018.xlsx
2023-05-11 19:59:00,833 Model is running...
2023-05-11 19:59:02,618 result:4017:Execution succeed

2023-05-11 19:59:02,618 result:4017:Execution failed:Incorrect input data

2023-05-11 20:00:54,054 This program is a property of National Taiwan University of Science and Technology.

2023-05-11 20:00:54,054 nsop_BigObject_NTUST_Data_4018.xlsx
2023-05-11 20:00:54,134 Model is running...
2023-05-11 20:00:56,024 result:4017:Execution succeed

2023-05-11 20:00:56,024 result:4017:Execution failed:Incorrect input data

2023-05-12 09:31:49,617 This program is a property of National Taiwan University of Science and Technology.

2023-05-12 09:31:49,618 nsop_BigObject_NTUST_Data_4018.xlsx
2023-05-12 09:31:49,692 Model is running...
2023-05-12 09:40:54,125 This program is a property of National Taiwan University of Science and Technology.

2023-05-12 09:40:54,125 nsop_BigObject_NTUST_Data_4018(20,3,2).xlsx
2023-05-12 09:40:54,205 Model is running...
2023-05-12 09:41:59,390 This program is a property of National Taiwan University of Science and Technology.

2023-05-12 09:41:59,390 nsop_BigObject_NTUST_Data_4018(20,3,2).xlsx
2023-05-12 09:41:59,470 Model is running...
2023-05-12 09:42:07,783 This program is a property of National Taiwan University of Science and Technology.

2023-05-12 09:42:07,783 nsop_BigObject_NTUST_Data_4018(20,3,2).xlsx
2023-05-12 09:42:07,855 Model is running...
2023-05-12 09:42:14,567 This program is a property of National Taiwan University of Science and Technology.

2023-05-12 09:42:14,567 nsop_BigObject_NTUST_Data_4018(20,3,2).xlsx
2023-05-12 09:42:14,647 Model is running...
2023-05-12 09:42:16,102 This program is a property of National Taiwan University of Science and Technology.

2023-05-12 09:42:16,102 nsop_BigObject_NTUST_Data_4018(20,3,2).xlsx
2023-05-12 09:42:16,175 Model is running...
2023-05-12 09:42:29,495 This program is a property of National Taiwan University of Science and Technology.

2023-05-12 09:42:29,495 nsop_BigObject_NTUST_Data_4018(20,3,2).xlsx
2023-05-12 09:42:29,575 Model is running...
2023-05-12 09:42:44,119 This program is a property of National Taiwan University of Science and Technology.

2023-05-12 09:42:44,119 nsop_BigObject_NTUST_Data_4018(20,3,2).xlsx
2023-05-12 09:42:44,200 Model is running...
2023-05-12 09:42:45,674 This program is a property of National Taiwan University of Science and Technology.

2023-05-12 09:42:45,674 nsop_BigObject_NTUST_Data_4018(20,3,2).xlsx
2023-05-12 09:42:45,743 Model is running...
2023-05-12 09:43:04,688 This program is a property of National Taiwan University of Science and Technology.

2023-05-12 09:43:04,688 nsop_BigObject_NTUST_Data_4018(20,3,2).xlsx
2023-05-12 09:43:04,760 Model is running...
2023-05-12 09:43:28,833 This program is a property of National Taiwan University of Science and Technology.

2023-05-12 09:43:28,833 nsop_BigObject_NTUST_Data_4018(20,3,2).xlsx
2023-05-12 09:43:28,912 Model is running...
2023-05-12 09:43:30,665 result:4017:Execution succeed

2023-05-12 09:43:30,665 result:4017:Execution failed:Incorrect input data

2023-05-12 09:43:30,665 nsop_BigObject_NTUST_Data_4018.xlsx
2023-05-12 09:43:30,736 Model is running...
2023-05-12 09:43:43,673 This program is a property of National Taiwan University of Science and Technology.

2023-05-12 09:43:43,673 nsop_BigObject_NTUST_Data_4018(20,3,2).xlsx
2023-05-12 09:43:43,745 Model is running...
2023-05-12 09:43:50,577 This program is a property of National Taiwan University of Science and Technology.

2023-05-12 09:43:50,577 nsop_BigObject_NTUST_Data_4018(20,3,2).xlsx
2023-05-12 09:43:50,652 Model is running...
2023-05-12 09:43:52,409 result:4017:Execution succeed

2023-05-12 09:43:52,409 result:4017:Execution failed:Incorrect input data

2023-05-12 09:43:52,409 nsop_BigObject_NTUST_Data_4018.xlsx
2023-05-12 09:43:52,481 Model is running...
2023-05-12 09:43:54,297 result:4017:Execution succeed

2023-05-12 09:43:54,297 result:4017:Execution failed:Incorrect input data

2023-05-12 09:47:12,909 This program is a property of National Taiwan University of Science and Technology.

2023-05-12 09:47:12,909 nsop_BigObject_NTUST_Data_4018(20,3,2).xlsx
2023-05-12 09:47:12,981 Model is running...
2023-05-12 09:47:14,716 result:4017:Execution succeed

2023-05-12 09:47:14,716 result:4017:Execution failed:Incorrect input data

2023-05-12 09:47:14,716 nsop_BigObject_NTUST_Data_4018.xlsx
2023-05-12 09:47:14,860 Model is running...
2023-05-12 09:47:16,741 result:4017:Execution succeed

2023-05-12 09:47:16,741 result:4017:Execution failed:Incorrect input data

2023-05-12 10:35:41,692 This program is a property of National Taiwan University of Science and Technology.

2023-05-12 10:35:41,695 nsop_BigObject_NTUST_Data_4018(732).xlsx
2023-05-12 10:35:41,765 Model is running...
2023-05-12 10:36:10,472 This program is a property of National Taiwan University of Science and Technology.

2023-05-12 10:36:10,472 nsop_BigObject_NTUST_Data_4018(732).xlsx
2023-05-12 10:36:10,553 Model is running...
2023-05-12 10:36:22,602 This program is a property of National Taiwan University of Science and Technology.

2023-05-12 10:36:22,609 nsop_BigObject_NTUST_Data_4018(732).xlsx
2023-05-12 10:36:22,688 Model is running...
2023-05-12 10:47:30,401 This program is a property of National Taiwan University of Science and Technology.

2023-05-12 10:47:30,401 nsop_BigObject_NTUST_Data_4018(732).xlsx
2023-05-12 10:47:30,472 Model is running...
2023-05-12 10:57:41,274 This program is a property of National Taiwan University of Science and Technology.

2023-05-12 10:57:41,276 nsop_BigObject_NTUST_Data_4018(732).xlsx
2023-05-12 10:57:41,354 Model is running...
2023-05-12 10:59:11,065 This program is a property of National Taiwan University of Science and Technology.

2023-05-12 10:59:11,066 nsop_BigObject_NTUST_Data_4018(732).xlsx
2023-05-12 10:59:11,141 Model is running...
2023-05-12 11:01:48,485 This program is a property of National Taiwan University of Science and Technology.

2023-05-12 11:01:48,485 nsop_BigObject_NTUST_Data_4018(732).xlsx
2023-05-12 11:01:48,561 Model is running...
2023-05-12 11:02:44,562 This program is a property of National Taiwan University of Science and Technology.

2023-05-12 11:02:44,562 nsop_BigObject_NTUST_Data_4018(732).xlsx
2023-05-12 11:02:44,633 Model is running...
2023-05-12 11:02:46,191 This program is a property of National Taiwan University of Science and Technology.

2023-05-12 11:02:46,191 nsop_BigObject_NTUST_Data_4018(732).xlsx
2023-05-12 11:02:46,261 Model is running...
2023-05-12 11:04:53,646 This program is a property of National Taiwan University of Science and Technology.

2023-05-12 11:04:53,646 nsop_BigObject_NTUST_Data_4018(732).xlsx
2023-05-12 11:04:53,729 result:4017:Execution failed:Current_Product are not same as Demand_Product

2023-05-12 11:04:53,729 nsop_BigObject_NTUST_Data_4018.xlsx
2023-05-12 11:04:53,811 result:4017:Execution failed:Current_Product are not same as Demand_Product

2023-05-12 11:05:16,192 This program is a property of National Taiwan University of Science and Technology.

2023-05-12 11:05:16,200 nsop_BigObject_NTUST_Data_4018(732).xlsx
2023-05-12 11:05:16,271 result:4017:Execution failed:Current_Product are not same as Demand_Product

2023-05-12 11:05:16,271 nsop_BigObject_NTUST_Data_4018.xlsx
2023-05-12 11:05:16,352 Model is running...
2023-05-12 11:05:18,242 result:4017:Execution succeed

2023-05-12 11:05:18,242 result:4017:Execution failed:Incorrect input data

2023-05-12 11:05:49,466 This program is a property of National Taiwan University of Science and Technology.

2023-05-12 11:05:49,466 nsop_BigObject_NTUST_Data_4018(732).xlsx
2023-05-12 11:05:49,550 Model is running...
2023-05-12 11:06:10,394 This program is a property of National Taiwan University of Science and Technology.

2023-05-12 11:06:10,394 nsop_BigObject_NTUST_Data_4018(732).xlsx
2023-05-12 11:06:10,472 Model is running...
2023-05-12 11:13:47,182 This program is a property of National Taiwan University of Science and Technology.

2023-05-12 11:13:47,183 nsop_BigObject_NTUST_Data_4018(732).xlsx
2023-05-12 11:13:47,263 Model is running...
2023-05-12 11:13:59,665 This program is a property of National Taiwan University of Science and Technology.

2023-05-12 11:13:59,672 nsop_BigObject_NTUST_Data_4018(732).xlsx
2023-05-12 11:13:59,742 Model is running...
2023-05-12 11:14:00,073 result:4017:Execution succeed

2023-05-12 11:14:00,073 result:4017:Execution failed:Incorrect input data

2023-05-12 11:14:00,073 nsop_BigObject_NTUST_Data_4018.xlsx
2023-05-12 11:14:00,151 Model is running...
2023-05-12 11:14:00,502 result:4017:Execution succeed

2023-05-12 11:14:00,502 result:4017:Execution failed:Incorrect input data

2023-05-12 11:15:44,655 This program is a property of National Taiwan University of Science and Technology.

2023-05-12 11:15:44,655 nsop_BigObject_NTUST_Data_4018(732).xlsx
2023-05-12 11:15:44,727 Model is running...
2023-05-12 14:33:11,563 This program is a property of National Taiwan University of Science and Technology.

2023-05-12 14:33:11,563 nsop_BigObject_NTUST_Data_4018.xlsx
2023-05-12 14:33:11,638 Model is running...
2023-05-12 14:33:21,777 This program is a property of National Taiwan University of Science and Technology.

2023-05-12 14:33:21,777 nsop_BigObject_NTUST_Data_4018.xlsx
2023-05-12 14:33:21,848 Model is running...
2023-05-12 14:33:23,662 result:4017:Execution succeed

2023-05-12 14:33:23,662 result:4017:Execution failed:Incorrect input data

2023-05-12 14:57:52,584 This program is a property of National Taiwan University of Science and Technology.

2023-05-12 14:57:52,584 nsop_BigObject_NTUST_Data_4018.xlsx
2023-05-12 14:57:52,664 Model is running...
2023-05-12 15:00:16,313 This program is a property of National Taiwan University of Science and Technology.

2023-05-12 15:00:16,313 nsop_BigObject_NTUST_Data_4018.xlsx
2023-05-12 15:00:16,385 Model is running...
2023-05-12 15:00:58,440 This program is a property of National Taiwan University of Science and Technology.

2023-05-12 15:00:58,440 nsop_BigObject_NTUST_Data_4018.xlsx
2023-05-12 15:00:58,512 Model is running...
2023-05-12 15:01:02,880 This program is a property of National Taiwan University of Science and Technology.

2023-05-12 15:01:02,880 nsop_BigObject_NTUST_Data_4018.xlsx
2023-05-12 15:01:02,952 Model is running...
2023-05-12 15:02:27,658 This program is a property of National Taiwan University of Science and Technology.

2023-05-12 15:02:27,658 nsop_BigObject_NTUST_Data_4018(10032).xlsx
2023-05-12 15:02:27,850 Model is running...
2023-05-12 15:10:56,832 This program is a property of National Taiwan University of Science and Technology.

2023-05-12 15:10:56,832 nsop_BigObject_NTUST_Data_4018(5032).xlsx
2023-05-12 15:10:56,937 Model is running...
2023-05-12 15:11:16,169 This program is a property of National Taiwan University of Science and Technology.

2023-05-12 15:11:16,170 nsop_BigObject_NTUST_Data_4018(5032).xlsx
2023-05-12 15:11:16,259 Model is running...
2023-05-12 15:11:49,276 This program is a property of National Taiwan University of Science and Technology.

2023-05-12 15:11:49,276 nsop_BigObject_NTUST_Data_4018(5032).xlsx
2023-05-12 15:11:49,360 Model is running...
2023-05-12 15:11:51,694 This program is a property of National Taiwan University of Science and Technology.

2023-05-12 15:11:51,694 nsop_BigObject_NTUST_Data_4018(5032).xlsx
2023-05-12 15:11:51,779 Model is running...
2023-05-12 15:39:34,202 This program is a property of National Taiwan University of Science and Technology.

2023-05-12 15:39:34,202 nsop_BigObject_NTUST_Data_4018(5032).xlsx
2023-05-12 15:39:34,298 Model is running...
2023-05-12 15:39:55,831 This program is a property of National Taiwan University of Science and Technology.

2023-05-12 15:39:55,831 nsop_BigObject_NTUST_Data_4018.xlsx
2023-05-12 15:39:55,911 Model is running...
2023-05-12 15:46:38,818 This program is a property of National Taiwan University of Science and Technology.

2023-05-12 15:46:38,819 nsop_BigObject_NTUST_Data_4018.xlsx
2023-05-12 15:46:38,903 Model is running...
2023-05-12 15:46:40,735 result:4017:Execution succeed

2023-05-12 15:46:40,735 result:4017:Execution failed:Incorrect input data

2023-05-12 15:48:43,288 This program is a property of National Taiwan University of Science and Technology.

2023-05-12 15:48:43,288 nsop_BigObject_NTUST_Data_4018.xlsx
2023-05-12 15:48:43,368 Model is running...
2023-05-12 15:48:45,162 result:4017:Execution succeed

2023-05-12 15:48:45,162 result:4017:Execution failed:Incorrect input data

2023-05-12 15:49:47,336 This program is a property of National Taiwan University of Science and Technology.

2023-05-12 15:49:47,336 nsop_BigObject_NTUST_Data_4018.xlsx
2023-05-12 15:49:47,424 Model is running...
2023-05-12 15:49:49,372 result:4017:Execution succeed

2023-05-12 15:49:49,372 result:4017:Execution failed:Incorrect input data

2023-05-12 15:51:14,881 This program is a property of National Taiwan University of Science and Technology.

2023-05-12 15:51:14,881 nsop_BigObject_NTUST_Data_4018.xlsx
2023-05-12 15:51:14,969 Model is running...
2023-05-12 15:51:16,865 result:4017:Execution succeed

2023-05-12 15:51:16,865 result:4017:Execution failed:Incorrect input data

2023-05-12 15:51:34,196 This program is a property of National Taiwan University of Science and Technology.

2023-05-12 15:51:34,196 nsop_BigObject_NTUST_Data_4018.xlsx
2023-05-12 15:51:34,284 Model is running...
2023-05-12 15:51:36,125 result:4017:Execution succeed

2023-05-12 15:51:36,125 result:4017:Execution failed:Incorrect input data

2023-05-12 15:51:51,937 This program is a property of National Taiwan University of Science and Technology.

2023-05-12 15:51:51,937 nsop_BigObject_NTUST_Data_4018.xlsx
2023-05-12 15:51:52,017 Model is running...
2023-05-12 15:51:53,817 result:4017:Execution succeed

2023-05-12 15:51:53,817 result:4017:Execution failed:Incorrect input data

2023-05-12 15:55:25,650 This program is a property of National Taiwan University of Science and Technology.

2023-05-12 15:55:25,658 nsop_BigObject_NTUST_Data_4018.xlsx
2023-05-12 15:55:25,730 Model is running...
