2023-05-23 11:55:37,780 This program is a property of National Taiwan University of Science and Technology.

2023-05-23 11:55:37,780 nsop_BigObject_NTUST_Data_4018(632).xlsx
2023-05-23 11:55:38,200 Model is running...
2023-05-23 11:57:50,344 This program is a property of National Taiwan University of Science and Technology.

2023-05-23 11:57:50,345 nsop_BigObject_NTUST_Data_4018(632).xlsx
2023-05-23 11:57:50,424 Model is running...
2023-05-23 11:58:32,805 This program is a property of National Taiwan University of Science and Technology.

2023-05-23 11:58:32,805 nsop_BigObject_NTUST_Data_4018(632).xlsx
2023-05-23 11:58:32,881 Model is running...
2023-05-23 11:59:28,438 This program is a property of National Taiwan University of Science and Technology.

2023-05-23 11:59:28,439 nsop_BigObject_NTUST_Data_4018(632).xlsx
2023-05-23 11:59:28,519 Model is running...
2023-05-23 12:00:04,354 This program is a property of National Taiwan University of Science and Technology.

2023-05-23 12:00:04,355 nsop_BigObject_NTUST_Data_4018(632).xlsx
2023-05-23 12:00:04,433 Model is running...
2023-05-23 12:00:04,901 result:4017:Execution succeed

2023-05-23 12:00:04,901 result:4017:Execution failed:Incorrect input data

2023-05-23 12:00:43,169 This program is a property of National Taiwan University of Science and Technology.

2023-05-23 12:00:43,170 nsop_BigObject_NTUST_Data_4018(632).xlsx
2023-05-23 12:00:43,247 Model is running...
2023-05-23 12:00:43,700 result:4017:Execution succeed

2023-05-23 12:00:43,700 result:4017:Execution failed:Incorrect input data

2023-05-23 12:01:32,620 This program is a property of National Taiwan University of Science and Technology.

2023-05-23 12:01:32,621 nsop_BigObject_NTUST_Data_4018(632).xlsx
2023-05-23 12:01:32,689 Model is running...
2023-05-23 12:01:33,259 result:4017:Execution succeed

2023-05-23 12:01:33,259 result:4017:Execution failed:Incorrect input data

2023-05-23 12:15:25,084 This program is a property of National Taiwan University of Science and Technology.

2023-05-23 12:15:25,084 nsop_BigObject_NTUST_Data_4018(632).xlsx
2023-05-23 12:15:25,152 Model is running...
2023-05-23 12:15:44,286 This program is a property of National Taiwan University of Science and Technology.

2023-05-23 12:15:44,287 nsop_BigObject_NTUST_Data_4018(632).xlsx
2023-05-23 12:15:44,358 Model is running...
2023-05-23 12:17:06,399 This program is a property of National Taiwan University of Science and Technology.

2023-05-23 12:17:06,399 nsop_BigObject_NTUST_Data_4018(632).xlsx
2023-05-23 12:17:06,468 Model is running...
2023-05-23 12:18:33,640 This program is a property of National Taiwan University of Science and Technology.

2023-05-23 12:18:33,641 nsop_BigObject_NTUST_Data_4018(632).xlsx
2023-05-23 12:18:33,712 Model is running...
2023-05-23 12:19:48,960 This program is a property of National Taiwan University of Science and Technology.

2023-05-23 12:19:48,960 nsop_BigObject_NTUST_Data_4018(632).xlsx
2023-05-23 12:19:49,027 Model is running...
2023-05-23 12:19:55,331 This program is a property of National Taiwan University of Science and Technology.

2023-05-23 12:19:55,332 nsop_BigObject_NTUST_Data_4018(632).xlsx
2023-05-23 12:19:55,399 Model is running...
2023-05-23 12:20:26,969 This program is a property of National Taiwan University of Science and Technology.

2023-05-23 12:20:26,970 nsop_BigObject_NTUST_Data_4018(632).xlsx
2023-05-23 12:20:27,047 Model is running...
2023-05-23 12:31:53,364 This program is a property of National Taiwan University of Science and Technology.

2023-05-23 12:31:53,365 nsop_BigObject_NTUST_Data_4018(632).xlsx
2023-05-23 12:31:53,438 Model is running...
2023-05-23 12:39:19,900 This program is a property of National Taiwan University of Science and Technology.

2023-05-23 12:39:19,901 nsop_BigObject_NTUST_Data_4018(632).xlsx
2023-05-23 12:39:19,979 Model is running...
2023-05-23 12:39:43,000 This program is a property of National Taiwan University of Science and Technology.

2023-05-23 12:39:43,000 nsop_BigObject_NTUST_Data_4018(632).xlsx
2023-05-23 12:39:43,076 Model is running...
2023-05-23 12:41:50,522 This program is a property of National Taiwan University of Science and Technology.

2023-05-23 12:41:50,523 nsop_BigObject_NTUST_Data_4018(632).xlsx
2023-05-23 12:41:50,590 Model is running...
2023-05-23 12:42:35,183 This program is a property of National Taiwan University of Science and Technology.

2023-05-23 12:42:35,184 nsop_BigObject_NTUST_Data_4018(632).xlsx
2023-05-23 12:42:35,260 Model is running...
2023-05-23 12:42:52,626 This program is a property of National Taiwan University of Science and Technology.

2023-05-23 12:42:52,626 nsop_BigObject_NTUST_Data_4018(632).xlsx
2023-05-23 12:42:52,698 Model is running...
2023-05-23 12:43:32,697 This program is a property of National Taiwan University of Science and Technology.

2023-05-23 12:43:32,698 nsop_BigObject_NTUST_Data_4018(632).xlsx
2023-05-23 12:43:32,767 Model is running...
2023-05-23 12:44:04,049 This program is a property of National Taiwan University of Science and Technology.

2023-05-23 12:44:04,049 nsop_BigObject_NTUST_Data_4018(632).xlsx
2023-05-23 12:44:04,122 Model is running...
2023-05-23 12:44:35,873 This program is a property of National Taiwan University of Science and Technology.

2023-05-23 12:44:35,874 nsop_BigObject_NTUST_Data_4018(632).xlsx
2023-05-23 12:44:35,963 Model is running...
2023-05-23 12:46:31,998 This program is a property of National Taiwan University of Science and Technology.

2023-05-23 12:46:31,999 nsop_BigObject_NTUST_Data_4018(632).xlsx
2023-05-23 12:46:32,065 Model is running...
2023-05-23 12:46:51,495 This program is a property of National Taiwan University of Science and Technology.

2023-05-23 12:46:51,496 nsop_BigObject_NTUST_Data_4018(632).xlsx
2023-05-23 12:46:51,571 Model is running...
2023-05-23 12:47:24,321 This program is a property of National Taiwan University of Science and Technology.

2023-05-23 12:47:24,323 nsop_BigObject_NTUST_Data_4018(632).xlsx
2023-05-23 12:47:24,400 Model is running...
2023-05-23 12:54:30,829 This program is a property of National Taiwan University of Science and Technology.

2023-05-23 12:54:30,830 nsop_BigObject_NTUST_Data_4018(632).xlsx
2023-05-23 12:54:30,903 Model is running...
2023-05-23 12:58:49,635 This program is a property of National Taiwan University of Science and Technology.

2023-05-23 12:58:49,636 nsop_BigObject_NTUST_Data_4018(632).xlsx
2023-05-23 12:58:49,706 Model is running...
2023-05-23 12:59:20,444 result:4017:Execution succeed

2023-05-23 12:59:20,444 result:4017:Execution failed:Incorrect input data

2023-05-23 13:00:08,019 This program is a property of National Taiwan University of Science and Technology.

2023-05-23 13:00:08,020 nsop_BigObject_NTUST_Data_4018(632).xlsx
2023-05-23 13:00:08,091 Model is running...
2023-05-23 13:02:08,890 result:4017:Execution succeed

2023-05-23 13:02:08,890 result:4017:Execution failed:Incorrect input data

2023-05-23 13:03:26,656 This program is a property of National Taiwan University of Science and Technology.

2023-05-23 13:03:26,656 nsop_BigObject_NTUST_Data_4018(632).xlsx
2023-05-23 13:03:26,726 Model is running...
2023-05-23 13:06:31,083 This program is a property of National Taiwan University of Science and Technology.

2023-05-23 13:06:31,084 nsop_BigObject_NTUST_Data_4018(632).xlsx
2023-05-23 13:06:31,161 Model is running...
2023-05-23 13:07:54,555 This program is a property of National Taiwan University of Science and Technology.

2023-05-23 13:07:54,556 nsop_BigObject_NTUST_Data_4018(632).xlsx
2023-05-23 13:07:54,629 Model is running...
2023-05-23 13:09:45,437 This program is a property of National Taiwan University of Science and Technology.

2023-05-23 13:09:45,437 nsop_BigObject_NTUST_Data_4018(632).xlsx
2023-05-23 13:09:45,509 Model is running...
2023-05-23 13:09:58,275 This program is a property of National Taiwan University of Science and Technology.

2023-05-23 13:09:58,275 nsop_BigObject_NTUST_Data_4018(632).xlsx
2023-05-23 13:09:58,367 Model is running...
2023-05-23 13:10:29,391 This program is a property of National Taiwan University of Science and Technology.

2023-05-23 13:10:29,392 nsop_BigObject_NTUST_Data_4018(632).xlsx
2023-05-23 13:10:29,463 Model is running...
2023-05-23 13:10:43,415 This program is a property of National Taiwan University of Science and Technology.

2023-05-23 13:10:43,416 nsop_BigObject_NTUST_Data_4018(632).xlsx
2023-05-23 13:10:43,490 Model is running...
2023-05-23 13:11:21,566 This program is a property of National Taiwan University of Science and Technology.

2023-05-23 13:11:21,566 nsop_BigObject_NTUST_Data_4018(632).xlsx
2023-05-23 13:11:21,646 Model is running...
2023-05-23 13:12:53,454 This program is a property of National Taiwan University of Science and Technology.

2023-05-23 13:12:53,455 nsop_BigObject_NTUST_Data_4018(632).xlsx
2023-05-23 13:12:53,526 Model is running...
2023-05-23 13:16:05,969 This program is a property of National Taiwan University of Science and Technology.

2023-05-23 13:16:05,970 nsop_BigObject_NTUST_Data_4018(632).xlsx
2023-05-23 13:16:06,042 Model is running...
2023-05-23 13:16:33,302 This program is a property of National Taiwan University of Science and Technology.

2023-05-23 13:16:33,303 nsop_BigObject_NTUST_Data_4018(632).xlsx
2023-05-23 13:16:33,371 Model is running...
2023-05-23 13:16:39,932 This program is a property of National Taiwan University of Science and Technology.

2023-05-23 13:16:39,933 nsop_BigObject_NTUST_Data_4018(632).xlsx
2023-05-23 13:16:40,014 Model is running...
2023-05-23 13:17:56,775 This program is a property of National Taiwan University of Science and Technology.

2023-05-23 13:17:56,776 nsop_BigObject_NTUST_Data_4018(632).xlsx
2023-05-23 13:17:56,855 Model is running...
2023-05-23 13:20:10,654 This program is a property of National Taiwan University of Science and Technology.

2023-05-23 13:20:10,654 nsop_BigObject_NTUST_Data_4018(632).xlsx
2023-05-23 13:20:10,722 Model is running...
2023-05-23 13:56:23,472 This program is a property of National Taiwan University of Science and Technology.

2023-05-23 13:56:23,472 nsop_BigObject_NTUST_Data_4018(632).xlsx
2023-05-23 13:56:23,556 Model is running...
2023-05-23 13:58:58,846 This program is a property of National Taiwan University of Science and Technology.

2023-05-23 13:58:58,846 nsop_BigObject_NTUST_Data_4018(632).xlsx
2023-05-23 13:58:58,925 Model is running...
2023-05-23 14:00:11,056 This program is a property of National Taiwan University of Science and Technology.

2023-05-23 14:00:11,057 nsop_BigObject_NTUST_Data_4018(632).xlsx
2023-05-23 14:00:11,129 Model is running...
2023-05-23 14:09:13,025 This program is a property of National Taiwan University of Science and Technology.

2023-05-23 14:09:13,026 nsop_BigObject_NTUST_Data_4018(632).xlsx
2023-05-23 14:09:13,100 Model is running...
2023-05-23 14:45:28,229 This program is a property of National Taiwan University of Science and Technology.

2023-05-23 14:45:28,230 nsop_BigObject_NTUST_Data_4018(632).xlsx
2023-05-23 14:45:28,311 Model is running...
2023-05-23 14:46:03,400 This program is a property of National Taiwan University of Science and Technology.

2023-05-23 14:46:03,401 nsop_BigObject_NTUST_Data_4018(632).xlsx
2023-05-23 14:46:03,472 Model is running...
2023-05-23 14:46:38,557 This program is a property of National Taiwan University of Science and Technology.

2023-05-23 14:46:38,558 nsop_BigObject_NTUST_Data_4018(632).xlsx
2023-05-23 14:46:38,635 Model is running...
