2023-05-16 09:45:30,969 This program is a property of National Taiwan University of Science and Technology.

2023-05-16 09:45:30,969 nsop_BigObject_NTUST_Data_4018(5032).xlsx
2023-05-16 09:45:31,418 Model is running...
2023-05-16 09:49:27,900 This program is a property of National Taiwan University of Science and Technology.

2023-05-16 09:49:27,908 nsop_BigObject_NTUST_Data_4018(5032).xlsx
2023-05-16 09:49:28,020 Model is running...
2023-05-16 09:57:15,765 This program is a property of National Taiwan University of Science and Technology.

2023-05-16 09:57:15,766 nsop_BigObject_NTUST_Data_4018(5032).xlsx
2023-05-16 09:57:15,863 Model is running...
2023-05-16 09:59:59,292 This program is a property of National Taiwan University of Science and Technology.

2023-05-16 09:59:59,292 nsop_BigObject_NTUST_Data_4018(5032).xlsx
2023-05-16 09:59:59,452 Model is running...
2023-05-16 10:10:02,940 This program is a property of National Taiwan University of Science and Technology.

2023-05-16 10:10:02,940 nsop_BigObject_NTUST_Data_4018(5032).xlsx
2023-05-16 10:10:03,049 Model is running...
2023-05-16 10:10:32,914 This program is a property of National Taiwan University of Science and Technology.

2023-05-16 10:10:32,915 nsop_BigObject_NTUST_Data_4018(5032).xlsx
2023-05-16 10:10:33,023 Model is running...
2023-05-16 10:13:51,200 This program is a property of National Taiwan University of Science and Technology.

2023-05-16 10:13:51,200 nsop_BigObject_NTUST_Data_4018(5032).xlsx
2023-05-16 10:13:51,370 Model is running...
2023-05-16 10:13:53,427 result:4017:Execution succeed

2023-05-16 10:13:53,427 result:4017:Execution failed:Incorrect input data

2023-05-16 10:15:26,586 This program is a property of National Taiwan University of Science and Technology.

2023-05-16 10:15:26,586 nsop_BigObject_NTUST_Data_4018(5032).xlsx
2023-05-16 10:15:26,713 Model is running...
2023-05-16 10:15:28,909 result:4017:Execution succeed

2023-05-16 10:15:28,909 result:4017:Execution failed:Incorrect input data

2023-05-16 10:16:20,231 This program is a property of National Taiwan University of Science and Technology.

2023-05-16 10:16:20,231 nsop_BigObject_NTUST_Data_4018(5032).xlsx
2023-05-16 10:16:20,413 Model is running...
2023-05-16 10:16:22,341 result:4017:Execution succeed

2023-05-16 10:16:22,341 result:4017:Execution failed:Incorrect input data

2023-05-16 10:16:59,619 This program is a property of National Taiwan University of Science and Technology.

2023-05-16 10:16:59,619 nsop_BigObject_NTUST_Data_4018(5032).xlsx
2023-05-16 10:16:59,712 Model is running...
2023-05-16 10:17:01,784 result:4017:Execution succeed

2023-05-16 10:17:01,784 result:4017:Execution failed:Incorrect input data

2023-05-16 10:17:18,975 This program is a property of National Taiwan University of Science and Technology.

2023-05-16 10:17:18,975 nsop_BigObject_NTUST_Data_4018(5032).xlsx
2023-05-16 10:17:19,156 Model is running...
2023-05-16 10:17:21,101 result:4017:Execution succeed

2023-05-16 10:17:21,101 result:4017:Execution failed:Incorrect input data

2023-05-16 10:17:31,953 This program is a property of National Taiwan University of Science and Technology.

2023-05-16 10:17:31,953 nsop_BigObject_NTUST_Data_4018(5032).xlsx
2023-05-16 10:17:32,073 Model is running...
2023-05-16 10:17:34,239 result:4017:Execution succeed

2023-05-16 10:17:34,239 result:4017:Execution failed:Incorrect input data

2023-05-16 10:20:47,440 This program is a property of National Taiwan University of Science and Technology.

2023-05-16 10:20:47,440 nsop_BigObject_NTUST_Data_4018(5032).xlsx
2023-05-16 10:20:47,612 Model is running...
2023-05-16 10:20:49,772 result:4017:Execution succeed

2023-05-16 10:20:49,774 result:4017:Execution failed:Incorrect input data

2023-05-16 10:23:20,772 This program is a property of National Taiwan University of Science and Technology.

2023-05-16 10:23:20,772 nsop_BigObject_NTUST_Data_4018(5032).xlsx
2023-05-16 10:23:20,872 Model is running...
2023-05-16 10:23:37,950 This program is a property of National Taiwan University of Science and Technology.

2023-05-16 10:23:37,950 nsop_BigObject_NTUST_Data_4018(5032).xlsx
2023-05-16 10:23:38,130 Model is running...
2023-05-16 10:23:56,365 This program is a property of National Taiwan University of Science and Technology.

2023-05-16 10:23:56,365 nsop_BigObject_NTUST_Data_4018(5032).xlsx
2023-05-16 10:23:56,462 Model is running...
2023-05-16 10:23:59,822 This program is a property of National Taiwan University of Science and Technology.

2023-05-16 10:23:59,822 nsop_BigObject_NTUST_Data_4018(5032).xlsx
2023-05-16 10:24:00,010 Model is running...
2023-05-16 10:24:04,822 This program is a property of National Taiwan University of Science and Technology.

2023-05-16 10:24:04,822 nsop_BigObject_NTUST_Data_4018(5032).xlsx
2023-05-16 10:24:04,919 Model is running...
2023-05-16 10:24:16,851 This program is a property of National Taiwan University of Science and Technology.

2023-05-16 10:24:16,855 nsop_BigObject_NTUST_Data_4018(5032).xlsx
2023-05-16 10:24:17,060 Model is running...
2023-05-16 10:24:19,162 result:4017:Execution succeed

2023-05-16 10:24:19,162 result:4017:Execution failed:Incorrect input data

2023-05-16 10:24:57,542 This program is a property of National Taiwan University of Science and Technology.

2023-05-16 10:24:57,545 nsop_BigObject_NTUST_Data_4018(5032).xlsx
2023-05-16 10:24:57,650 Model is running...
2023-05-16 10:24:59,592 result:4017:Execution succeed

2023-05-16 10:24:59,592 result:4017:Execution failed:Incorrect input data

2023-05-16 10:25:28,165 This program is a property of National Taiwan University of Science and Technology.

2023-05-16 10:25:28,165 nsop_BigObject_NTUST_Data_4018(5032).xlsx
2023-05-16 10:25:28,381 Model is running...
2023-05-16 10:26:57,350 This program is a property of National Taiwan University of Science and Technology.

2023-05-16 10:26:57,350 nsop_BigObject_NTUST_Data_4018(5032).xlsx
2023-05-16 10:26:57,470 Model is running...
2023-05-16 10:26:59,574 result:4017:Execution succeed

2023-05-16 10:26:59,574 result:4017:Execution failed:Incorrect input data

2023-05-16 10:27:18,293 This program is a property of National Taiwan University of Science and Technology.

2023-05-16 10:27:18,293 nsop_BigObject_NTUST_Data_4018(5032).xlsx
2023-05-16 10:27:18,471 Model is running...
2023-05-16 10:27:20,581 result:4017:Execution succeed

2023-05-16 10:27:20,581 result:4017:Execution failed:Incorrect input data

2023-05-16 10:29:46,715 This program is a property of National Taiwan University of Science and Technology.

2023-05-16 10:29:46,715 nsop_BigObject_NTUST_Data_4018(5032).xlsx
2023-05-16 10:29:46,822 Model is running...
2023-05-16 10:32:03,102 This program is a property of National Taiwan University of Science and Technology.

2023-05-16 10:32:03,102 nsop_BigObject_NTUST_Data_4018(5032).xlsx
2023-05-16 10:32:03,272 Model is running...
2023-05-16 10:32:16,850 This program is a property of National Taiwan University of Science and Technology.

2023-05-16 10:32:16,850 nsop_BigObject_NTUST_Data_4018(5032).xlsx
2023-05-16 10:32:16,953 Model is running...
2023-05-16 10:32:36,620 This program is a property of National Taiwan University of Science and Technology.

2023-05-16 10:32:36,620 nsop_BigObject_NTUST_Data_4018(5032).xlsx
2023-05-16 10:32:36,790 Model is running...
2023-05-16 10:32:44,323 This program is a property of National Taiwan University of Science and Technology.

2023-05-16 10:32:44,324 nsop_BigObject_NTUST_Data_4018(5032).xlsx
2023-05-16 10:32:44,437 Model is running...
2023-05-16 10:32:46,556 result:4017:Execution succeed

2023-05-16 10:32:46,556 result:4017:Execution failed:Incorrect input data

2023-05-16 10:34:40,500 This program is a property of National Taiwan University of Science and Technology.

2023-05-16 10:34:40,500 nsop_BigObject_NTUST_Data_4018(5032).xlsx
2023-05-16 10:34:40,670 Model is running...
2023-05-16 10:34:42,644 result:4017:Execution succeed

2023-05-16 10:34:42,644 result:4017:Execution failed:Incorrect input data

2023-05-16 10:38:38,491 This program is a property of National Taiwan University of Science and Technology.

2023-05-16 10:38:38,491 nsop_BigObject_NTUST_Data_4018(5032).xlsx
2023-05-16 10:38:38,600 Model is running...
2023-05-16 10:40:43,317 This program is a property of National Taiwan University of Science and Technology.

2023-05-16 10:40:43,317 nsop_BigObject_NTUST_Data_4018(5032).xlsx
2023-05-16 10:40:43,496 Model is running...
2023-05-16 10:43:28,478 This program is a property of National Taiwan University of Science and Technology.

2023-05-16 10:43:28,478 nsop_BigObject_NTUST_Data_4018(5032).xlsx
2023-05-16 10:43:28,586 Model is running...
2023-05-16 10:44:22,390 This program is a property of National Taiwan University of Science and Technology.

2023-05-16 10:44:22,391 nsop_BigObject_NTUST_Data_4018(5032).xlsx
2023-05-16 10:44:22,564 Model is running...
2023-05-16 10:44:24,480 result:4017:Execution succeed

2023-05-16 10:44:24,480 result:4017:Execution failed:Incorrect input data

2023-05-16 10:48:02,017 This program is a property of National Taiwan University of Science and Technology.

2023-05-16 10:48:02,017 nsop_BigObject_NTUST_Data_4018(5032).xlsx
2023-05-16 10:48:02,110 Model is running...
2023-05-16 10:48:04,121 result:4017:Execution succeed

2023-05-16 10:48:04,121 result:4017:Execution failed:Incorrect input data

2023-05-16 10:53:22,147 This program is a property of National Taiwan University of Science and Technology.

2023-05-16 10:53:22,148 nsop_BigObject_NTUST_Data_4018(3032).xlsx
2023-05-16 10:53:22,318 Model is running...
2023-05-16 10:53:53,470 This program is a property of National Taiwan University of Science and Technology.

2023-05-16 10:53:53,470 nsop_BigObject_NTUST_Data_4018(3032).xlsx
2023-05-16 10:53:53,571 Model is running...
2023-05-16 10:53:55,567 result:4017:Execution succeed

2023-05-16 10:53:55,567 result:4017:Execution failed:Incorrect input data

2023-05-16 10:56:42,554 This program is a property of National Taiwan University of Science and Technology.

2023-05-16 10:56:42,555 nsop_BigObject_NTUST_Data_4018(3032).xlsx
2023-05-16 10:56:42,640 Model is running...
2023-05-16 10:56:44,674 result:4017:Execution succeed

2023-05-16 10:56:44,675 result:4017:Execution failed:Incorrect input data

2023-05-16 11:08:25,328 This program is a property of National Taiwan University of Science and Technology.

2023-05-16 11:08:25,328 nsop_BigObject_NTUST_Data_4018(3032).xlsx
2023-05-16 11:08:25,493 Model is running...
2023-05-16 11:08:27,776 result:4017:Execution succeed

2023-05-16 11:08:27,776 result:4017:Execution failed:Incorrect input data

2023-05-16 11:10:55,807 This program is a property of National Taiwan University of Science and Technology.

2023-05-16 11:10:55,808 nsop_BigObject_NTUST_Data_4018(3032).xlsx
2023-05-16 11:10:55,979 Model is running...
2023-05-16 11:10:58,016 result:4017:Execution succeed

2023-05-16 11:10:58,016 result:4017:Execution failed:Incorrect input data

2023-05-16 11:20:27,236 This program is a property of National Taiwan University of Science and Technology.

2023-05-16 11:20:37,998 This program is a property of National Taiwan University of Science and Technology.

2023-05-16 11:20:37,998 nsop_BigObject_NTUST_Data_4018(5032).xlsx
2023-05-16 11:20:38,121 Model is running...
2023-05-16 11:20:40,036 result:4017:Execution succeed

2023-05-16 11:20:40,036 result:4017:Execution failed:Incorrect input data

