2023-06-19 16:11:24,099 This program is a property of National Taiwan University of Science and Technology.

2023-06-19 16:11:24,100 nsop_BigObject_NTUST_Data_4018(5065)_1.xlsx
2023-06-19 16:11:24,834 Model is running...
2023-06-19 16:12:02,311 This program is a property of National Taiwan University of Science and Technology.

2023-06-19 16:12:02,312 nsop_BigObject_NTUST_Data_4018(5065)_1.xlsx
2023-06-19 16:12:02,431 Model is running...
2023-06-19 16:13:56,763 This program is a property of National Taiwan University of Science and Technology.

2023-06-19 16:13:56,763 nsop_BigObject_NTUST_Data_4018(5065)_1.xlsx
2023-06-19 16:13:56,886 Model is running...
2023-06-19 16:16:12,747 This program is a property of National Taiwan University of Science and Technology.

2023-06-19 16:16:12,747 nsop_BigObject_NTUST_Data_4018(5065)_1.xlsx
2023-06-19 16:16:12,852 Model is running...
2023-06-19 16:16:19,750 This program is a property of National Taiwan University of Science and Technology.

2023-06-19 16:16:19,750 nsop_BigObject_NTUST_Data_4018(5065)_1.xlsx
2023-06-19 16:16:19,854 Model is running...
2023-06-19 16:16:40,206 result:4017:Execution succeed

2023-06-19 16:16:40,206 result:4017:Execution succeed

2023-06-19 16:16:40,206 nsop_BigObject_NTUST_Data_4018(5065)_10.xlsx
2023-06-19 16:16:40,329 Model is running...
2023-06-19 16:16:58,383 result:4017:Execution succeed

2023-06-19 16:16:58,383 result:4017:Execution succeed

2023-06-19 16:16:58,383 nsop_BigObject_NTUST_Data_4018(5065)_100.xlsx
2023-06-19 16:16:58,492 Model is running...
2023-06-19 16:17:16,383 result:4017:Execution succeed

2023-06-19 16:17:16,383 result:4017:Execution succeed

2023-06-19 16:17:16,383 nsop_BigObject_NTUST_Data_4018(5065)_11.xlsx
2023-06-19 16:17:16,579 Model is running...
2023-06-19 16:17:34,287 result:4017:Execution succeed

2023-06-19 16:17:34,288 result:4017:Execution succeed

2023-06-19 16:17:34,288 nsop_BigObject_NTUST_Data_4018(5065)_12.xlsx
2023-06-19 16:17:34,404 Model is running...
2023-06-19 16:17:52,843 result:4017:Execution succeed

2023-06-19 16:17:52,843 result:4017:Execution succeed

2023-06-19 16:17:52,843 nsop_BigObject_NTUST_Data_4018(5065)_13.xlsx
2023-06-19 16:17:52,956 Model is running...
2023-06-19 16:18:11,108 result:4017:Execution succeed

2023-06-19 16:18:11,108 result:4017:Execution succeed

2023-06-19 16:18:11,108 nsop_BigObject_NTUST_Data_4018(5065)_14.xlsx
2023-06-19 16:18:11,222 Model is running...
2023-06-19 16:18:29,167 result:4017:Execution succeed

2023-06-19 16:18:29,167 result:4017:Execution succeed

2023-06-19 16:18:29,167 nsop_BigObject_NTUST_Data_4018(5065)_15.xlsx
2023-06-19 16:18:29,279 Model is running...
2023-06-19 16:18:48,019 result:4017:Execution succeed

2023-06-19 16:18:48,019 result:4017:Execution succeed

2023-06-19 16:18:48,019 nsop_BigObject_NTUST_Data_4018(5065)_16.xlsx
2023-06-19 16:18:48,144 Model is running...
2023-06-19 16:19:06,079 result:4017:Execution succeed

2023-06-19 16:19:06,079 result:4017:Execution succeed

2023-06-19 16:19:06,079 nsop_BigObject_NTUST_Data_4018(5065)_17.xlsx
2023-06-19 16:19:06,198 Model is running...
2023-06-19 16:19:24,314 result:4017:Execution succeed

2023-06-19 16:19:24,314 result:4017:Execution succeed

2023-06-19 16:19:24,314 nsop_BigObject_NTUST_Data_4018(5065)_18.xlsx
2023-06-19 16:19:24,441 Model is running...
2023-06-19 16:19:43,014 result:4017:Execution succeed

2023-06-19 16:19:43,015 result:4017:Execution succeed

2023-06-19 16:19:43,015 nsop_BigObject_NTUST_Data_4018(5065)_19.xlsx
2023-06-19 16:19:43,154 Model is running...
2023-06-19 16:20:01,435 result:4017:Execution succeed

2023-06-19 16:20:01,435 result:4017:Execution succeed

2023-06-19 16:20:01,436 nsop_BigObject_NTUST_Data_4018(5065)_2.xlsx
2023-06-19 16:20:01,549 Model is running...
2023-06-19 16:20:19,240 result:4017:Execution succeed

2023-06-19 16:20:19,240 result:4017:Execution succeed

2023-06-19 16:20:19,240 nsop_BigObject_NTUST_Data_4018(5065)_20.xlsx
2023-06-19 16:20:19,363 Model is running...
2023-06-19 16:20:37,696 result:4017:Execution succeed

2023-06-19 16:20:37,696 result:4017:Execution succeed

2023-06-19 16:20:37,696 nsop_BigObject_NTUST_Data_4018(5065)_21.xlsx
2023-06-19 16:20:37,843 Model is running...
2023-06-19 16:20:56,584 result:4017:Execution succeed

2023-06-19 16:20:56,586 result:4017:Execution succeed

2023-06-19 16:20:56,586 nsop_BigObject_NTUST_Data_4018(5065)_22.xlsx
2023-06-19 16:20:56,703 Model is running...
2023-06-19 16:21:14,965 result:4017:Execution succeed

2023-06-19 16:21:14,965 result:4017:Execution succeed

2023-06-19 16:21:14,965 nsop_BigObject_NTUST_Data_4018(5065)_23.xlsx
2023-06-19 16:21:15,084 Model is running...
2023-06-19 16:21:33,501 result:4017:Execution succeed

2023-06-19 16:21:33,501 result:4017:Execution succeed

2023-06-19 16:21:33,501 nsop_BigObject_NTUST_Data_4018(5065)_24.xlsx
2023-06-19 16:21:33,611 Model is running...
2023-06-19 16:21:52,554 result:4017:Execution succeed

2023-06-19 16:21:52,554 result:4017:Execution succeed

2023-06-19 16:21:52,554 nsop_BigObject_NTUST_Data_4018(5065)_25.xlsx
2023-06-19 16:21:52,675 Model is running...
2023-06-19 16:22:11,177 result:4017:Execution succeed

2023-06-19 16:22:11,177 result:4017:Execution succeed

2023-06-19 16:22:11,177 nsop_BigObject_NTUST_Data_4018(5065)_26.xlsx
2023-06-19 16:22:11,291 Model is running...
2023-06-19 16:22:29,008 result:4017:Execution succeed

2023-06-19 16:22:29,008 result:4017:Execution succeed

2023-06-19 16:22:29,008 nsop_BigObject_NTUST_Data_4018(5065)_27.xlsx
2023-06-19 16:22:29,116 Model is running...
2023-06-19 16:22:47,421 result:4017:Execution succeed

2023-06-19 16:22:47,421 result:4017:Execution succeed

2023-06-19 16:22:47,421 nsop_BigObject_NTUST_Data_4018(5065)_28.xlsx
2023-06-19 16:22:47,542 Model is running...
2023-06-19 16:23:05,478 result:4017:Execution succeed

2023-06-19 16:23:05,478 result:4017:Execution succeed

2023-06-19 16:23:05,478 nsop_BigObject_NTUST_Data_4018(5065)_29.xlsx
2023-06-19 16:23:05,609 Model is running...
2023-06-19 16:23:23,093 result:4017:Execution succeed

2023-06-19 16:23:23,093 result:4017:Execution succeed

2023-06-19 16:23:23,094 nsop_BigObject_NTUST_Data_4018(5065)_3.xlsx
2023-06-19 16:23:23,211 Model is running...
2023-06-19 16:23:40,533 result:4017:Execution succeed

2023-06-19 16:23:40,533 result:4017:Execution succeed

2023-06-19 16:23:40,533 nsop_BigObject_NTUST_Data_4018(5065)_30.xlsx
2023-06-19 16:23:40,641 Model is running...
2023-06-19 16:23:58,443 result:4017:Execution succeed

2023-06-19 16:23:58,444 result:4017:Execution succeed

2023-06-19 16:23:58,444 nsop_BigObject_NTUST_Data_4018(5065)_31.xlsx
2023-06-19 16:23:58,568 Model is running...
2023-06-19 16:24:16,788 result:4017:Execution succeed

2023-06-19 16:24:16,788 result:4017:Execution succeed

2023-06-19 16:24:16,788 nsop_BigObject_NTUST_Data_4018(5065)_32.xlsx
2023-06-19 16:24:16,916 Model is running...
2023-06-19 16:24:33,769 result:4017:Execution succeed

2023-06-19 16:24:33,770 result:4017:Execution succeed

2023-06-19 16:24:33,770 nsop_BigObject_NTUST_Data_4018(5065)_33.xlsx
2023-06-19 16:24:33,875 Model is running...
2023-06-19 16:24:52,006 result:4017:Execution succeed

2023-06-19 16:24:52,006 result:4017:Execution succeed

2023-06-19 16:24:52,006 nsop_BigObject_NTUST_Data_4018(5065)_34.xlsx
2023-06-19 16:24:52,121 Model is running...
2023-06-19 16:25:09,021 result:4017:Execution succeed

2023-06-19 16:25:09,022 result:4017:Execution succeed

2023-06-19 16:25:09,022 nsop_BigObject_NTUST_Data_4018(5065)_35.xlsx
2023-06-19 16:25:09,134 Model is running...
2023-06-19 16:25:27,271 result:4017:Execution succeed

2023-06-19 16:25:27,271 result:4017:Execution succeed

2023-06-19 16:25:27,271 nsop_BigObject_NTUST_Data_4018(5065)_36.xlsx
2023-06-19 16:25:27,395 Model is running...
2023-06-19 16:25:46,077 result:4017:Execution succeed

2023-06-19 16:25:46,077 result:4017:Execution succeed

2023-06-19 16:25:46,077 nsop_BigObject_NTUST_Data_4018(5065)_37.xlsx
2023-06-19 16:25:46,204 Model is running...
2023-06-19 16:26:04,481 result:4017:Execution succeed

2023-06-19 16:26:04,481 result:4017:Execution succeed

2023-06-19 16:26:04,481 nsop_BigObject_NTUST_Data_4018(5065)_38.xlsx
2023-06-19 16:26:04,608 Model is running...
2023-06-19 16:26:22,661 result:4017:Execution succeed

2023-06-19 16:26:22,661 result:4017:Execution succeed

2023-06-19 16:26:22,661 nsop_BigObject_NTUST_Data_4018(5065)_39.xlsx
2023-06-19 16:26:22,768 Model is running...
2023-06-19 16:26:41,465 result:4017:Execution succeed

2023-06-19 16:26:41,466 result:4017:Execution succeed

2023-06-19 16:26:41,466 nsop_BigObject_NTUST_Data_4018(5065)_4.xlsx
2023-06-19 16:26:41,587 Model is running...
2023-06-19 16:26:59,699 result:4017:Execution succeed

2023-06-19 16:26:59,700 result:4017:Execution succeed

2023-06-19 16:26:59,700 nsop_BigObject_NTUST_Data_4018(5065)_40.xlsx
2023-06-19 16:26:59,821 Model is running...
2023-06-19 16:27:17,210 result:4017:Execution succeed

2023-06-19 16:27:17,210 result:4017:Execution succeed

2023-06-19 16:27:17,210 nsop_BigObject_NTUST_Data_4018(5065)_41.xlsx
2023-06-19 16:27:17,330 Model is running...
2023-06-19 16:27:35,002 result:4017:Execution succeed

2023-06-19 16:27:35,002 result:4017:Execution succeed

2023-06-19 16:27:35,002 nsop_BigObject_NTUST_Data_4018(5065)_42.xlsx
2023-06-19 16:27:35,140 Model is running...
2023-06-19 16:27:52,446 result:4017:Execution succeed

2023-06-19 16:27:52,446 result:4017:Execution succeed

2023-06-19 16:27:52,446 nsop_BigObject_NTUST_Data_4018(5065)_43.xlsx
2023-06-19 16:27:52,550 Model is running...
2023-06-19 16:28:09,950 result:4017:Execution succeed

2023-06-19 16:28:09,950 result:4017:Execution succeed

2023-06-19 16:28:09,951 nsop_BigObject_NTUST_Data_4018(5065)_44.xlsx
2023-06-19 16:28:10,068 Model is running...
2023-06-19 16:28:27,029 result:4017:Execution succeed

2023-06-19 16:28:27,030 result:4017:Execution succeed

2023-06-19 16:28:27,030 nsop_BigObject_NTUST_Data_4018(5065)_45.xlsx
2023-06-19 16:28:27,135 Model is running...
2023-06-19 16:28:44,390 result:4017:Execution succeed

2023-06-19 16:28:44,390 result:4017:Execution succeed

2023-06-19 16:28:44,390 nsop_BigObject_NTUST_Data_4018(5065)_46.xlsx
2023-06-19 16:28:44,514 Model is running...
2023-06-19 16:29:02,363 result:4017:Execution succeed

2023-06-19 16:29:02,363 result:4017:Execution succeed

2023-06-19 16:29:02,363 nsop_BigObject_NTUST_Data_4018(5065)_47.xlsx
2023-06-19 16:29:02,477 Model is running...
2023-06-19 16:29:19,051 result:4017:Execution succeed

2023-06-19 16:29:19,051 result:4017:Execution succeed

2023-06-19 16:29:19,051 nsop_BigObject_NTUST_Data_4018(5065)_48.xlsx
2023-06-19 16:29:19,154 Model is running...
2023-06-19 16:29:35,926 result:4017:Execution succeed

2023-06-19 16:29:35,926 result:4017:Execution succeed

2023-06-19 16:29:35,926 nsop_BigObject_NTUST_Data_4018(5065)_49.xlsx
2023-06-19 16:29:36,060 Model is running...
2023-06-19 16:29:53,943 result:4017:Execution succeed

2023-06-19 16:29:53,944 result:4017:Execution succeed

2023-06-19 16:29:53,944 nsop_BigObject_NTUST_Data_4018(5065)_5.xlsx
2023-06-19 16:29:54,083 Model is running...
2023-06-19 16:30:11,782 result:4017:Execution succeed

2023-06-19 16:30:11,783 result:4017:Execution succeed

2023-06-19 16:30:11,783 nsop_BigObject_NTUST_Data_4018(5065)_50.xlsx
2023-06-19 16:30:11,897 Model is running...
2023-06-19 16:30:28,851 result:4017:Execution succeed

2023-06-19 16:30:28,851 result:4017:Execution succeed

2023-06-19 16:30:28,851 nsop_BigObject_NTUST_Data_4018(5065)_51.xlsx
2023-06-19 16:30:28,954 Model is running...
2023-06-19 16:30:46,872 result:4017:Execution succeed

2023-06-19 16:30:46,872 result:4017:Execution succeed

2023-06-19 16:30:46,872 nsop_BigObject_NTUST_Data_4018(5065)_52.xlsx
2023-06-19 16:30:46,981 Model is running...
2023-06-19 16:31:05,374 result:4017:Execution succeed

2023-06-19 16:31:05,374 result:4017:Execution succeed

2023-06-19 16:31:05,374 nsop_BigObject_NTUST_Data_4018(5065)_53.xlsx
2023-06-19 16:31:05,501 Model is running...
2023-06-19 16:31:23,205 result:4017:Execution succeed

2023-06-19 16:31:23,206 result:4017:Execution succeed

2023-06-19 16:31:23,206 nsop_BigObject_NTUST_Data_4018(5065)_54.xlsx
2023-06-19 16:31:23,356 Model is running...
2023-06-19 16:31:41,939 result:4017:Execution succeed

2023-06-19 16:31:41,940 result:4017:Execution succeed

2023-06-19 16:31:41,940 nsop_BigObject_NTUST_Data_4018(5065)_55.xlsx
2023-06-19 16:31:42,046 Model is running...
2023-06-19 16:31:58,962 result:4017:Execution succeed

2023-06-19 16:31:58,962 result:4017:Execution succeed

2023-06-19 16:31:58,962 nsop_BigObject_NTUST_Data_4018(5065)_56.xlsx
2023-06-19 16:31:59,083 Model is running...
2023-06-19 16:32:16,320 result:4017:Execution succeed

2023-06-19 16:32:16,320 result:4017:Execution succeed

2023-06-19 16:32:16,321 nsop_BigObject_NTUST_Data_4018(5065)_57.xlsx
2023-06-19 16:32:16,542 Model is running...
2023-06-19 16:32:34,030 result:4017:Execution succeed

2023-06-19 16:32:34,030 result:4017:Execution succeed

2023-06-19 16:32:34,030 nsop_BigObject_NTUST_Data_4018(5065)_58.xlsx
2023-06-19 16:32:34,140 Model is running...
2023-06-19 16:32:51,711 result:4017:Execution succeed

2023-06-19 16:32:51,711 result:4017:Execution succeed

2023-06-19 16:32:51,711 nsop_BigObject_NTUST_Data_4018(5065)_59.xlsx
2023-06-19 16:32:51,821 Model is running...
2023-06-19 16:33:09,801 result:4017:Execution succeed

2023-06-19 16:33:09,801 result:4017:Execution succeed

2023-06-19 16:33:09,801 nsop_BigObject_NTUST_Data_4018(5065)_6.xlsx
2023-06-19 16:33:09,912 Model is running...
2023-06-19 16:33:27,237 result:4017:Execution succeed

2023-06-19 16:33:27,238 result:4017:Execution succeed

2023-06-19 16:33:27,238 nsop_BigObject_NTUST_Data_4018(5065)_60.xlsx
2023-06-19 16:33:27,347 Model is running...
2023-06-19 16:33:44,790 result:4017:Execution succeed

2023-06-19 16:33:44,791 result:4017:Execution succeed

2023-06-19 16:33:44,791 nsop_BigObject_NTUST_Data_4018(5065)_61.xlsx
2023-06-19 16:33:44,906 Model is running...
2023-06-19 16:34:03,067 result:4017:Execution succeed

2023-06-19 16:34:03,068 result:4017:Execution succeed

2023-06-19 16:34:03,068 nsop_BigObject_NTUST_Data_4018(5065)_62.xlsx
2023-06-19 16:34:03,184 Model is running...
2023-06-19 16:34:20,861 result:4017:Execution succeed

2023-06-19 16:34:20,861 result:4017:Execution succeed

2023-06-19 16:34:20,861 nsop_BigObject_NTUST_Data_4018(5065)_63.xlsx
2023-06-19 16:34:20,981 Model is running...
2023-06-19 16:34:39,624 result:4017:Execution succeed

2023-06-19 16:34:39,624 result:4017:Execution succeed

2023-06-19 16:34:39,624 nsop_BigObject_NTUST_Data_4018(5065)_64.xlsx
2023-06-19 16:34:39,737 Model is running...
2023-06-19 16:34:57,000 result:4017:Execution succeed

2023-06-19 16:34:57,000 result:4017:Execution succeed

2023-06-19 16:34:57,000 nsop_BigObject_NTUST_Data_4018(5065)_65.xlsx
2023-06-19 16:34:57,105 Model is running...
2023-06-19 16:35:14,392 result:4017:Execution succeed

2023-06-19 16:35:14,392 result:4017:Execution succeed

2023-06-19 16:35:14,392 nsop_BigObject_NTUST_Data_4018(5065)_66.xlsx
2023-06-19 16:35:14,506 Model is running...
2023-06-19 16:35:32,297 result:4017:Execution succeed

2023-06-19 16:35:32,298 result:4017:Execution succeed

2023-06-19 16:35:32,298 nsop_BigObject_NTUST_Data_4018(5065)_67.xlsx
2023-06-19 16:35:32,436 Model is running...
2023-06-19 16:35:51,169 result:4017:Execution succeed

2023-06-19 16:35:51,169 result:4017:Execution succeed

2023-06-19 16:35:51,170 nsop_BigObject_NTUST_Data_4018(5065)_68.xlsx
2023-06-19 16:35:51,285 Model is running...
2023-06-19 16:36:08,880 result:4017:Execution succeed

2023-06-19 16:36:08,881 result:4017:Execution succeed

2023-06-19 16:36:08,881 nsop_BigObject_NTUST_Data_4018(5065)_69.xlsx
2023-06-19 16:36:08,991 Model is running...
2023-06-19 16:36:25,907 result:4017:Execution succeed

2023-06-19 16:36:25,907 result:4017:Execution succeed

2023-06-19 16:36:25,907 nsop_BigObject_NTUST_Data_4018(5065)_7.xlsx
2023-06-19 16:36:26,013 Model is running...
2023-06-19 16:36:42,996 result:4017:Execution succeed

2023-06-19 16:36:42,996 result:4017:Execution succeed

2023-06-19 16:36:42,996 nsop_BigObject_NTUST_Data_4018(5065)_70.xlsx
2023-06-19 16:36:43,114 Model is running...
2023-06-19 16:37:00,638 result:4017:Execution succeed

2023-06-19 16:37:00,638 result:4017:Execution succeed

2023-06-19 16:37:00,639 nsop_BigObject_NTUST_Data_4018(5065)_71.xlsx
2023-06-19 16:37:00,727 Model is running...
2023-06-19 16:37:17,328 result:4017:Execution succeed

2023-06-19 16:37:17,328 result:4017:Execution succeed

2023-06-19 16:37:17,328 nsop_BigObject_NTUST_Data_4018(5065)_72.xlsx
2023-06-19 16:37:17,436 Model is running...
2023-06-19 16:37:34,690 result:4017:Execution succeed

2023-06-19 16:37:34,691 result:4017:Execution succeed

2023-06-19 16:37:34,691 nsop_BigObject_NTUST_Data_4018(5065)_73.xlsx
2023-06-19 16:37:34,838 Model is running...
2023-06-19 16:37:53,827 result:4017:Execution succeed

2023-06-19 16:37:53,827 result:4017:Execution succeed

2023-06-19 16:37:53,827 nsop_BigObject_NTUST_Data_4018(5065)_74.xlsx
2023-06-19 16:37:54,023 Model is running...
2023-06-19 16:38:11,712 result:4017:Execution succeed

2023-06-19 16:38:11,712 result:4017:Execution succeed

2023-06-19 16:38:11,712 nsop_BigObject_NTUST_Data_4018(5065)_75.xlsx
2023-06-19 16:38:11,828 Model is running...
2023-06-19 16:38:29,597 result:4017:Execution succeed

2023-06-19 16:38:29,597 result:4017:Execution succeed

2023-06-19 16:38:29,597 nsop_BigObject_NTUST_Data_4018(5065)_76.xlsx
2023-06-19 16:38:29,703 Model is running...
2023-06-19 16:38:48,533 result:4017:Execution succeed

2023-06-19 16:38:48,533 result:4017:Execution succeed

2023-06-19 16:38:48,533 nsop_BigObject_NTUST_Data_4018(5065)_77.xlsx
2023-06-19 16:38:48,658 Model is running...
2023-06-19 16:39:05,670 result:4017:Execution succeed

2023-06-19 16:39:05,670 result:4017:Execution succeed

2023-06-19 16:39:05,670 nsop_BigObject_NTUST_Data_4018(5065)_78.xlsx
2023-06-19 16:39:05,777 Model is running...
2023-06-19 16:39:22,293 result:4017:Execution succeed

2023-06-19 16:39:22,293 result:4017:Execution succeed

2023-06-19 16:39:22,293 nsop_BigObject_NTUST_Data_4018(5065)_79.xlsx
2023-06-19 16:39:22,406 Model is running...
2023-06-19 16:39:40,497 result:4017:Execution succeed

2023-06-19 16:39:40,497 result:4017:Execution succeed

2023-06-19 16:39:40,498 nsop_BigObject_NTUST_Data_4018(5065)_8.xlsx
2023-06-19 16:39:40,635 Model is running...
2023-06-19 16:39:58,191 result:4017:Execution succeed

2023-06-19 16:39:58,191 result:4017:Execution succeed

2023-06-19 16:39:58,192 nsop_BigObject_NTUST_Data_4018(5065)_80.xlsx
2023-06-19 16:39:58,330 Model is running...
2023-06-19 16:40:16,110 result:4017:Execution succeed

2023-06-19 16:40:16,110 result:4017:Execution succeed

2023-06-19 16:40:16,110 nsop_BigObject_NTUST_Data_4018(5065)_81.xlsx
2023-06-19 16:40:16,219 Model is running...
2023-06-19 16:40:34,327 result:4017:Execution succeed

2023-06-19 16:40:34,327 result:4017:Execution succeed

2023-06-19 16:40:34,327 nsop_BigObject_NTUST_Data_4018(5065)_82.xlsx
2023-06-19 16:40:34,446 Model is running...
2023-06-19 16:40:52,095 result:4017:Execution succeed

2023-06-19 16:40:52,096 result:4017:Execution succeed

2023-06-19 16:40:52,096 nsop_BigObject_NTUST_Data_4018(5065)_83.xlsx
2023-06-19 16:40:52,217 Model is running...
2023-06-19 16:41:09,400 result:4017:Execution succeed

2023-06-19 16:41:09,400 result:4017:Execution succeed

2023-06-19 16:41:09,400 nsop_BigObject_NTUST_Data_4018(5065)_84.xlsx
2023-06-19 16:41:09,510 Model is running...
2023-06-19 16:41:27,434 result:4017:Execution succeed

2023-06-19 16:41:27,434 result:4017:Execution succeed

2023-06-19 16:41:27,435 nsop_BigObject_NTUST_Data_4018(5065)_85.xlsx
2023-06-19 16:41:27,549 Model is running...
2023-06-19 16:41:46,387 result:4017:Execution succeed

2023-06-19 16:41:46,387 result:4017:Execution succeed

2023-06-19 16:41:46,387 nsop_BigObject_NTUST_Data_4018(5065)_86.xlsx
2023-06-19 16:41:46,500 Model is running...
2023-06-19 16:42:04,747 result:4017:Execution succeed

2023-06-19 16:42:04,747 result:4017:Execution succeed

2023-06-19 16:42:04,748 nsop_BigObject_NTUST_Data_4018(5065)_87.xlsx
2023-06-19 16:42:04,864 Model is running...
2023-06-19 16:42:22,857 result:4017:Execution succeed

2023-06-19 16:42:22,857 result:4017:Execution succeed

2023-06-19 16:42:22,857 nsop_BigObject_NTUST_Data_4018(5065)_88.xlsx
2023-06-19 16:42:22,961 Model is running...
2023-06-19 16:42:40,176 result:4017:Execution succeed

2023-06-19 16:42:40,176 result:4017:Execution succeed

2023-06-19 16:42:40,176 nsop_BigObject_NTUST_Data_4018(5065)_89.xlsx
2023-06-19 16:42:40,284 Model is running...
2023-06-19 16:42:57,906 result:4017:Execution succeed

2023-06-19 16:42:57,906 result:4017:Execution succeed

2023-06-19 16:42:57,906 nsop_BigObject_NTUST_Data_4018(5065)_9.xlsx
2023-06-19 16:42:58,020 Model is running...
2023-06-19 16:43:16,140 result:4017:Execution succeed

2023-06-19 16:43:16,141 result:4017:Execution succeed

2023-06-19 16:43:16,141 nsop_BigObject_NTUST_Data_4018(5065)_90.xlsx
2023-06-19 16:43:16,251 Model is running...
2023-06-19 16:43:34,594 result:4017:Execution succeed

2023-06-19 16:43:34,595 result:4017:Execution succeed

2023-06-19 16:43:34,595 nsop_BigObject_NTUST_Data_4018(5065)_91.xlsx
2023-06-19 16:43:34,701 Model is running...
2023-06-19 16:43:53,203 result:4017:Execution succeed

2023-06-19 16:43:53,203 result:4017:Execution succeed

2023-06-19 16:43:53,203 nsop_BigObject_NTUST_Data_4018(5065)_92.xlsx
2023-06-19 16:43:53,343 Model is running...
2023-06-19 16:44:10,352 result:4017:Execution succeed

2023-06-19 16:44:10,352 result:4017:Execution succeed

2023-06-19 16:44:10,352 nsop_BigObject_NTUST_Data_4018(5065)_93.xlsx
2023-06-19 16:44:10,459 Model is running...
2023-06-19 16:44:28,406 result:4017:Execution succeed

2023-06-19 16:44:28,407 result:4017:Execution succeed

2023-06-19 16:44:28,407 nsop_BigObject_NTUST_Data_4018(5065)_94.xlsx
2023-06-19 16:44:28,520 Model is running...
2023-06-19 16:44:46,214 result:4017:Execution succeed

2023-06-19 16:44:46,214 result:4017:Execution succeed

2023-06-19 16:44:46,214 nsop_BigObject_NTUST_Data_4018(5065)_95.xlsx
2023-06-19 16:44:46,318 Model is running...
2023-06-19 16:45:04,147 result:4017:Execution succeed

2023-06-19 16:45:04,147 result:4017:Execution succeed

2023-06-19 16:45:04,147 nsop_BigObject_NTUST_Data_4018(5065)_96.xlsx
2023-06-19 16:45:04,248 Model is running...
2023-06-19 16:45:21,988 result:4017:Execution succeed

2023-06-19 16:45:21,989 result:4017:Execution succeed

2023-06-19 16:45:21,989 nsop_BigObject_NTUST_Data_4018(5065)_97.xlsx
2023-06-19 16:45:22,105 Model is running...
2023-06-19 16:45:40,589 result:4017:Execution succeed

2023-06-19 16:45:40,590 result:4017:Execution succeed

2023-06-19 16:45:40,590 nsop_BigObject_NTUST_Data_4018(5065)_98.xlsx
2023-06-19 16:45:40,751 Model is running...
2023-06-19 16:45:57,833 result:4017:Execution succeed

2023-06-19 16:45:57,833 result:4017:Execution succeed

2023-06-19 16:45:57,833 nsop_BigObject_NTUST_Data_4018(5065)_99.xlsx
2023-06-19 16:45:57,941 Model is running...
2023-06-19 16:46:16,054 result:4017:Execution succeed

2023-06-19 16:46:16,054 result:4017:Execution succeed

2023-06-19 16:47:41,350 This program is a property of National Taiwan University of Science and Technology.

2023-06-19 16:47:41,351 nsop_BigObject_NTUST_Data_4018(3065)_1.xlsx
2023-06-19 16:47:41,578 Model is running...
2023-06-19 16:47:51,761 result:4017:Execution succeed

2023-06-19 16:47:51,761 result:4017:Execution succeed

2023-06-19 16:47:51,761 nsop_BigObject_NTUST_Data_4018(3065)_10.xlsx
2023-06-19 16:47:51,884 Model is running...
2023-06-19 16:48:01,364 result:4017:Execution succeed

2023-06-19 16:48:01,364 result:4017:Execution succeed

2023-06-19 16:48:01,364 nsop_BigObject_NTUST_Data_4018(3065)_100.xlsx
2023-06-19 16:48:01,475 Model is running...
2023-06-19 16:48:10,500 result:4017:Execution succeed

2023-06-19 16:48:10,500 result:4017:Execution succeed

2023-06-19 16:48:10,500 nsop_BigObject_NTUST_Data_4018(3065)_11.xlsx
2023-06-19 16:48:10,603 Model is running...
2023-06-19 16:48:19,749 result:4017:Execution succeed

2023-06-19 16:48:19,749 result:4017:Execution succeed

2023-06-19 16:48:19,749 nsop_BigObject_NTUST_Data_4018(3065)_12.xlsx
2023-06-19 16:48:19,849 Model is running...
2023-06-19 16:48:29,402 result:4017:Execution succeed

2023-06-19 16:48:29,402 result:4017:Execution succeed

2023-06-19 16:48:29,403 nsop_BigObject_NTUST_Data_4018(3065)_13.xlsx
2023-06-19 16:48:29,555 Model is running...
2023-06-19 16:48:39,816 result:4017:Execution succeed

2023-06-19 16:48:39,816 result:4017:Execution succeed

2023-06-19 16:48:39,816 nsop_BigObject_NTUST_Data_4018(3065)_14.xlsx
2023-06-19 16:48:39,925 Model is running...
2023-06-19 16:48:49,570 result:4017:Execution succeed

2023-06-19 16:48:49,570 result:4017:Execution succeed

2023-06-19 16:48:49,570 nsop_BigObject_NTUST_Data_4018(3065)_15.xlsx
2023-06-19 16:48:49,670 Model is running...
2023-06-19 16:48:58,893 result:4017:Execution succeed

2023-06-19 16:48:58,893 result:4017:Execution succeed

2023-06-19 16:48:58,894 nsop_BigObject_NTUST_Data_4018(3065)_16.xlsx
2023-06-19 16:48:59,001 Model is running...
2023-06-19 16:49:08,837 result:4017:Execution succeed

2023-06-19 16:49:08,837 result:4017:Execution succeed

2023-06-19 16:49:08,837 nsop_BigObject_NTUST_Data_4018(3065)_17.xlsx
2023-06-19 16:49:08,951 Model is running...
2023-06-19 16:49:19,014 result:4017:Execution succeed

2023-06-19 16:49:19,015 result:4017:Execution succeed

2023-06-19 16:49:19,015 nsop_BigObject_NTUST_Data_4018(3065)_18.xlsx
2023-06-19 16:49:19,150 Model is running...
2023-06-19 16:49:29,267 result:4017:Execution succeed

2023-06-19 16:49:29,267 result:4017:Execution succeed

2023-06-19 16:49:29,267 nsop_BigObject_NTUST_Data_4018(3065)_19.xlsx
2023-06-19 16:49:29,375 Model is running...
2023-06-19 16:49:40,052 result:4017:Execution succeed

2023-06-19 16:49:40,052 result:4017:Execution succeed

2023-06-19 16:49:40,052 nsop_BigObject_NTUST_Data_4018(3065)_2.xlsx
2023-06-19 16:49:40,164 Model is running...
2023-06-19 16:49:50,370 result:4017:Execution succeed

2023-06-19 16:49:50,370 result:4017:Execution succeed

2023-06-19 16:49:50,370 nsop_BigObject_NTUST_Data_4018(3065)_20.xlsx
2023-06-19 16:49:50,501 Model is running...
2023-06-19 16:50:01,757 result:4017:Execution succeed

2023-06-19 16:50:01,757 result:4017:Execution succeed

2023-06-19 16:50:01,757 nsop_BigObject_NTUST_Data_4018(3065)_21.xlsx
2023-06-19 16:50:01,998 Model is running...
2023-06-19 16:50:12,931 result:4017:Execution succeed

2023-06-19 16:50:12,931 result:4017:Execution succeed

2023-06-19 16:50:12,931 nsop_BigObject_NTUST_Data_4018(3065)_22.xlsx
2023-06-19 16:50:13,045 Model is running...
2023-06-19 16:50:23,977 result:4017:Execution succeed

2023-06-19 16:50:23,977 result:4017:Execution succeed

2023-06-19 16:50:23,977 nsop_BigObject_NTUST_Data_4018(3065)_23.xlsx
2023-06-19 16:50:24,130 Model is running...
2023-06-19 16:50:34,663 result:4017:Execution succeed

2023-06-19 16:50:34,664 result:4017:Execution succeed

2023-06-19 16:50:34,664 nsop_BigObject_NTUST_Data_4018(3065)_24.xlsx
2023-06-19 16:50:34,781 Model is running...
2023-06-19 16:50:45,987 result:4017:Execution succeed

2023-06-19 16:50:45,987 result:4017:Execution succeed

2023-06-19 16:50:45,987 nsop_BigObject_NTUST_Data_4018(3065)_25.xlsx
2023-06-19 16:50:46,103 Model is running...
2023-06-19 16:50:56,257 result:4017:Execution succeed

2023-06-19 16:50:56,257 result:4017:Execution succeed

2023-06-19 16:50:56,257 nsop_BigObject_NTUST_Data_4018(3065)_26.xlsx
2023-06-19 16:50:56,403 Model is running...
2023-06-19 16:51:06,304 result:4017:Execution succeed

2023-06-19 16:51:06,304 result:4017:Execution succeed

2023-06-19 16:51:06,304 nsop_BigObject_NTUST_Data_4018(3065)_27.xlsx
2023-06-19 16:51:06,416 Model is running...
2023-06-19 16:51:16,176 result:4017:Execution succeed

2023-06-19 16:51:16,177 result:4017:Execution succeed

2023-06-19 16:51:16,177 nsop_BigObject_NTUST_Data_4018(3065)_28.xlsx
2023-06-19 16:51:16,303 Model is running...
2023-06-19 16:51:26,137 result:4017:Execution succeed

2023-06-19 16:51:26,137 result:4017:Execution succeed

2023-06-19 16:51:26,138 nsop_BigObject_NTUST_Data_4018(3065)_29.xlsx
2023-06-19 16:51:26,245 Model is running...
2023-06-19 16:51:36,248 result:4017:Execution succeed

2023-06-19 16:51:36,249 result:4017:Execution succeed

2023-06-19 16:51:36,249 nsop_BigObject_NTUST_Data_4018(3065)_3.xlsx
2023-06-19 16:51:36,383 Model is running...
2023-06-19 16:51:46,487 result:4017:Execution succeed

2023-06-19 16:51:46,487 result:4017:Execution succeed

2023-06-19 16:51:46,487 nsop_BigObject_NTUST_Data_4018(3065)_30.xlsx
2023-06-19 16:51:46,608 Model is running...
2023-06-19 16:51:56,372 result:4017:Execution succeed

2023-06-19 16:51:56,372 result:4017:Execution succeed

2023-06-19 16:51:56,372 nsop_BigObject_NTUST_Data_4018(3065)_31.xlsx
2023-06-19 16:51:56,484 Model is running...
2023-06-19 16:52:06,296 result:4017:Execution succeed

2023-06-19 16:52:06,296 result:4017:Execution succeed

2023-06-19 16:52:06,296 nsop_BigObject_NTUST_Data_4018(3065)_32.xlsx
2023-06-19 16:52:06,403 Model is running...
2023-06-19 16:52:15,373 result:4017:Execution succeed

2023-06-19 16:52:15,374 result:4017:Execution succeed

2023-06-19 16:52:15,374 nsop_BigObject_NTUST_Data_4018(3065)_33.xlsx
2023-06-19 16:52:15,471 Model is running...
2023-06-19 16:52:24,663 result:4017:Execution succeed

2023-06-19 16:52:24,663 result:4017:Execution succeed

2023-06-19 16:52:24,663 nsop_BigObject_NTUST_Data_4018(3065)_34.xlsx
2023-06-19 16:52:24,770 Model is running...
2023-06-19 16:52:34,068 result:4017:Execution succeed

2023-06-19 16:52:34,068 result:4017:Execution succeed

2023-06-19 16:52:34,068 nsop_BigObject_NTUST_Data_4018(3065)_35.xlsx
2023-06-19 16:52:34,296 Model is running...
2023-06-19 16:52:44,589 result:4017:Execution succeed

2023-06-19 16:52:44,590 result:4017:Execution succeed

2023-06-19 16:52:44,590 nsop_BigObject_NTUST_Data_4018(3065)_36.xlsx
2023-06-19 16:52:44,693 Model is running...
2023-06-19 16:52:54,425 result:4017:Execution succeed

2023-06-19 16:52:54,425 result:4017:Execution succeed

2023-06-19 16:52:54,425 nsop_BigObject_NTUST_Data_4018(3065)_37.xlsx
2023-06-19 16:52:54,544 Model is running...
2023-06-19 16:53:04,332 result:4017:Execution succeed

2023-06-19 16:53:04,332 result:4017:Execution succeed

2023-06-19 16:53:04,332 nsop_BigObject_NTUST_Data_4018(3065)_38.xlsx
2023-06-19 16:53:04,452 Model is running...
2023-06-19 16:53:14,161 result:4017:Execution succeed

2023-06-19 16:53:14,161 result:4017:Execution succeed

2023-06-19 16:53:14,161 nsop_BigObject_NTUST_Data_4018(3065)_39.xlsx
2023-06-19 16:53:14,280 Model is running...
2023-06-19 16:53:23,930 result:4017:Execution succeed

2023-06-19 16:53:23,931 result:4017:Execution succeed

2023-06-19 16:53:23,931 nsop_BigObject_NTUST_Data_4018(3065)_4.xlsx
2023-06-19 16:53:24,066 Model is running...
2023-06-19 16:53:34,005 result:4017:Execution succeed

2023-06-19 16:53:34,005 result:4017:Execution succeed

2023-06-19 16:53:34,005 nsop_BigObject_NTUST_Data_4018(3065)_40.xlsx
2023-06-19 16:53:34,121 Model is running...
2023-06-19 16:53:43,936 result:4017:Execution succeed

2023-06-19 16:53:43,936 result:4017:Execution succeed

2023-06-19 16:53:43,936 nsop_BigObject_NTUST_Data_4018(3065)_41.xlsx
2023-06-19 16:53:44,045 Model is running...
2023-06-19 16:53:53,853 result:4017:Execution succeed

2023-06-19 16:53:53,853 result:4017:Execution succeed

2023-06-19 16:53:53,853 nsop_BigObject_NTUST_Data_4018(3065)_42.xlsx
2023-06-19 16:53:53,956 Model is running...
2023-06-19 16:54:03,695 result:4017:Execution succeed

2023-06-19 16:54:03,695 result:4017:Execution succeed

2023-06-19 16:54:03,695 nsop_BigObject_NTUST_Data_4018(3065)_43.xlsx
2023-06-19 16:54:03,811 Model is running...
2023-06-19 16:54:13,556 result:4017:Execution succeed

2023-06-19 16:54:13,556 result:4017:Execution succeed

2023-06-19 16:54:13,556 nsop_BigObject_NTUST_Data_4018(3065)_44.xlsx
2023-06-19 16:54:13,668 Model is running...
2023-06-19 16:54:23,461 result:4017:Execution succeed

2023-06-19 16:54:23,461 result:4017:Execution succeed

2023-06-19 16:54:23,461 nsop_BigObject_NTUST_Data_4018(3065)_45.xlsx
2023-06-19 16:54:23,571 Model is running...
2023-06-19 16:54:33,626 result:4017:Execution succeed

2023-06-19 16:54:33,627 result:4017:Execution succeed

2023-06-19 16:54:33,627 nsop_BigObject_NTUST_Data_4018(3065)_46.xlsx
2023-06-19 16:54:33,737 Model is running...
2023-06-19 16:54:44,165 result:4017:Execution succeed

2023-06-19 16:54:44,165 result:4017:Execution succeed

2023-06-19 16:54:44,165 nsop_BigObject_NTUST_Data_4018(3065)_47.xlsx
2023-06-19 16:54:44,289 Model is running...
2023-06-19 16:54:54,413 result:4017:Execution succeed

2023-06-19 16:54:54,413 result:4017:Execution succeed

2023-06-19 16:54:54,413 nsop_BigObject_NTUST_Data_4018(3065)_48.xlsx
2023-06-19 16:54:54,549 Model is running...
2023-06-19 16:55:03,882 result:4017:Execution succeed

2023-06-19 16:55:03,882 result:4017:Execution succeed

2023-06-19 16:55:03,882 nsop_BigObject_NTUST_Data_4018(3065)_49.xlsx
2023-06-19 16:55:04,096 Model is running...
2023-06-19 16:55:13,905 result:4017:Execution succeed

2023-06-19 16:55:13,905 result:4017:Execution succeed

2023-06-19 16:55:13,905 nsop_BigObject_NTUST_Data_4018(3065)_5.xlsx
2023-06-19 16:55:14,034 Model is running...
2023-06-19 16:55:23,861 result:4017:Execution succeed

2023-06-19 16:55:23,861 result:4017:Execution succeed

2023-06-19 16:55:23,861 nsop_BigObject_NTUST_Data_4018(3065)_50.xlsx
2023-06-19 16:55:23,965 Model is running...
2023-06-19 16:55:33,909 result:4017:Execution succeed

2023-06-19 16:55:33,909 result:4017:Execution succeed

2023-06-19 16:55:33,909 nsop_BigObject_NTUST_Data_4018(3065)_51.xlsx
2023-06-19 16:55:34,034 Model is running...
2023-06-19 16:55:44,548 result:4017:Execution succeed

2023-06-19 16:55:44,549 result:4017:Execution succeed

2023-06-19 16:55:44,549 nsop_BigObject_NTUST_Data_4018(3065)_52.xlsx
2023-06-19 16:55:44,658 Model is running...
2023-06-19 16:55:54,622 result:4017:Execution succeed

2023-06-19 16:55:54,622 result:4017:Execution succeed

2023-06-19 16:55:54,623 nsop_BigObject_NTUST_Data_4018(3065)_53.xlsx
2023-06-19 16:55:54,729 Model is running...
2023-06-19 16:56:04,720 result:4017:Execution succeed

2023-06-19 16:56:04,720 result:4017:Execution succeed

2023-06-19 16:56:04,720 nsop_BigObject_NTUST_Data_4018(3065)_54.xlsx
2023-06-19 16:56:04,837 Model is running...
2023-06-19 16:56:14,243 result:4017:Execution succeed

2023-06-19 16:56:14,243 result:4017:Execution succeed

2023-06-19 16:56:14,243 nsop_BigObject_NTUST_Data_4018(3065)_55.xlsx
2023-06-19 16:56:14,350 Model is running...
2023-06-19 16:56:23,512 result:4017:Execution succeed

2023-06-19 16:56:23,512 result:4017:Execution succeed

2023-06-19 16:56:23,512 nsop_BigObject_NTUST_Data_4018(3065)_56.xlsx
2023-06-19 16:56:23,620 Model is running...
2023-06-19 16:56:32,720 result:4017:Execution succeed

2023-06-19 16:56:32,720 result:4017:Execution succeed

2023-06-19 16:56:32,720 nsop_BigObject_NTUST_Data_4018(3065)_57.xlsx
2023-06-19 16:56:32,832 Model is running...
2023-06-19 16:56:43,110 result:4017:Execution succeed

2023-06-19 16:56:43,110 result:4017:Execution succeed

2023-06-19 16:56:43,110 nsop_BigObject_NTUST_Data_4018(3065)_58.xlsx
2023-06-19 16:56:43,224 Model is running...
2023-06-19 16:56:53,068 result:4017:Execution succeed

2023-06-19 16:56:53,068 result:4017:Execution succeed

2023-06-19 16:56:53,068 nsop_BigObject_NTUST_Data_4018(3065)_59.xlsx
2023-06-19 16:56:53,177 Model is running...
2023-06-19 16:57:02,927 result:4017:Execution succeed

2023-06-19 16:57:02,927 result:4017:Execution succeed

2023-06-19 16:57:02,927 nsop_BigObject_NTUST_Data_4018(3065)_6.xlsx
2023-06-19 16:57:03,030 Model is running...
2023-06-19 16:57:12,797 result:4017:Execution succeed

2023-06-19 16:57:12,798 result:4017:Execution succeed

2023-06-19 16:57:12,798 nsop_BigObject_NTUST_Data_4018(3065)_60.xlsx
2023-06-19 16:57:12,915 Model is running...
2023-06-19 16:57:22,617 result:4017:Execution succeed

2023-06-19 16:57:22,618 result:4017:Execution succeed

2023-06-19 16:57:22,618 nsop_BigObject_NTUST_Data_4018(3065)_61.xlsx
2023-06-19 16:57:22,835 Model is running...
2023-06-19 16:57:32,633 result:4017:Execution succeed

2023-06-19 16:57:32,633 result:4017:Execution succeed

2023-06-19 16:57:32,633 nsop_BigObject_NTUST_Data_4018(3065)_62.xlsx
2023-06-19 16:57:32,739 Model is running...
2023-06-19 16:57:42,675 result:4017:Execution succeed

2023-06-19 16:57:42,676 result:4017:Execution succeed

2023-06-19 16:57:42,676 nsop_BigObject_NTUST_Data_4018(3065)_63.xlsx
2023-06-19 16:57:42,777 Model is running...
2023-06-19 16:57:52,233 result:4017:Execution succeed

2023-06-19 16:57:52,233 result:4017:Execution succeed

2023-06-19 16:57:52,233 nsop_BigObject_NTUST_Data_4018(3065)_64.xlsx
2023-06-19 16:57:52,352 Model is running...
2023-06-19 16:58:01,987 result:4017:Execution succeed

2023-06-19 16:58:01,987 result:4017:Execution succeed

2023-06-19 16:58:01,987 nsop_BigObject_NTUST_Data_4018(3065)_65.xlsx
2023-06-19 16:58:02,099 Model is running...
2023-06-19 16:58:11,754 result:4017:Execution succeed

2023-06-19 16:58:11,754 result:4017:Execution succeed

2023-06-19 16:58:11,755 nsop_BigObject_NTUST_Data_4018(3065)_66.xlsx
2023-06-19 16:58:11,875 Model is running...
2023-06-19 16:58:21,555 result:4017:Execution succeed

2023-06-19 16:58:21,555 result:4017:Execution succeed

2023-06-19 16:58:21,555 nsop_BigObject_NTUST_Data_4018(3065)_67.xlsx
2023-06-19 16:58:21,662 Model is running...
2023-06-19 16:58:31,446 result:4017:Execution succeed

2023-06-19 16:58:31,446 result:4017:Execution succeed

2023-06-19 16:58:31,447 nsop_BigObject_NTUST_Data_4018(3065)_68.xlsx
2023-06-19 16:58:31,549 Model is running...
2023-06-19 16:58:42,286 result:4017:Execution succeed

2023-06-19 16:58:42,287 result:4017:Execution succeed

2023-06-19 16:58:42,287 nsop_BigObject_NTUST_Data_4018(3065)_69.xlsx
2023-06-19 16:58:42,398 Model is running...
2023-06-19 16:58:52,156 result:4017:Execution succeed

2023-06-19 16:58:52,156 result:4017:Execution succeed

2023-06-19 16:58:52,156 nsop_BigObject_NTUST_Data_4018(3065)_7.xlsx
2023-06-19 16:58:52,279 Model is running...
2023-06-19 16:59:02,107 result:4017:Execution succeed

2023-06-19 16:59:02,107 result:4017:Execution succeed

2023-06-19 16:59:02,107 nsop_BigObject_NTUST_Data_4018(3065)_70.xlsx
2023-06-19 16:59:02,218 Model is running...
2023-06-19 16:59:12,262 result:4017:Execution succeed

2023-06-19 16:59:12,263 result:4017:Execution succeed

2023-06-19 16:59:12,263 nsop_BigObject_NTUST_Data_4018(3065)_71.xlsx
2023-06-19 16:59:12,371 Model is running...
2023-06-19 16:59:21,737 result:4017:Execution succeed

2023-06-19 16:59:21,737 result:4017:Execution succeed

2023-06-19 16:59:21,738 nsop_BigObject_NTUST_Data_4018(3065)_72.xlsx
2023-06-19 16:59:21,864 Model is running...
2023-06-19 16:59:32,582 result:4017:Execution succeed

2023-06-19 16:59:32,582 result:4017:Execution succeed

2023-06-19 16:59:32,582 nsop_BigObject_NTUST_Data_4018(3065)_73.xlsx
2023-06-19 16:59:32,701 Model is running...
2023-06-19 16:59:43,052 result:4017:Execution succeed

2023-06-19 16:59:43,052 result:4017:Execution succeed

2023-06-19 16:59:43,052 nsop_BigObject_NTUST_Data_4018(3065)_74.xlsx
2023-06-19 16:59:43,155 Model is running...
2023-06-19 16:59:52,851 result:4017:Execution succeed

2023-06-19 16:59:52,851 result:4017:Execution succeed

2023-06-19 16:59:52,851 nsop_BigObject_NTUST_Data_4018(3065)_75.xlsx
2023-06-19 16:59:53,068 Model is running...
2023-06-19 17:00:02,952 result:4017:Execution succeed

2023-06-19 17:00:02,952 result:4017:Execution succeed

2023-06-19 17:00:02,952 nsop_BigObject_NTUST_Data_4018(3065)_76.xlsx
2023-06-19 17:00:03,076 Model is running...
2023-06-19 17:00:12,770 result:4017:Execution succeed

2023-06-19 17:00:12,770 result:4017:Execution succeed

2023-06-19 17:00:12,770 nsop_BigObject_NTUST_Data_4018(3065)_77.xlsx
2023-06-19 17:00:12,874 Model is running...
2023-06-19 17:00:22,631 result:4017:Execution succeed

2023-06-19 17:00:22,632 result:4017:Execution succeed

2023-06-19 17:00:22,632 nsop_BigObject_NTUST_Data_4018(3065)_78.xlsx
2023-06-19 17:00:22,739 Model is running...
2023-06-19 17:00:32,406 result:4017:Execution succeed

2023-06-19 17:00:32,406 result:4017:Execution succeed

2023-06-19 17:00:32,406 nsop_BigObject_NTUST_Data_4018(3065)_79.xlsx
2023-06-19 17:00:32,518 Model is running...
2023-06-19 17:00:42,879 result:4017:Execution succeed

2023-06-19 17:00:42,879 result:4017:Execution succeed

2023-06-19 17:00:42,879 nsop_BigObject_NTUST_Data_4018(3065)_8.xlsx
2023-06-19 17:00:42,982 Model is running...
2023-06-19 17:00:52,756 result:4017:Execution succeed

2023-06-19 17:00:52,757 result:4017:Execution succeed

2023-06-19 17:00:52,757 nsop_BigObject_NTUST_Data_4018(3065)_80.xlsx
2023-06-19 17:00:52,865 Model is running...
2023-06-19 17:01:02,747 result:4017:Execution succeed

2023-06-19 17:01:02,748 result:4017:Execution succeed

2023-06-19 17:01:02,748 nsop_BigObject_NTUST_Data_4018(3065)_81.xlsx
2023-06-19 17:01:02,853 Model is running...
2023-06-19 17:01:12,684 result:4017:Execution succeed

2023-06-19 17:01:12,684 result:4017:Execution succeed

2023-06-19 17:01:12,684 nsop_BigObject_NTUST_Data_4018(3065)_82.xlsx
2023-06-19 17:01:12,796 Model is running...
2023-06-19 17:01:22,548 result:4017:Execution succeed

2023-06-19 17:01:22,548 result:4017:Execution succeed

2023-06-19 17:01:22,548 nsop_BigObject_NTUST_Data_4018(3065)_83.xlsx
2023-06-19 17:01:22,664 Model is running...
2023-06-19 17:01:32,366 result:4017:Execution succeed

2023-06-19 17:01:32,367 result:4017:Execution succeed

2023-06-19 17:01:32,367 nsop_BigObject_NTUST_Data_4018(3065)_84.xlsx
2023-06-19 17:01:32,484 Model is running...
2023-06-19 17:01:42,796 result:4017:Execution succeed

2023-06-19 17:01:42,796 result:4017:Execution succeed

2023-06-19 17:01:42,796 nsop_BigObject_NTUST_Data_4018(3065)_85.xlsx
2023-06-19 17:01:42,907 Model is running...
2023-06-19 17:01:52,898 result:4017:Execution succeed

2023-06-19 17:01:52,899 result:4017:Execution succeed

2023-06-19 17:01:52,899 nsop_BigObject_NTUST_Data_4018(3065)_86.xlsx
2023-06-19 17:01:53,012 Model is running...
2023-06-19 17:02:02,518 result:4017:Execution succeed

2023-06-19 17:02:02,518 result:4017:Execution succeed

2023-06-19 17:02:02,518 nsop_BigObject_NTUST_Data_4018(3065)_87.xlsx
2023-06-19 17:02:02,637 Model is running...
2023-06-19 17:02:12,426 result:4017:Execution succeed

2023-06-19 17:02:12,426 result:4017:Execution succeed

2023-06-19 17:02:12,426 nsop_BigObject_NTUST_Data_4018(3065)_88.xlsx
2023-06-19 17:02:12,543 Model is running...
2023-06-19 17:02:22,446 result:4017:Execution succeed

2023-06-19 17:02:22,446 result:4017:Execution succeed

2023-06-19 17:02:22,446 nsop_BigObject_NTUST_Data_4018(3065)_89.xlsx
2023-06-19 17:02:22,556 Model is running...
2023-06-19 17:02:32,409 result:4017:Execution succeed

2023-06-19 17:02:32,410 result:4017:Execution succeed

2023-06-19 17:02:32,410 nsop_BigObject_NTUST_Data_4018(3065)_9.xlsx
2023-06-19 17:02:32,517 Model is running...
2023-06-19 17:02:42,933 result:4017:Execution succeed

2023-06-19 17:02:42,933 result:4017:Execution succeed

2023-06-19 17:02:42,933 nsop_BigObject_NTUST_Data_4018(3065)_90.xlsx
2023-06-19 17:02:43,053 Model is running...
2023-06-19 17:02:52,899 result:4017:Execution succeed

2023-06-19 17:02:52,899 result:4017:Execution succeed

2023-06-19 17:02:52,899 nsop_BigObject_NTUST_Data_4018(3065)_91.xlsx
2023-06-19 17:02:53,006 Model is running...
2023-06-19 17:03:02,512 result:4017:Execution succeed

2023-06-19 17:03:02,512 result:4017:Execution succeed

2023-06-19 17:03:02,512 nsop_BigObject_NTUST_Data_4018(3065)_92.xlsx
2023-06-19 17:03:02,612 Model is running...
2023-06-19 17:03:11,757 result:4017:Execution succeed

2023-06-19 17:03:11,758 result:4017:Execution succeed

2023-06-19 17:03:11,758 nsop_BigObject_NTUST_Data_4018(3065)_93.xlsx
2023-06-19 17:03:11,872 Model is running...
2023-06-19 17:03:21,047 result:4017:Execution succeed

2023-06-19 17:03:21,047 result:4017:Execution succeed

2023-06-19 17:03:21,047 nsop_BigObject_NTUST_Data_4018(3065)_94.xlsx
2023-06-19 17:03:21,148 Model is running...
2023-06-19 17:03:30,644 result:4017:Execution succeed

2023-06-19 17:03:30,644 result:4017:Execution succeed

2023-06-19 17:03:30,644 nsop_BigObject_NTUST_Data_4018(3065)_95.xlsx
2023-06-19 17:03:30,755 Model is running...
2023-06-19 17:03:40,980 result:4017:Execution succeed

2023-06-19 17:03:40,981 result:4017:Execution succeed

2023-06-19 17:03:40,981 nsop_BigObject_NTUST_Data_4018(3065)_96.xlsx
2023-06-19 17:03:41,084 Model is running...
2023-06-19 17:03:50,876 result:4017:Execution succeed

2023-06-19 17:03:50,876 result:4017:Execution succeed

2023-06-19 17:03:50,876 nsop_BigObject_NTUST_Data_4018(3065)_97.xlsx
2023-06-19 17:03:50,986 Model is running...
2023-06-19 17:04:00,618 result:4017:Execution succeed

2023-06-19 17:04:00,618 result:4017:Execution succeed

2023-06-19 17:04:00,618 nsop_BigObject_NTUST_Data_4018(3065)_98.xlsx
2023-06-19 17:04:00,734 Model is running...
2023-06-19 17:04:10,452 result:4017:Execution succeed

2023-06-19 17:04:10,452 result:4017:Execution succeed

2023-06-19 17:04:10,452 nsop_BigObject_NTUST_Data_4018(3065)_99.xlsx
2023-06-19 17:04:10,578 Model is running...
2023-06-19 17:04:19,594 result:4017:Execution succeed

2023-06-19 17:04:19,594 result:4017:Execution succeed

