2023-06-14 10:12:06,439 This program is a property of National Taiwan University of Science and Technology.

2023-06-14 10:12:06,439 nsop_BigObject_NTUST_Data_4018(632)_1.xlsx
2023-06-14 10:12:06,816 Model is running...
2023-06-14 10:12:08,371 result:4017:Execution succeed

2023-06-14 10:12:08,387 result:4017:Execution succeed

2023-06-14 10:12:08,387 nsop_BigObject_NTUST_Data_4018(632)_10.xlsx
2023-06-14 10:12:08,465 Model is running...
2023-06-14 10:12:09,907 result:4017:Execution succeed

2023-06-14 10:12:09,907 result:4017:Execution succeed

2023-06-14 10:12:09,907 nsop_BigObject_NTUST_Data_4018(632)_100.xlsx
2023-06-14 10:12:09,969 Model is running...
2023-06-14 10:12:11,382 result:4017:Execution succeed

2023-06-14 10:12:11,382 result:4017:Execution succeed

2023-06-14 10:12:11,382 nsop_BigObject_NTUST_Data_4018(632)_11.xlsx
2023-06-14 10:12:11,460 Model is running...
2023-06-14 10:12:12,902 result:4017:Execution succeed

2023-06-14 10:12:12,902 result:4017:Execution succeed

2023-06-14 10:12:12,902 nsop_BigObject_NTUST_Data_4018(632)_12.xlsx
2023-06-14 10:12:12,968 Model is running...
2023-06-14 10:12:14,381 result:4017:Execution succeed

2023-06-14 10:12:14,381 result:4017:Execution succeed

2023-06-14 10:12:14,381 nsop_BigObject_NTUST_Data_4018(632)_13.xlsx
2023-06-14 10:12:14,460 Model is running...
2023-06-14 10:12:15,951 result:4017:Execution succeed

2023-06-14 10:12:15,951 result:4017:Execution succeed

2023-06-14 10:12:15,951 nsop_BigObject_NTUST_Data_4018(632)_14.xlsx
2023-06-14 10:12:16,029 Model is running...
2023-06-14 10:12:17,499 result:4017:Execution succeed

2023-06-14 10:12:17,499 result:4017:Execution succeed

2023-06-14 10:12:17,499 nsop_BigObject_NTUST_Data_4018(632)_15.xlsx
2023-06-14 10:12:17,561 Model is running...
2023-06-14 10:12:18,976 result:4017:Execution succeed

2023-06-14 10:12:18,976 result:4017:Execution succeed

2023-06-14 10:12:18,976 nsop_BigObject_NTUST_Data_4018(632)_16.xlsx
2023-06-14 10:12:19,053 Model is running...
2023-06-14 10:12:20,340 result:4017:Execution succeed

2023-06-14 10:12:20,340 result:4017:Execution succeed

2023-06-14 10:12:20,340 nsop_BigObject_NTUST_Data_4018(632)_17.xlsx
2023-06-14 10:12:20,415 Model is running...
2023-06-14 10:12:21,846 result:4017:Execution succeed

2023-06-14 10:12:21,846 result:4017:Execution succeed

2023-06-14 10:12:21,846 nsop_BigObject_NTUST_Data_4018(632)_18.xlsx
2023-06-14 10:12:21,917 Model is running...
2023-06-14 10:12:23,277 result:4017:Execution succeed

2023-06-14 10:12:23,277 result:4017:Execution succeed

2023-06-14 10:12:23,277 nsop_BigObject_NTUST_Data_4018(632)_19.xlsx
2023-06-14 10:12:23,340 Model is running...
2023-06-14 10:12:24,730 result:4017:Execution succeed

2023-06-14 10:12:24,730 result:4017:Execution succeed

2023-06-14 10:12:24,730 nsop_BigObject_NTUST_Data_4018(632)_2.xlsx
2023-06-14 10:12:24,809 Model is running...
2023-06-14 10:12:26,190 result:4017:Execution succeed

2023-06-14 10:12:26,190 result:4017:Execution succeed

2023-06-14 10:12:26,190 nsop_BigObject_NTUST_Data_4018(632)_20.xlsx
2023-06-14 10:12:26,268 Model is running...
2023-06-14 10:12:27,627 result:4017:Execution succeed

2023-06-14 10:12:27,627 result:4017:Execution succeed

2023-06-14 10:12:27,627 nsop_BigObject_NTUST_Data_4018(632)_21.xlsx
2023-06-14 10:12:27,700 Model is running...
2023-06-14 10:12:29,082 result:4017:Execution succeed

2023-06-14 10:12:29,082 result:4017:Execution succeed

2023-06-14 10:12:29,082 nsop_BigObject_NTUST_Data_4018(632)_22.xlsx
2023-06-14 10:12:29,176 Model is running...
2023-06-14 10:12:30,562 result:4017:Execution succeed

2023-06-14 10:12:30,562 result:4017:Execution succeed

2023-06-14 10:12:30,562 nsop_BigObject_NTUST_Data_4018(632)_23.xlsx
2023-06-14 10:12:30,641 Model is running...
2023-06-14 10:12:32,022 result:4017:Execution succeed

2023-06-14 10:12:32,022 result:4017:Execution succeed

2023-06-14 10:12:32,022 nsop_BigObject_NTUST_Data_4018(632)_24.xlsx
2023-06-14 10:12:32,110 Model is running...
2023-06-14 10:12:33,485 result:4017:Execution succeed

2023-06-14 10:12:33,485 result:4017:Execution succeed

2023-06-14 10:12:33,485 nsop_BigObject_NTUST_Data_4018(632)_25.xlsx
2023-06-14 10:12:33,563 Model is running...
2023-06-14 10:12:34,967 result:4017:Execution succeed

2023-06-14 10:12:34,967 result:4017:Execution succeed

2023-06-14 10:12:34,967 nsop_BigObject_NTUST_Data_4018(632)_26.xlsx
2023-06-14 10:12:35,046 Model is running...
2023-06-14 10:12:36,498 result:4017:Execution succeed

2023-06-14 10:12:36,498 result:4017:Execution succeed

2023-06-14 10:12:36,498 nsop_BigObject_NTUST_Data_4018(632)_27.xlsx
2023-06-14 10:12:36,568 Model is running...
2023-06-14 10:12:37,998 result:4017:Execution succeed

2023-06-14 10:12:37,998 result:4017:Execution succeed

2023-06-14 10:12:37,998 nsop_BigObject_NTUST_Data_4018(632)_28.xlsx
2023-06-14 10:12:38,076 Model is running...
2023-06-14 10:12:39,466 result:4017:Execution succeed

2023-06-14 10:12:39,466 result:4017:Execution succeed

2023-06-14 10:12:39,466 nsop_BigObject_NTUST_Data_4018(632)_29.xlsx
2023-06-14 10:12:39,528 Model is running...
2023-06-14 10:12:40,926 result:4017:Execution succeed

2023-06-14 10:12:40,926 result:4017:Execution succeed

2023-06-14 10:12:40,926 nsop_BigObject_NTUST_Data_4018(632)_3.xlsx
2023-06-14 10:12:40,989 Model is running...
2023-06-14 10:12:42,402 result:4017:Execution succeed

2023-06-14 10:12:42,402 result:4017:Execution succeed

2023-06-14 10:12:42,402 nsop_BigObject_NTUST_Data_4018(632)_30.xlsx
2023-06-14 10:12:42,480 Model is running...
2023-06-14 10:12:43,878 result:4017:Execution succeed

2023-06-14 10:12:43,878 result:4017:Execution succeed

2023-06-14 10:12:43,878 nsop_BigObject_NTUST_Data_4018(632)_31.xlsx
2023-06-14 10:12:43,940 Model is running...
2023-06-14 10:12:45,376 result:4017:Execution succeed

2023-06-14 10:12:45,376 result:4017:Execution succeed

2023-06-14 10:12:45,376 nsop_BigObject_NTUST_Data_4018(632)_32.xlsx
2023-06-14 10:12:45,460 Model is running...
2023-06-14 10:12:46,835 result:4017:Execution succeed

2023-06-14 10:12:46,835 result:4017:Execution succeed

2023-06-14 10:12:46,835 nsop_BigObject_NTUST_Data_4018(632)_33.xlsx
2023-06-14 10:12:46,898 Model is running...
2023-06-14 10:12:48,265 result:4017:Execution succeed

2023-06-14 10:12:48,265 result:4017:Execution succeed

2023-06-14 10:12:48,265 nsop_BigObject_NTUST_Data_4018(632)_34.xlsx
2023-06-14 10:12:48,342 Model is running...
2023-06-14 10:12:49,787 result:4017:Execution succeed

2023-06-14 10:12:49,787 result:4017:Execution succeed

2023-06-14 10:12:49,787 nsop_BigObject_NTUST_Data_4018(632)_35.xlsx
2023-06-14 10:12:49,850 Model is running...
2023-06-14 10:12:51,230 result:4017:Execution succeed

2023-06-14 10:12:51,230 result:4017:Execution succeed

2023-06-14 10:12:51,230 nsop_BigObject_NTUST_Data_4018(632)_36.xlsx
2023-06-14 10:12:51,293 Model is running...
2023-06-14 10:12:52,672 result:4017:Execution succeed

2023-06-14 10:12:52,672 result:4017:Execution succeed

2023-06-14 10:12:52,672 nsop_BigObject_NTUST_Data_4018(632)_37.xlsx
2023-06-14 10:12:52,818 Model is running...
2023-06-14 10:12:54,230 result:4017:Execution succeed

2023-06-14 10:12:54,230 result:4017:Execution succeed

2023-06-14 10:12:54,230 nsop_BigObject_NTUST_Data_4018(632)_38.xlsx
2023-06-14 10:12:54,309 Model is running...
2023-06-14 10:12:55,643 result:4017:Execution succeed

2023-06-14 10:12:55,643 result:4017:Execution succeed

2023-06-14 10:12:55,658 nsop_BigObject_NTUST_Data_4018(632)_39.xlsx
2023-06-14 10:12:55,721 Model is running...
2023-06-14 10:12:57,071 result:4017:Execution succeed

2023-06-14 10:12:57,071 result:4017:Execution succeed

2023-06-14 10:12:57,071 nsop_BigObject_NTUST_Data_4018(632)_4.xlsx
2023-06-14 10:12:57,142 Model is running...
2023-06-14 10:12:58,533 result:4017:Execution succeed

2023-06-14 10:12:58,533 result:4017:Execution succeed

2023-06-14 10:12:58,533 nsop_BigObject_NTUST_Data_4018(632)_40.xlsx
2023-06-14 10:12:58,596 Model is running...
2023-06-14 10:13:00,003 result:4017:Execution succeed

2023-06-14 10:13:00,003 result:4017:Execution succeed

2023-06-14 10:13:00,003 nsop_BigObject_NTUST_Data_4018(632)_41.xlsx
2023-06-14 10:13:00,081 Model is running...
2023-06-14 10:13:01,509 result:4017:Execution succeed

2023-06-14 10:13:01,509 result:4017:Execution succeed

2023-06-14 10:13:01,509 nsop_BigObject_NTUST_Data_4018(632)_42.xlsx
2023-06-14 10:13:01,587 Model is running...
2023-06-14 10:13:03,002 result:4017:Execution succeed

2023-06-14 10:13:03,002 result:4017:Execution succeed

2023-06-14 10:13:03,002 nsop_BigObject_NTUST_Data_4018(632)_43.xlsx
2023-06-14 10:13:03,063 Model is running...
2023-06-14 10:13:04,554 result:4017:Execution succeed

2023-06-14 10:13:04,554 result:4017:Execution succeed

2023-06-14 10:13:04,554 nsop_BigObject_NTUST_Data_4018(632)_44.xlsx
2023-06-14 10:13:04,617 Model is running...
2023-06-14 10:13:06,060 result:4017:Execution succeed

2023-06-14 10:13:06,060 result:4017:Execution succeed

2023-06-14 10:13:06,060 nsop_BigObject_NTUST_Data_4018(632)_45.xlsx
2023-06-14 10:13:06,139 Model is running...
2023-06-14 10:13:07,725 result:4017:Execution succeed

2023-06-14 10:13:07,725 result:4017:Execution succeed

2023-06-14 10:13:07,725 nsop_BigObject_NTUST_Data_4018(632)_46.xlsx
2023-06-14 10:13:07,819 Model is running...
2023-06-14 10:13:09,445 result:4017:Execution succeed

2023-06-14 10:13:09,445 result:4017:Execution succeed

2023-06-14 10:13:09,445 nsop_BigObject_NTUST_Data_4018(632)_47.xlsx
2023-06-14 10:13:09,524 Model is running...
2023-06-14 10:13:10,937 result:4017:Execution succeed

2023-06-14 10:13:10,937 result:4017:Execution succeed

2023-06-14 10:13:10,937 nsop_BigObject_NTUST_Data_4018(632)_48.xlsx
2023-06-14 10:13:11,016 Model is running...
2023-06-14 10:13:12,427 result:4017:Execution succeed

2023-06-14 10:13:12,427 result:4017:Execution succeed

2023-06-14 10:13:12,427 nsop_BigObject_NTUST_Data_4018(632)_49.xlsx
2023-06-14 10:13:12,494 Model is running...
2023-06-14 10:13:13,938 result:4017:Execution succeed

2023-06-14 10:13:13,938 result:4017:Execution succeed

2023-06-14 10:13:13,938 nsop_BigObject_NTUST_Data_4018(632)_5.xlsx
2023-06-14 10:13:14,010 Model is running...
2023-06-14 10:13:15,412 result:4017:Execution succeed

2023-06-14 10:13:15,412 result:4017:Execution succeed

2023-06-14 10:13:15,412 nsop_BigObject_NTUST_Data_4018(632)_50.xlsx
2023-06-14 10:13:15,512 Model is running...
2023-06-14 10:13:16,942 result:4017:Execution succeed

2023-06-14 10:13:16,942 result:4017:Execution succeed

2023-06-14 10:13:16,942 nsop_BigObject_NTUST_Data_4018(632)_51.xlsx
2023-06-14 10:13:17,016 Model is running...
2023-06-14 10:13:18,467 result:4017:Execution succeed

2023-06-14 10:13:18,467 result:4017:Execution succeed

2023-06-14 10:13:18,467 nsop_BigObject_NTUST_Data_4018(632)_52.xlsx
2023-06-14 10:13:18,559 Model is running...
2023-06-14 10:13:19,995 result:4017:Execution succeed

2023-06-14 10:13:19,995 result:4017:Execution succeed

2023-06-14 10:13:19,995 nsop_BigObject_NTUST_Data_4018(632)_53.xlsx
2023-06-14 10:13:20,058 Model is running...
2023-06-14 10:13:21,503 result:4017:Execution succeed

2023-06-14 10:13:21,503 result:4017:Execution succeed

2023-06-14 10:13:21,503 nsop_BigObject_NTUST_Data_4018(632)_54.xlsx
2023-06-14 10:13:21,566 Model is running...
2023-06-14 10:13:23,044 result:4017:Execution succeed

2023-06-14 10:13:23,044 result:4017:Execution succeed

2023-06-14 10:13:23,044 nsop_BigObject_NTUST_Data_4018(632)_55.xlsx
2023-06-14 10:13:23,122 Model is running...
2023-06-14 10:13:24,556 result:4017:Execution succeed

2023-06-14 10:13:24,556 result:4017:Execution succeed

2023-06-14 10:13:24,556 nsop_BigObject_NTUST_Data_4018(632)_56.xlsx
2023-06-14 10:13:24,635 Model is running...
2023-06-14 10:13:26,033 result:4017:Execution succeed

2023-06-14 10:13:26,033 result:4017:Execution succeed

2023-06-14 10:13:26,033 nsop_BigObject_NTUST_Data_4018(632)_57.xlsx
2023-06-14 10:13:26,110 Model is running...
2023-06-14 10:13:27,524 result:4017:Execution succeed

2023-06-14 10:13:27,524 result:4017:Execution succeed

2023-06-14 10:13:27,524 nsop_BigObject_NTUST_Data_4018(632)_58.xlsx
2023-06-14 10:13:27,602 Model is running...
2023-06-14 10:13:29,046 result:4017:Execution succeed

2023-06-14 10:13:29,046 result:4017:Execution succeed

2023-06-14 10:13:29,046 nsop_BigObject_NTUST_Data_4018(632)_59.xlsx
2023-06-14 10:13:29,124 Model is running...
2023-06-14 10:13:30,530 result:4017:Execution succeed

2023-06-14 10:13:30,530 result:4017:Execution succeed

2023-06-14 10:13:30,530 nsop_BigObject_NTUST_Data_4018(632)_6.xlsx
2023-06-14 10:13:30,609 Model is running...
2023-06-14 10:13:32,045 result:4017:Execution succeed

2023-06-14 10:13:32,045 result:4017:Execution succeed

2023-06-14 10:13:32,045 nsop_BigObject_NTUST_Data_4018(632)_60.xlsx
2023-06-14 10:13:32,115 Model is running...
2023-06-14 10:13:33,562 result:4017:Execution succeed

2023-06-14 10:13:33,562 result:4017:Execution succeed

2023-06-14 10:13:33,562 nsop_BigObject_NTUST_Data_4018(632)_61.xlsx
2023-06-14 10:13:33,625 Model is running...
2023-06-14 10:13:35,059 result:4017:Execution succeed

2023-06-14 10:13:35,059 result:4017:Execution succeed

2023-06-14 10:13:35,059 nsop_BigObject_NTUST_Data_4018(632)_62.xlsx
2023-06-14 10:13:35,138 Model is running...
2023-06-14 10:13:36,543 result:4017:Execution succeed

2023-06-14 10:13:36,543 result:4017:Execution succeed

2023-06-14 10:13:36,543 nsop_BigObject_NTUST_Data_4018(632)_63.xlsx
2023-06-14 10:13:36,612 Model is running...
2023-06-14 10:13:38,061 result:4017:Execution succeed

2023-06-14 10:13:38,061 result:4017:Execution succeed

2023-06-14 10:13:38,061 nsop_BigObject_NTUST_Data_4018(632)_64.xlsx
2023-06-14 10:13:38,123 Model is running...
2023-06-14 10:13:39,574 result:4017:Execution succeed

2023-06-14 10:13:39,574 result:4017:Execution succeed

2023-06-14 10:13:39,574 nsop_BigObject_NTUST_Data_4018(632)_65.xlsx
2023-06-14 10:13:39,658 Model is running...
2023-06-14 10:13:41,096 result:4017:Execution succeed

2023-06-14 10:13:41,096 result:4017:Execution succeed

2023-06-14 10:13:41,096 nsop_BigObject_NTUST_Data_4018(632)_66.xlsx
2023-06-14 10:13:41,222 Model is running...
2023-06-14 10:13:42,771 result:4017:Execution succeed

2023-06-14 10:13:42,771 result:4017:Execution succeed

2023-06-14 10:13:42,772 nsop_BigObject_NTUST_Data_4018(632)_67.xlsx
2023-06-14 10:13:42,887 Model is running...
2023-06-14 10:13:44,628 result:4017:Execution succeed

2023-06-14 10:13:44,643 result:4017:Execution succeed

2023-06-14 10:13:44,643 nsop_BigObject_NTUST_Data_4018(632)_68.xlsx
2023-06-14 10:13:44,737 Model is running...
2023-06-14 10:13:46,456 result:4017:Execution succeed

2023-06-14 10:13:46,456 result:4017:Execution succeed

2023-06-14 10:13:46,456 nsop_BigObject_NTUST_Data_4018(632)_69.xlsx
2023-06-14 10:13:46,582 Model is running...
2023-06-14 10:13:48,782 result:4017:Execution succeed

2023-06-14 10:13:48,782 result:4017:Execution succeed

2023-06-14 10:13:48,782 nsop_BigObject_NTUST_Data_4018(632)_7.xlsx
2023-06-14 10:13:48,877 Model is running...
2023-06-14 10:13:50,659 result:4017:Execution succeed

2023-06-14 10:13:50,659 result:4017:Execution succeed

2023-06-14 10:13:50,659 nsop_BigObject_NTUST_Data_4018(632)_70.xlsx
2023-06-14 10:13:50,768 Model is running...
2023-06-14 10:13:52,484 result:4017:Execution succeed

2023-06-14 10:13:52,484 result:4017:Execution succeed

2023-06-14 10:13:52,484 nsop_BigObject_NTUST_Data_4018(632)_71.xlsx
2023-06-14 10:13:52,572 Model is running...
2023-06-14 10:13:54,144 result:4017:Execution succeed

2023-06-14 10:13:54,144 result:4017:Execution succeed

2023-06-14 10:13:54,144 nsop_BigObject_NTUST_Data_4018(632)_72.xlsx
2023-06-14 10:13:54,223 Model is running...
2023-06-14 10:13:55,669 result:4017:Execution succeed

2023-06-14 10:13:55,669 result:4017:Execution succeed

2023-06-14 10:13:55,669 nsop_BigObject_NTUST_Data_4018(632)_73.xlsx
2023-06-14 10:13:55,743 Model is running...
2023-06-14 10:13:57,189 result:4017:Execution succeed

2023-06-14 10:13:57,189 result:4017:Execution succeed

2023-06-14 10:13:57,189 nsop_BigObject_NTUST_Data_4018(632)_74.xlsx
2023-06-14 10:13:57,267 Model is running...
2023-06-14 10:13:58,703 result:4017:Execution succeed

2023-06-14 10:13:58,703 result:4017:Execution succeed

2023-06-14 10:13:58,703 nsop_BigObject_NTUST_Data_4018(632)_75.xlsx
2023-06-14 10:13:58,781 Model is running...
2023-06-14 10:14:00,261 result:4017:Execution succeed

2023-06-14 10:14:00,261 result:4017:Execution succeed

2023-06-14 10:14:00,261 nsop_BigObject_NTUST_Data_4018(632)_76.xlsx
2023-06-14 10:14:00,368 Model is running...
2023-06-14 10:14:01,853 result:4017:Execution succeed

2023-06-14 10:14:01,853 result:4017:Execution succeed

2023-06-14 10:14:01,853 nsop_BigObject_NTUST_Data_4018(632)_77.xlsx
2023-06-14 10:14:01,938 Model is running...
2023-06-14 10:14:03,425 result:4017:Execution succeed

2023-06-14 10:14:03,425 result:4017:Execution succeed

2023-06-14 10:14:03,425 nsop_BigObject_NTUST_Data_4018(632)_78.xlsx
2023-06-14 10:14:03,504 Model is running...
2023-06-14 10:14:05,001 result:4017:Execution succeed

2023-06-14 10:14:05,001 result:4017:Execution succeed

2023-06-14 10:14:05,001 nsop_BigObject_NTUST_Data_4018(632)_79.xlsx
2023-06-14 10:14:05,097 Model is running...
2023-06-14 10:14:06,693 result:4017:Execution succeed

2023-06-14 10:14:06,693 result:4017:Execution succeed

2023-06-14 10:14:06,693 nsop_BigObject_NTUST_Data_4018(632)_8.xlsx
2023-06-14 10:14:06,771 Model is running...
2023-06-14 10:14:08,578 result:4017:Execution succeed

2023-06-14 10:14:08,578 result:4017:Execution succeed

2023-06-14 10:14:08,578 nsop_BigObject_NTUST_Data_4018(632)_80.xlsx
2023-06-14 10:14:08,750 Model is running...
2023-06-14 10:14:10,271 result:4017:Execution succeed

2023-06-14 10:14:10,271 result:4017:Execution succeed

2023-06-14 10:14:10,271 nsop_BigObject_NTUST_Data_4018(632)_81.xlsx
2023-06-14 10:14:10,340 Model is running...
2023-06-14 10:14:11,784 result:4017:Execution succeed

2023-06-14 10:14:11,784 result:4017:Execution succeed

2023-06-14 10:14:11,784 nsop_BigObject_NTUST_Data_4018(632)_82.xlsx
2023-06-14 10:14:11,863 Model is running...
2023-06-14 10:14:13,299 result:4017:Execution succeed

2023-06-14 10:14:13,299 result:4017:Execution succeed

2023-06-14 10:14:13,299 nsop_BigObject_NTUST_Data_4018(632)_83.xlsx
2023-06-14 10:14:13,375 Model is running...
2023-06-14 10:14:14,771 result:4017:Execution succeed

2023-06-14 10:14:14,771 result:4017:Execution succeed

2023-06-14 10:14:14,771 nsop_BigObject_NTUST_Data_4018(632)_84.xlsx
2023-06-14 10:14:14,833 Model is running...
2023-06-14 10:14:16,314 result:4017:Execution succeed

2023-06-14 10:14:16,314 result:4017:Execution succeed

2023-06-14 10:14:16,314 nsop_BigObject_NTUST_Data_4018(632)_85.xlsx
2023-06-14 10:14:16,377 Model is running...
2023-06-14 10:14:17,947 result:4017:Execution succeed

2023-06-14 10:14:17,947 result:4017:Execution succeed

2023-06-14 10:14:17,947 nsop_BigObject_NTUST_Data_4018(632)_86.xlsx
2023-06-14 10:14:18,023 Model is running...
2023-06-14 10:14:19,459 result:4017:Execution succeed

2023-06-14 10:14:19,459 result:4017:Execution succeed

2023-06-14 10:14:19,459 nsop_BigObject_NTUST_Data_4018(632)_87.xlsx
2023-06-14 10:14:19,554 Model is running...
2023-06-14 10:14:20,997 result:4017:Execution succeed

2023-06-14 10:14:20,997 result:4017:Execution succeed

2023-06-14 10:14:20,997 nsop_BigObject_NTUST_Data_4018(632)_88.xlsx
2023-06-14 10:14:21,060 Model is running...
2023-06-14 10:14:22,519 result:4017:Execution succeed

2023-06-14 10:14:22,519 result:4017:Execution succeed

2023-06-14 10:14:22,519 nsop_BigObject_NTUST_Data_4018(632)_89.xlsx
2023-06-14 10:14:22,610 Model is running...
2023-06-14 10:14:24,017 result:4017:Execution succeed

2023-06-14 10:14:24,017 result:4017:Execution succeed

2023-06-14 10:14:24,017 nsop_BigObject_NTUST_Data_4018(632)_9.xlsx
2023-06-14 10:14:24,095 Model is running...
2023-06-14 10:14:25,669 result:4017:Execution succeed

2023-06-14 10:14:25,669 result:4017:Execution succeed

2023-06-14 10:14:25,669 nsop_BigObject_NTUST_Data_4018(632)_90.xlsx
2023-06-14 10:14:25,748 Model is running...
2023-06-14 10:14:27,209 result:4017:Execution succeed

2023-06-14 10:14:27,209 result:4017:Execution succeed

2023-06-14 10:14:27,209 nsop_BigObject_NTUST_Data_4018(632)_91.xlsx
2023-06-14 10:14:27,288 Model is running...
2023-06-14 10:14:28,745 result:4017:Execution succeed

2023-06-14 10:14:28,761 result:4017:Execution succeed

2023-06-14 10:14:28,761 nsop_BigObject_NTUST_Data_4018(632)_92.xlsx
2023-06-14 10:14:28,823 Model is running...
2023-06-14 10:14:30,294 result:4017:Execution succeed

2023-06-14 10:14:30,294 result:4017:Execution succeed

2023-06-14 10:14:30,294 nsop_BigObject_NTUST_Data_4018(632)_93.xlsx
2023-06-14 10:14:30,373 Model is running...
2023-06-14 10:14:31,817 result:4017:Execution succeed

2023-06-14 10:14:31,817 result:4017:Execution succeed

2023-06-14 10:14:31,817 nsop_BigObject_NTUST_Data_4018(632)_94.xlsx
2023-06-14 10:14:31,895 Model is running...
2023-06-14 10:14:33,363 result:4017:Execution succeed

2023-06-14 10:14:33,363 result:4017:Execution succeed

2023-06-14 10:14:33,363 nsop_BigObject_NTUST_Data_4018(632)_95.xlsx
2023-06-14 10:14:33,440 Model is running...
2023-06-14 10:14:34,883 result:4017:Execution succeed

2023-06-14 10:14:34,883 result:4017:Execution succeed

2023-06-14 10:14:34,883 nsop_BigObject_NTUST_Data_4018(632)_96.xlsx
2023-06-14 10:14:34,962 Model is running...
2023-06-14 10:14:36,393 result:4017:Execution succeed

2023-06-14 10:14:36,393 result:4017:Execution succeed

2023-06-14 10:14:36,393 nsop_BigObject_NTUST_Data_4018(632)_97.xlsx
2023-06-14 10:14:36,487 Model is running...
2023-06-14 10:14:37,916 result:4017:Execution succeed

2023-06-14 10:14:37,916 result:4017:Execution succeed

2023-06-14 10:14:37,917 nsop_BigObject_NTUST_Data_4018(632)_98.xlsx
2023-06-14 10:14:37,993 Model is running...
2023-06-14 10:14:39,459 result:4017:Execution succeed

2023-06-14 10:14:39,459 result:4017:Execution succeed

2023-06-14 10:14:39,459 nsop_BigObject_NTUST_Data_4018(632)_99.xlsx
2023-06-14 10:14:39,535 Model is running...
2023-06-14 10:14:41,057 result:4017:Execution succeed

2023-06-14 10:14:41,057 result:4017:Execution succeed

2023-06-14 10:22:11,959 This program is a property of National Taiwan University of Science and Technology.

2023-06-14 10:22:11,959 nsop_BigObject_NTUST_Data_4018(632)_1.xlsx
2023-06-14 10:22:12,053 Model is running...
2023-06-14 10:25:40,496 This program is a property of National Taiwan University of Science and Technology.

2023-06-14 10:25:40,496 nsop_BigObject_NTUST_Data_4018(632)_1.xlsx
2023-06-14 10:25:40,590 Model is running...
2023-06-14 10:35:33,563 This program is a property of National Taiwan University of Science and Technology.

2023-06-14 10:35:33,563 nsop_BigObject_NTUST_Data_4018(632)_1.xlsx
2023-06-14 10:35:33,641 Model is running...
2023-06-14 10:35:59,324 This program is a property of National Taiwan University of Science and Technology.

2023-06-14 10:35:59,324 nsop_BigObject_NTUST_Data_4018(632)_1.xlsx
2023-06-14 10:35:59,387 Model is running...
2023-06-14 10:36:22,047 This program is a property of National Taiwan University of Science and Technology.

2023-06-14 10:36:22,063 nsop_BigObject_NTUST_Data_4018(632)_1.xlsx
2023-06-14 10:36:22,127 Model is running...
2023-06-14 10:36:48,657 This program is a property of National Taiwan University of Science and Technology.

2023-06-14 10:36:48,657 nsop_BigObject_NTUST_Data_4018(632)_1.xlsx
2023-06-14 10:36:48,735 Model is running...
2023-06-14 10:37:08,357 This program is a property of National Taiwan University of Science and Technology.

2023-06-14 10:37:08,357 nsop_BigObject_NTUST_Data_4018(632)_1.xlsx
2023-06-14 10:37:08,435 Model is running...
2023-06-14 10:37:58,863 This program is a property of National Taiwan University of Science and Technology.

2023-06-14 10:37:58,863 nsop_BigObject_NTUST_Data_4018(632)_1.xlsx
2023-06-14 10:37:58,941 Model is running...
2023-06-14 10:38:09,731 This program is a property of National Taiwan University of Science and Technology.

2023-06-14 10:38:09,731 nsop_BigObject_NTUST_Data_4018(632)_1.xlsx
2023-06-14 10:38:09,809 Model is running...
2023-06-14 10:38:11,353 result:4017:Execution succeed

2023-06-14 10:38:11,353 result:4017:Execution succeed

2023-06-14 10:38:11,353 nsop_BigObject_NTUST_Data_4018(632)_10.xlsx
2023-06-14 10:38:11,426 Model is running...
2023-06-14 10:38:13,045 result:4017:Execution succeed

2023-06-14 10:38:13,045 result:4017:Execution succeed

2023-06-14 10:38:13,045 nsop_BigObject_NTUST_Data_4018(632)_100.xlsx
2023-06-14 10:38:13,108 Model is running...
2023-06-14 10:38:14,709 result:4017:Execution succeed

2023-06-14 10:38:14,709 result:4017:Execution succeed

2023-06-14 10:38:14,709 nsop_BigObject_NTUST_Data_4018(632)_11.xlsx
2023-06-14 10:38:14,803 Model is running...
2023-06-14 10:38:16,248 result:4017:Execution succeed

2023-06-14 10:38:16,248 result:4017:Execution succeed

2023-06-14 10:38:16,248 nsop_BigObject_NTUST_Data_4018(632)_12.xlsx
2023-06-14 10:38:16,310 Model is running...
2023-06-14 10:38:17,691 result:4017:Execution succeed

2023-06-14 10:38:17,691 result:4017:Execution succeed

2023-06-14 10:38:17,691 nsop_BigObject_NTUST_Data_4018(632)_13.xlsx
2023-06-14 10:38:17,770 Model is running...
2023-06-14 10:38:19,139 result:4017:Execution succeed

2023-06-14 10:38:19,139 result:4017:Execution succeed

2023-06-14 10:38:19,139 nsop_BigObject_NTUST_Data_4018(632)_14.xlsx
2023-06-14 10:38:19,217 Model is running...
2023-06-14 10:38:20,599 result:4017:Execution succeed

2023-06-14 10:38:20,599 result:4017:Execution succeed

2023-06-14 10:38:20,599 nsop_BigObject_NTUST_Data_4018(632)_15.xlsx
2023-06-14 10:38:20,662 Model is running...
2023-06-14 10:38:21,980 result:4017:Execution succeed

2023-06-14 10:38:21,980 result:4017:Execution succeed

2023-06-14 10:38:21,980 nsop_BigObject_NTUST_Data_4018(632)_16.xlsx
2023-06-14 10:38:22,043 Model is running...
2023-06-14 10:41:42,576 This program is a property of National Taiwan University of Science and Technology.

2023-06-14 10:41:42,576 nsop_BigObject_NTUST_Data_4018(632)_1.xlsx
2023-06-14 10:41:42,654 Model is running...
2023-06-14 10:42:08,027 This program is a property of National Taiwan University of Science and Technology.

2023-06-14 10:42:08,027 nsop_BigObject_NTUST_Data_4018(632)_1.xlsx
2023-06-14 10:42:08,106 Model is running...
2023-06-14 10:44:34,575 This program is a property of National Taiwan University of Science and Technology.

2023-06-14 10:44:34,576 nsop_BigObject_NTUST_Data_4018(632)_1.xlsx
2023-06-14 10:44:34,644 Model is running...
2023-06-14 10:44:48,322 This program is a property of National Taiwan University of Science and Technology.

2023-06-14 10:44:48,322 nsop_BigObject_NTUST_Data_4018(632)_1.xlsx
2023-06-14 10:44:48,385 Model is running...
2023-06-14 10:46:35,664 This program is a property of National Taiwan University of Science and Technology.

2023-06-14 10:46:35,664 nsop_BigObject_NTUST_Data_4018(632)_1.xlsx
2023-06-14 10:46:35,734 Model is running...
2023-06-14 10:48:06,218 This program is a property of National Taiwan University of Science and Technology.

2023-06-14 10:48:06,218 nsop_BigObject_NTUST_Data_4018(2053).xlsx
2023-06-14 10:48:06,328 Model is running...
2023-06-14 10:48:08,011 result:4017:Execution succeed

2023-06-14 10:48:08,011 result:4017:Execution succeed

2023-06-14 10:48:39,002 This program is a property of National Taiwan University of Science and Technology.

2023-06-14 10:48:39,002 nsop_BigObject_NTUST_Data_4018(2053).xlsx
2023-06-14 10:48:39,175 Model is running...
2023-06-14 10:48:40,650 result:4017:Execution succeed

2023-06-14 10:48:40,650 result:4017:Execution succeed

2023-06-14 10:49:04,529 This program is a property of National Taiwan University of Science and Technology.

2023-06-14 10:49:04,529 nsop_BigObject_NTUST_Data_4018(2053).xlsx
2023-06-14 10:49:04,623 Model is running...
2023-06-14 10:49:06,321 result:4017:Execution succeed

2023-06-14 10:49:06,321 result:4017:Execution succeed

2023-06-14 11:00:27,791 This program is a property of National Taiwan University of Science and Technology.

2023-06-14 11:00:27,791 nsop_BigObject_NTUST_Data_4018(2053).xlsx
2023-06-14 11:00:27,898 Model is running...
2023-06-14 11:00:29,556 result:4017:Execution succeed

2023-06-14 11:00:29,556 result:4017:Execution succeed

2023-06-14 14:40:44,641 This program is a property of National Taiwan University of Science and Technology.

2023-06-14 14:40:44,641 nsop_BigObject_NTUST_Data_4018(2053).xlsx
2023-06-14 14:40:44,719 Model is running...
2023-06-14 14:40:46,241 result:4017:Execution succeed

2023-06-14 14:40:46,241 result:4017:Execution succeed

2023-06-14 14:42:08,707 This program is a property of National Taiwan University of Science and Technology.

2023-06-14 14:42:08,707 nsop_BigObject_NTUST_Data_4018(2053).xlsx
2023-06-14 14:42:08,801 Model is running...
2023-06-14 14:42:15,883 This program is a property of National Taiwan University of Science and Technology.

2023-06-14 14:42:15,883 nsop_BigObject_NTUST_Data_4018(2053).xlsx
2023-06-14 14:42:15,976 Model is running...
2023-06-14 14:42:25,939 This program is a property of National Taiwan University of Science and Technology.

2023-06-14 14:42:25,939 nsop_BigObject_NTUST_Data_4018(2053).xlsx
2023-06-14 14:42:26,065 Model is running...
2023-06-14 14:42:40,918 This program is a property of National Taiwan University of Science and Technology.

2023-06-14 14:42:40,918 nsop_BigObject_NTUST_Data_4018(2053).xlsx
2023-06-14 14:42:41,012 Model is running...
2023-06-14 14:42:51,826 This program is a property of National Taiwan University of Science and Technology.

2023-06-14 14:42:51,826 nsop_BigObject_NTUST_Data_4018(2053).xlsx
2023-06-14 14:42:51,920 Model is running...
2023-06-14 14:43:02,399 This program is a property of National Taiwan University of Science and Technology.

2023-06-14 14:43:02,399 nsop_BigObject_NTUST_Data_4018(2053).xlsx
2023-06-14 14:43:02,493 Model is running...
2023-06-14 14:43:26,046 This program is a property of National Taiwan University of Science and Technology.

2023-06-14 14:43:26,046 nsop_BigObject_NTUST_Data_4018(2053).xlsx
2023-06-14 14:43:26,140 Model is running...
2023-06-14 14:43:33,115 This program is a property of National Taiwan University of Science and Technology.

2023-06-14 14:43:33,115 nsop_BigObject_NTUST_Data_4018(2053).xlsx
2023-06-14 14:43:33,209 Model is running...
2023-06-14 14:43:56,844 This program is a property of National Taiwan University of Science and Technology.

2023-06-14 14:43:56,860 nsop_BigObject_NTUST_Data_4018(2053).xlsx
2023-06-14 14:43:56,938 Model is running...
2023-06-14 14:44:02,639 This program is a property of National Taiwan University of Science and Technology.

2023-06-14 14:44:02,639 nsop_BigObject_NTUST_Data_4018(2053).xlsx
2023-06-14 14:44:02,718 Model is running...
2023-06-14 14:44:07,272 This program is a property of National Taiwan University of Science and Technology.

2023-06-14 14:44:07,272 nsop_BigObject_NTUST_Data_4018(2053).xlsx
2023-06-14 14:44:07,381 Model is running...
2023-06-14 14:44:09,101 result:4017:Execution succeed

2023-06-14 14:44:09,101 result:4017:Execution succeed

2023-06-14 14:44:47,700 This program is a property of National Taiwan University of Science and Technology.

2023-06-14 14:44:47,700 nsop_BigObject_NTUST_Data_4018(2053).xlsx
2023-06-14 14:44:47,778 Model is running...
2023-06-14 14:44:49,496 result:4017:Execution succeed

2023-06-14 14:44:49,496 result:4017:Execution succeed

2023-06-14 14:45:09,190 This program is a property of National Taiwan University of Science and Technology.

2023-06-14 14:45:09,190 nsop_BigObject_NTUST_Data_4018(2053).xlsx
2023-06-14 14:45:09,299 Model is running...
2023-06-14 14:45:11,045 result:4017:Execution succeed

2023-06-14 14:45:11,045 result:4017:Execution succeed

2023-06-14 14:54:08,489 This program is a property of National Taiwan University of Science and Technology.

2023-06-14 14:54:08,489 nsop_BigObject_NTUST_Data_4018(2053).xlsx
2023-06-14 14:54:08,598 Model is running...
2023-06-14 14:54:10,136 result:4017:Execution succeed

2023-06-14 14:54:10,136 result:4017:Execution succeed

2023-06-14 14:54:28,822 This program is a property of National Taiwan University of Science and Technology.

2023-06-14 14:54:28,822 nsop_BigObject_NTUST_Data_4018(2053).xlsx
2023-06-14 14:54:28,916 Model is running...
2023-06-14 14:54:30,313 result:4017:Execution succeed

2023-06-14 14:54:30,313 result:4017:Execution succeed

2023-06-14 14:55:38,280 This program is a property of National Taiwan University of Science and Technology.

2023-06-14 14:55:38,280 nsop_BigObject_NTUST_Data_4018(2053).xlsx
2023-06-14 14:55:38,375 Model is running...
2023-06-14 14:55:49,102 This program is a property of National Taiwan University of Science and Technology.

2023-06-14 14:55:49,102 nsop_BigObject_NTUST_Data_4018(2053).xlsx
2023-06-14 14:55:49,196 Model is running...
2023-06-14 14:55:50,749 result:4017:Execution succeed

2023-06-14 14:55:50,749 result:4017:Execution succeed

2023-06-14 15:11:52,142 This program is a property of National Taiwan University of Science and Technology.

2023-06-14 15:11:52,142 nsop_BigObject_NTUST_Data_4018(2053).xlsx
2023-06-14 15:11:52,237 Model is running...
2023-06-14 15:11:53,701 result:4017:Execution succeed

2023-06-14 15:11:53,701 result:4017:Execution succeed

2023-06-14 15:39:41,926 This program is a property of National Taiwan University of Science and Technology.

2023-06-14 15:39:41,926 nsop_BigObject_NTUST_Data_4018(2053).xlsx
2023-06-14 15:39:42,005 Model is running...
2023-06-14 15:39:55,155 This program is a property of National Taiwan University of Science and Technology.

2023-06-14 15:39:55,155 nsop_BigObject_NTUST_Data_4018(2053).xlsx
2023-06-14 15:39:55,234 Model is running...
2023-06-14 15:40:09,867 This program is a property of National Taiwan University of Science and Technology.

2023-06-14 15:40:09,867 nsop_BigObject_NTUST_Data_4018(2053).xlsx
2023-06-14 15:40:09,961 Model is running...
2023-06-14 15:40:41,238 This program is a property of National Taiwan University of Science and Technology.

2023-06-14 15:40:41,238 nsop_BigObject_NTUST_Data_4018(2053).xlsx
2023-06-14 15:40:41,332 Model is running...
2023-06-14 15:40:50,929 This program is a property of National Taiwan University of Science and Technology.

2023-06-14 15:40:50,930 nsop_BigObject_NTUST_Data_4018(2053).xlsx
2023-06-14 15:40:51,001 Model is running...
2023-06-14 15:40:52,523 result:4017:Execution succeed

2023-06-14 15:40:52,523 result:4017:Execution succeed

2023-06-14 15:43:58,674 This program is a property of National Taiwan University of Science and Technology.

2023-06-14 15:43:58,674 nsop_BigObject_NTUST_Data_4018(2053).xlsx
2023-06-14 15:43:58,768 Model is running...
2023-06-14 15:44:00,239 result:4017:Execution succeed

2023-06-14 15:44:00,239 result:4017:Execution succeed

2023-06-14 15:47:15,198 This program is a property of National Taiwan University of Science and Technology.

2023-06-14 15:47:15,198 nsop_BigObject_NTUST_Data_4018(2053).xlsx
2023-06-14 15:47:15,274 Model is running...
2023-06-14 15:47:16,781 result:4017:Execution succeed

2023-06-14 15:47:16,781 result:4017:Execution succeed

2023-06-14 15:47:33,542 This program is a property of National Taiwan University of Science and Technology.

2023-06-14 15:47:33,542 nsop_BigObject_NTUST_Data_4018(2053).xlsx
2023-06-14 15:47:33,637 Model is running...
2023-06-14 15:47:35,191 result:4017:Execution succeed

2023-06-14 15:47:35,191 result:4017:Execution succeed

2023-06-14 15:51:43,864 This program is a property of National Taiwan University of Science and Technology.

2023-06-14 15:51:43,864 nsop_BigObject_NTUST_Data_4018(2053).xlsx
2023-06-14 15:51:43,949 Model is running...
2023-06-14 15:51:45,546 result:4017:Execution succeed

2023-06-14 15:51:45,546 result:4017:Execution succeed

2023-06-14 15:52:47,233 This program is a property of National Taiwan University of Science and Technology.

2023-06-14 15:52:47,233 nsop_BigObject_NTUST_Data_4018(2053).xlsx
2023-06-14 15:52:47,304 Model is running...
2023-06-14 15:52:48,800 result:4017:Execution succeed

2023-06-14 15:52:48,800 result:4017:Execution succeed

2023-06-14 15:53:17,603 This program is a property of National Taiwan University of Science and Technology.

2023-06-14 15:53:17,603 nsop_BigObject_NTUST_Data_4018(2053).xlsx
2023-06-14 15:53:17,682 Model is running...
2023-06-14 15:53:19,098 result:4017:Execution succeed

2023-06-14 15:53:19,098 result:4017:Execution succeed

2023-06-14 15:53:32,634 This program is a property of National Taiwan University of Science and Technology.

2023-06-14 15:53:32,634 nsop_BigObject_NTUST_Data_4018(2053).xlsx
2023-06-14 15:53:32,728 Model is running...
2023-06-14 15:53:34,221 result:4017:Execution succeed

2023-06-14 15:53:34,221 result:4017:Execution succeed

2023-06-14 15:54:52,971 This program is a property of National Taiwan University of Science and Technology.

2023-06-14 15:54:52,971 nsop_BigObject_NTUST_Data_4018(2053).xlsx
2023-06-14 15:54:53,055 Model is running...
2023-06-14 15:54:54,462 result:4017:Execution succeed

2023-06-14 15:54:54,478 result:4017:Execution succeed

2023-06-15 10:59:58,945 This program is a property of National Taiwan University of Science and Technology.

2023-06-15 10:59:58,946 nsop_BigObject_NTUST_Data_4018(2053).xlsx
2023-06-15 10:59:59,036 Model is running...
2023-06-15 11:00:50,325 This program is a property of National Taiwan University of Science and Technology.

2023-06-15 11:00:50,326 nsop_BigObject_NTUST_Data_4018(2053).xlsx
2023-06-15 11:00:50,417 Model is running...
2023-06-15 11:01:10,499 This program is a property of National Taiwan University of Science and Technology.

2023-06-15 11:01:10,499 nsop_BigObject_NTUST_Data_4018(2053).xlsx
2023-06-15 11:01:10,596 Model is running...
2023-06-15 11:14:23,184 This program is a property of National Taiwan University of Science and Technology.

2023-06-15 11:14:23,184 nsop_BigObject_NTUST_Data_4018(2053).xlsx
2023-06-15 11:14:23,260 Model is running...
2023-06-15 11:14:24,697 result:4017:Execution succeed

2023-06-15 11:14:24,697 result:4017:Execution succeed

2023-06-15 11:46:53,019 This program is a property of National Taiwan University of Science and Technology.

2023-06-15 11:46:53,019 nsop_BigObject_NTUST_Data_4018(2053).xlsx
2023-06-15 11:46:53,242 Model is running...
2023-06-15 11:46:54,794 result:4017:Execution succeed

2023-06-15 11:46:54,794 result:4017:Execution succeed

2023-06-15 11:47:38,126 This program is a property of National Taiwan University of Science and Technology.

2023-06-15 11:47:38,127 nsop_BigObject_NTUST_Data_4018(2053).xlsx
2023-06-15 11:47:38,225 Model is running...
2023-06-15 11:47:39,626 result:4017:Execution succeed

2023-06-15 11:47:39,626 result:4017:Execution succeed

2023-06-15 11:48:20,671 This program is a property of National Taiwan University of Science and Technology.

2023-06-15 11:48:20,671 nsop_BigObject_NTUST_Data_4018(2053).xlsx
2023-06-15 11:48:20,756 Model is running...
2023-06-15 11:48:22,149 result:4017:Execution succeed

2023-06-15 11:48:22,149 result:4017:Execution succeed

2023-06-15 11:50:16,216 This program is a property of National Taiwan University of Science and Technology.

2023-06-15 11:50:16,216 nsop_BigObject_NTUST_Data_4018(2053).xlsx
2023-06-15 11:50:16,296 Model is running...
2023-06-15 11:52:24,098 This program is a property of National Taiwan University of Science and Technology.

2023-06-15 11:52:24,098 nsop_BigObject_NTUST_Data_4018(632)_1.xlsx
2023-06-15 11:52:24,176 Model is running...
2023-06-15 11:52:25,766 result:4017:Execution succeed

2023-06-15 11:52:25,766 result:4017:Execution succeed

2023-06-15 11:52:25,766 nsop_BigObject_NTUST_Data_4018(632)_10.xlsx
2023-06-15 11:52:25,847 Model is running...
2023-06-15 11:52:27,346 result:4017:Execution succeed

2023-06-15 11:52:27,346 result:4017:Execution succeed

2023-06-15 11:52:27,346 nsop_BigObject_NTUST_Data_4018(632)_100.xlsx
2023-06-15 11:52:27,427 Model is running...
2023-06-15 11:52:29,060 result:4017:Execution succeed

2023-06-15 11:52:29,060 result:4017:Execution succeed

2023-06-15 11:52:29,060 nsop_BigObject_NTUST_Data_4018(632)_11.xlsx
2023-06-15 11:52:29,146 Model is running...
2023-06-15 11:52:34,556 This program is a property of National Taiwan University of Science and Technology.

2023-06-15 11:52:34,556 nsop_BigObject_NTUST_Data_4018(632)_1.xlsx
2023-06-15 11:52:34,637 Model is running...
2023-06-15 11:52:36,166 result:4017:Execution succeed

2023-06-15 11:52:36,166 result:4017:Execution succeed

2023-06-15 11:52:36,166 nsop_BigObject_NTUST_Data_4018(632)_10.xlsx
2023-06-15 11:52:36,237 Model is running...
2023-06-15 11:52:37,868 result:4017:Execution succeed

2023-06-15 11:52:37,868 result:4017:Execution succeed

2023-06-15 11:52:37,868 nsop_BigObject_NTUST_Data_4018(632)_100.xlsx
2023-06-15 11:52:37,946 Model is running...
2023-06-15 11:52:39,596 result:4017:Execution succeed

2023-06-15 11:52:39,596 result:4017:Execution succeed

2023-06-15 11:52:39,596 nsop_BigObject_NTUST_Data_4018(632)_11.xlsx
2023-06-15 11:52:39,667 Model is running...
2023-06-15 11:52:41,149 result:4017:Execution succeed

2023-06-15 11:52:41,149 result:4017:Execution succeed

2023-06-15 11:52:41,149 nsop_BigObject_NTUST_Data_4018(632)_12.xlsx
2023-06-15 11:52:41,227 Model is running...
2023-06-15 11:52:42,740 result:4017:Execution succeed

2023-06-15 11:52:42,740 result:4017:Execution succeed

2023-06-15 11:52:42,740 nsop_BigObject_NTUST_Data_4018(632)_13.xlsx
2023-06-15 11:52:42,818 Model is running...
2023-06-15 11:52:44,347 result:4017:Execution succeed

2023-06-15 11:52:44,347 result:4017:Execution succeed

2023-06-15 11:52:44,347 nsop_BigObject_NTUST_Data_4018(632)_14.xlsx
2023-06-15 11:52:44,426 Model is running...
2023-06-15 11:52:45,906 result:4017:Execution succeed

2023-06-15 11:52:45,906 result:4017:Execution succeed

2023-06-15 11:52:45,906 nsop_BigObject_NTUST_Data_4018(632)_15.xlsx
2023-06-15 11:52:45,982 Model is running...
2023-06-15 11:52:47,476 result:4017:Execution succeed

2023-06-15 11:52:47,476 result:4017:Execution succeed

2023-06-15 11:52:47,476 nsop_BigObject_NTUST_Data_4018(632)_16.xlsx
2023-06-15 11:52:47,561 Model is running...
2023-06-15 11:52:49,037 result:4017:Execution succeed

2023-06-15 11:52:49,038 result:4017:Execution succeed

2023-06-15 11:52:49,038 nsop_BigObject_NTUST_Data_4018(632)_17.xlsx
2023-06-15 11:52:49,110 Model is running...
2023-06-15 11:52:50,618 result:4017:Execution succeed

2023-06-15 11:52:50,618 result:4017:Execution succeed

2023-06-15 11:52:50,618 nsop_BigObject_NTUST_Data_4018(632)_18.xlsx
2023-06-15 11:52:50,690 Model is running...
2023-06-15 11:52:52,196 result:4017:Execution succeed

2023-06-15 11:52:52,196 result:4017:Execution succeed

2023-06-15 11:52:52,196 nsop_BigObject_NTUST_Data_4018(632)_19.xlsx
2023-06-15 11:52:52,276 Model is running...
2023-06-15 11:52:53,776 result:4017:Execution succeed

2023-06-15 11:52:53,776 result:4017:Execution succeed

2023-06-15 11:52:53,776 nsop_BigObject_NTUST_Data_4018(632)_2.xlsx
2023-06-15 11:52:53,850 Model is running...
2023-06-15 11:52:55,377 result:4017:Execution succeed

2023-06-15 11:52:55,377 result:4017:Execution succeed

2023-06-15 11:52:55,377 nsop_BigObject_NTUST_Data_4018(632)_20.xlsx
2023-06-15 11:52:55,464 Model is running...
2023-06-15 11:52:56,971 result:4017:Execution succeed

2023-06-15 11:52:56,971 result:4017:Execution succeed

2023-06-15 11:52:56,971 nsop_BigObject_NTUST_Data_4018(632)_21.xlsx
2023-06-15 11:52:57,046 Model is running...
2023-06-15 11:52:58,536 result:4017:Execution succeed

2023-06-15 11:52:58,536 result:4017:Execution succeed

2023-06-15 11:52:58,536 nsop_BigObject_NTUST_Data_4018(632)_22.xlsx
2023-06-15 11:52:58,617 Model is running...
2023-06-15 11:53:00,136 result:4017:Execution succeed

2023-06-15 11:53:00,136 result:4017:Execution succeed

2023-06-15 11:53:00,136 nsop_BigObject_NTUST_Data_4018(632)_23.xlsx
2023-06-15 11:53:00,206 Model is running...
2023-06-15 11:53:01,687 result:4017:Execution succeed

2023-06-15 11:53:01,687 result:4017:Execution succeed

2023-06-15 11:53:01,687 nsop_BigObject_NTUST_Data_4018(632)_24.xlsx
2023-06-15 11:53:01,766 Model is running...
2023-06-15 11:53:03,276 result:4017:Execution succeed

2023-06-15 11:53:03,276 result:4017:Execution succeed

2023-06-15 11:53:03,276 nsop_BigObject_NTUST_Data_4018(632)_25.xlsx
2023-06-15 11:53:03,347 Model is running...
2023-06-15 11:53:04,995 result:4017:Execution succeed

2023-06-15 11:53:04,995 result:4017:Execution succeed

2023-06-15 11:53:04,995 nsop_BigObject_NTUST_Data_4018(632)_26.xlsx
2023-06-15 11:53:05,086 Model is running...
2023-06-15 11:53:06,826 result:4017:Execution succeed

2023-06-15 11:53:06,826 result:4017:Execution succeed

2023-06-15 11:53:06,827 nsop_BigObject_NTUST_Data_4018(632)_27.xlsx
2023-06-15 11:53:06,946 Model is running...
2023-06-15 11:53:08,496 result:4017:Execution succeed

2023-06-15 11:53:08,496 result:4017:Execution succeed

2023-06-15 11:53:08,496 nsop_BigObject_NTUST_Data_4018(632)_28.xlsx
2023-06-15 11:53:08,566 Model is running...
2023-06-15 11:53:10,066 result:4017:Execution succeed

2023-06-15 11:53:10,066 result:4017:Execution succeed

2023-06-15 11:53:10,066 nsop_BigObject_NTUST_Data_4018(632)_29.xlsx
2023-06-15 11:53:10,231 Model is running...
2023-06-15 11:53:11,776 result:4017:Execution succeed

2023-06-15 11:53:11,776 result:4017:Execution succeed

2023-06-15 11:53:11,776 nsop_BigObject_NTUST_Data_4018(632)_3.xlsx
2023-06-15 11:53:11,848 Model is running...
2023-06-15 11:53:13,335 result:4017:Execution succeed

2023-06-15 11:53:13,335 result:4017:Execution succeed

2023-06-15 11:53:13,335 nsop_BigObject_NTUST_Data_4018(632)_30.xlsx
2023-06-15 11:53:13,410 Model is running...
2023-06-15 11:53:14,906 result:4017:Execution succeed

2023-06-15 11:53:14,906 result:4017:Execution succeed

2023-06-15 11:53:14,906 nsop_BigObject_NTUST_Data_4018(632)_31.xlsx
2023-06-15 11:53:14,998 Model is running...
2023-06-15 11:53:16,456 result:4017:Execution succeed

2023-06-15 11:53:16,456 result:4017:Execution succeed

2023-06-15 11:53:16,456 nsop_BigObject_NTUST_Data_4018(632)_32.xlsx
2023-06-15 11:53:16,526 Model is running...
2023-06-15 11:53:18,036 result:4017:Execution succeed

2023-06-15 11:53:18,036 result:4017:Execution succeed

2023-06-15 11:53:18,036 nsop_BigObject_NTUST_Data_4018(632)_33.xlsx
2023-06-15 11:53:18,131 Model is running...
2023-06-15 11:53:19,667 result:4017:Execution succeed

2023-06-15 11:53:19,667 result:4017:Execution succeed

2023-06-15 11:53:19,667 nsop_BigObject_NTUST_Data_4018(632)_34.xlsx
2023-06-15 11:53:19,746 Model is running...
2023-06-15 11:53:21,287 result:4017:Execution succeed

2023-06-15 11:53:21,287 result:4017:Execution succeed

2023-06-15 11:53:21,287 nsop_BigObject_NTUST_Data_4018(632)_35.xlsx
2023-06-15 11:53:21,366 Model is running...
2023-06-15 11:53:22,896 result:4017:Execution succeed

2023-06-15 11:53:22,896 result:4017:Execution succeed

2023-06-15 11:53:22,896 nsop_BigObject_NTUST_Data_4018(632)_36.xlsx
2023-06-15 11:53:22,966 Model is running...
2023-06-15 11:53:24,447 result:4017:Execution succeed

2023-06-15 11:53:24,447 result:4017:Execution succeed

2023-06-15 11:53:24,447 nsop_BigObject_NTUST_Data_4018(632)_37.xlsx
2023-06-15 11:53:24,530 Model is running...
2023-06-15 11:53:26,027 result:4017:Execution succeed

2023-06-15 11:53:26,033 result:4017:Execution succeed

2023-06-15 11:53:26,033 nsop_BigObject_NTUST_Data_4018(632)_38.xlsx
2023-06-15 11:53:26,097 Model is running...
2023-06-15 11:53:27,615 result:4017:Execution succeed

2023-06-15 11:53:27,616 result:4017:Execution succeed

2023-06-15 11:53:27,616 nsop_BigObject_NTUST_Data_4018(632)_39.xlsx
2023-06-15 11:53:27,707 Model is running...
2023-06-15 11:53:29,219 result:4017:Execution succeed

2023-06-15 11:53:29,219 result:4017:Execution succeed

2023-06-15 11:53:29,219 nsop_BigObject_NTUST_Data_4018(632)_4.xlsx
2023-06-15 11:53:29,296 Model is running...
2023-06-15 11:53:30,776 result:4017:Execution succeed

2023-06-15 11:53:30,776 result:4017:Execution succeed

2023-06-15 11:53:30,776 nsop_BigObject_NTUST_Data_4018(632)_40.xlsx
2023-06-15 11:53:30,856 Model is running...
2023-06-15 11:53:32,376 result:4017:Execution succeed

2023-06-15 11:53:32,376 result:4017:Execution succeed

2023-06-15 11:53:32,376 nsop_BigObject_NTUST_Data_4018(632)_41.xlsx
2023-06-15 11:53:32,453 Model is running...
2023-06-15 11:53:33,956 result:4017:Execution succeed

2023-06-15 11:53:33,956 result:4017:Execution succeed

2023-06-15 11:53:33,956 nsop_BigObject_NTUST_Data_4018(632)_42.xlsx
2023-06-15 11:53:34,036 Model is running...
2023-06-15 11:53:35,592 result:4017:Execution succeed

2023-06-15 11:53:35,592 result:4017:Execution succeed

2023-06-15 11:53:35,592 nsop_BigObject_NTUST_Data_4018(632)_43.xlsx
2023-06-15 11:53:35,666 Model is running...
2023-06-15 11:53:37,207 result:4017:Execution succeed

2023-06-15 11:53:37,207 result:4017:Execution succeed

2023-06-15 11:53:37,207 nsop_BigObject_NTUST_Data_4018(632)_44.xlsx
2023-06-15 11:53:37,286 Model is running...
2023-06-15 11:53:38,796 result:4017:Execution succeed

2023-06-15 11:53:38,796 result:4017:Execution succeed

2023-06-15 11:53:38,796 nsop_BigObject_NTUST_Data_4018(632)_45.xlsx
2023-06-15 11:53:38,867 Model is running...
2023-06-15 11:53:40,396 result:4017:Execution succeed

2023-06-15 11:53:40,396 result:4017:Execution succeed

2023-06-15 11:53:40,396 nsop_BigObject_NTUST_Data_4018(632)_46.xlsx
2023-06-15 11:53:40,486 Model is running...
2023-06-15 11:53:41,967 result:4017:Execution succeed

2023-06-15 11:53:41,967 result:4017:Execution succeed

2023-06-15 11:53:41,967 nsop_BigObject_NTUST_Data_4018(632)_47.xlsx
2023-06-15 11:53:42,047 Model is running...
2023-06-15 11:53:43,511 result:4017:Execution succeed

2023-06-15 11:53:43,511 result:4017:Execution succeed

2023-06-15 11:53:43,511 nsop_BigObject_NTUST_Data_4018(632)_48.xlsx
2023-06-15 11:53:43,587 Model is running...
2023-06-15 11:53:45,136 result:4017:Execution succeed

2023-06-15 11:53:45,136 result:4017:Execution succeed

2023-06-15 11:53:45,136 nsop_BigObject_NTUST_Data_4018(632)_49.xlsx
2023-06-15 11:53:45,216 Model is running...
2023-06-15 11:53:46,726 result:4017:Execution succeed

2023-06-15 11:53:46,726 result:4017:Execution succeed

2023-06-15 11:53:46,726 nsop_BigObject_NTUST_Data_4018(632)_5.xlsx
2023-06-15 11:53:46,815 Model is running...
2023-06-15 11:53:48,313 result:4017:Execution succeed

2023-06-15 11:53:48,313 result:4017:Execution succeed

2023-06-15 11:53:48,313 nsop_BigObject_NTUST_Data_4018(632)_50.xlsx
2023-06-15 11:53:48,395 Model is running...
2023-06-15 11:53:49,906 result:4017:Execution succeed

2023-06-15 11:53:49,906 result:4017:Execution succeed

2023-06-15 11:53:49,906 nsop_BigObject_NTUST_Data_4018(632)_51.xlsx
2023-06-15 11:53:49,987 Model is running...
2023-06-15 11:53:51,506 result:4017:Execution succeed

2023-06-15 11:53:51,506 result:4017:Execution succeed

2023-06-15 11:53:51,506 nsop_BigObject_NTUST_Data_4018(632)_52.xlsx
2023-06-15 11:53:51,579 Model is running...
2023-06-15 11:53:53,089 result:4017:Execution succeed

2023-06-15 11:53:53,089 result:4017:Execution succeed

2023-06-15 11:53:53,089 nsop_BigObject_NTUST_Data_4018(632)_53.xlsx
2023-06-15 11:53:53,167 Model is running...
2023-06-15 11:53:54,666 result:4017:Execution succeed

2023-06-15 11:53:54,666 result:4017:Execution succeed

2023-06-15 11:53:54,666 nsop_BigObject_NTUST_Data_4018(632)_54.xlsx
2023-06-15 11:53:54,746 Model is running...
2023-06-15 11:53:56,310 result:4017:Execution succeed

2023-06-15 11:53:56,310 result:4017:Execution succeed

2023-06-15 11:53:56,310 nsop_BigObject_NTUST_Data_4018(632)_55.xlsx
2023-06-15 11:53:56,387 Model is running...
2023-06-15 11:53:57,882 result:4017:Execution succeed

2023-06-15 11:53:57,882 result:4017:Execution succeed

2023-06-15 11:53:57,882 nsop_BigObject_NTUST_Data_4018(632)_56.xlsx
2023-06-15 11:53:57,958 Model is running...
2023-06-15 11:53:59,517 result:4017:Execution succeed

2023-06-15 11:53:59,517 result:4017:Execution succeed

2023-06-15 11:53:59,517 nsop_BigObject_NTUST_Data_4018(632)_57.xlsx
2023-06-15 11:53:59,596 Model is running...
2023-06-15 11:54:01,136 result:4017:Execution succeed

2023-06-15 11:54:01,136 result:4017:Execution succeed

2023-06-15 11:54:01,136 nsop_BigObject_NTUST_Data_4018(632)_58.xlsx
2023-06-15 11:54:01,227 Model is running...
2023-06-15 11:54:02,779 result:4017:Execution succeed

2023-06-15 11:54:02,780 result:4017:Execution succeed

2023-06-15 11:54:02,780 nsop_BigObject_NTUST_Data_4018(632)_59.xlsx
2023-06-15 11:54:02,859 Model is running...
2023-06-15 11:54:04,541 result:4017:Execution succeed

2023-06-15 11:54:04,541 result:4017:Execution succeed

2023-06-15 11:54:04,541 nsop_BigObject_NTUST_Data_4018(632)_6.xlsx
2023-06-15 11:54:04,626 Model is running...
2023-06-15 11:54:06,406 result:4017:Execution succeed

2023-06-15 11:54:06,406 result:4017:Execution succeed

2023-06-15 11:54:06,406 nsop_BigObject_NTUST_Data_4018(632)_60.xlsx
2023-06-15 11:54:06,506 Model is running...
2023-06-15 11:54:08,109 result:4017:Execution succeed

2023-06-15 11:54:08,109 result:4017:Execution succeed

2023-06-15 11:54:08,109 nsop_BigObject_NTUST_Data_4018(632)_61.xlsx
2023-06-15 11:54:08,200 Model is running...
2023-06-15 11:54:09,718 result:4017:Execution succeed

2023-06-15 11:54:09,718 result:4017:Execution succeed

2023-06-15 11:54:09,718 nsop_BigObject_NTUST_Data_4018(632)_62.xlsx
2023-06-15 11:54:09,807 Model is running...
2023-06-15 11:54:11,416 result:4017:Execution succeed

2023-06-15 11:54:11,416 result:4017:Execution succeed

2023-06-15 11:54:11,416 nsop_BigObject_NTUST_Data_4018(632)_63.xlsx
2023-06-15 11:54:11,487 Model is running...
2023-06-15 11:54:13,005 result:4017:Execution succeed

2023-06-15 11:54:13,005 result:4017:Execution succeed

2023-06-15 11:54:13,005 nsop_BigObject_NTUST_Data_4018(632)_64.xlsx
2023-06-15 11:54:13,076 Model is running...
2023-06-15 11:54:14,607 result:4017:Execution succeed

2023-06-15 11:54:14,607 result:4017:Execution succeed

2023-06-15 11:54:14,607 nsop_BigObject_NTUST_Data_4018(632)_65.xlsx
2023-06-15 11:54:14,687 Model is running...
2023-06-15 11:54:16,228 result:4017:Execution succeed

2023-06-15 11:54:16,228 result:4017:Execution succeed

2023-06-15 11:54:16,228 nsop_BigObject_NTUST_Data_4018(632)_66.xlsx
2023-06-15 11:54:16,306 Model is running...
2023-06-15 11:54:17,834 result:4017:Execution succeed

2023-06-15 11:54:17,835 result:4017:Execution succeed

2023-06-15 11:54:17,835 nsop_BigObject_NTUST_Data_4018(632)_67.xlsx
2023-06-15 11:54:17,912 Model is running...
2023-06-15 11:54:19,429 result:4017:Execution succeed

2023-06-15 11:54:19,429 result:4017:Execution succeed

2023-06-15 11:54:19,429 nsop_BigObject_NTUST_Data_4018(632)_68.xlsx
2023-06-15 11:54:19,507 Model is running...
2023-06-15 11:54:21,016 result:4017:Execution succeed

2023-06-15 11:54:21,016 result:4017:Execution succeed

2023-06-15 11:54:21,016 nsop_BigObject_NTUST_Data_4018(632)_69.xlsx
2023-06-15 11:54:21,096 Model is running...
2023-06-15 11:54:22,596 result:4017:Execution succeed

2023-06-15 11:54:22,602 result:4017:Execution succeed

2023-06-15 11:54:22,602 nsop_BigObject_NTUST_Data_4018(632)_7.xlsx
2023-06-15 11:54:22,676 Model is running...
2023-06-15 11:54:24,198 result:4017:Execution succeed

2023-06-15 11:54:24,198 result:4017:Execution succeed

2023-06-15 11:54:24,198 nsop_BigObject_NTUST_Data_4018(632)_70.xlsx
2023-06-15 11:54:24,285 Model is running...
2023-06-15 11:54:25,786 result:4017:Execution succeed

2023-06-15 11:54:25,786 result:4017:Execution succeed

2023-06-15 11:54:25,786 nsop_BigObject_NTUST_Data_4018(632)_71.xlsx
2023-06-15 11:54:25,860 Model is running...
2023-06-15 11:54:27,407 result:4017:Execution succeed

2023-06-15 11:54:27,407 result:4017:Execution succeed

2023-06-15 11:54:27,407 nsop_BigObject_NTUST_Data_4018(632)_72.xlsx
2023-06-15 11:54:27,496 Model is running...
2023-06-15 11:54:29,067 result:4017:Execution succeed

2023-06-15 11:54:29,067 result:4017:Execution succeed

2023-06-15 11:54:29,067 nsop_BigObject_NTUST_Data_4018(632)_73.xlsx
2023-06-15 11:54:29,148 Model is running...
2023-06-15 11:54:30,636 result:4017:Execution succeed

2023-06-15 11:54:30,636 result:4017:Execution succeed

2023-06-15 11:54:30,636 nsop_BigObject_NTUST_Data_4018(632)_74.xlsx
2023-06-15 11:54:30,727 Model is running...
2023-06-15 11:54:32,251 result:4017:Execution succeed

2023-06-15 11:54:32,251 result:4017:Execution succeed

2023-06-15 11:54:32,251 nsop_BigObject_NTUST_Data_4018(632)_75.xlsx
2023-06-15 11:54:32,337 Model is running...
2023-06-15 11:54:33,827 result:4017:Execution succeed

2023-06-15 11:54:33,827 result:4017:Execution succeed

2023-06-15 11:54:33,827 nsop_BigObject_NTUST_Data_4018(632)_76.xlsx
2023-06-15 11:54:33,920 Model is running...
2023-06-15 11:54:35,390 result:4017:Execution succeed

2023-06-15 11:54:35,390 result:4017:Execution succeed

2023-06-15 11:54:35,390 nsop_BigObject_NTUST_Data_4018(632)_77.xlsx
2023-06-15 11:54:35,469 Model is running...
2023-06-15 11:54:37,017 result:4017:Execution succeed

2023-06-15 11:54:37,025 result:4017:Execution succeed

2023-06-15 11:54:37,025 nsop_BigObject_NTUST_Data_4018(632)_78.xlsx
2023-06-15 11:54:37,126 Model is running...
2023-06-15 11:54:38,627 result:4017:Execution succeed

2023-06-15 11:54:38,627 result:4017:Execution succeed

2023-06-15 11:54:38,627 nsop_BigObject_NTUST_Data_4018(632)_79.xlsx
2023-06-15 11:54:38,707 Model is running...
2023-06-15 11:54:40,197 result:4017:Execution succeed

2023-06-15 11:54:40,197 result:4017:Execution succeed

2023-06-15 11:54:40,197 nsop_BigObject_NTUST_Data_4018(632)_8.xlsx
2023-06-15 11:54:40,286 Model is running...
2023-06-15 11:54:41,787 result:4017:Execution succeed

2023-06-15 11:54:41,787 result:4017:Execution succeed

2023-06-15 11:54:41,787 nsop_BigObject_NTUST_Data_4018(632)_80.xlsx
2023-06-15 11:54:41,879 Model is running...
2023-06-15 11:54:43,416 result:4017:Execution succeed

2023-06-15 11:54:43,416 result:4017:Execution succeed

2023-06-15 11:54:43,416 nsop_BigObject_NTUST_Data_4018(632)_81.xlsx
2023-06-15 11:54:43,496 Model is running...
2023-06-15 11:54:45,047 result:4017:Execution succeed

2023-06-15 11:54:45,047 result:4017:Execution succeed

2023-06-15 11:54:45,047 nsop_BigObject_NTUST_Data_4018(632)_82.xlsx
2023-06-15 11:54:45,126 Model is running...
2023-06-15 11:54:46,696 result:4017:Execution succeed

2023-06-15 11:54:46,696 result:4017:Execution succeed

2023-06-15 11:54:46,696 nsop_BigObject_NTUST_Data_4018(632)_83.xlsx
2023-06-15 11:54:46,777 Model is running...
2023-06-15 11:54:48,316 result:4017:Execution succeed

2023-06-15 11:54:48,316 result:4017:Execution succeed

2023-06-15 11:54:48,316 nsop_BigObject_NTUST_Data_4018(632)_84.xlsx
2023-06-15 11:54:48,389 Model is running...
2023-06-15 11:54:49,915 result:4017:Execution succeed

2023-06-15 11:54:49,915 result:4017:Execution succeed

2023-06-15 11:54:49,915 nsop_BigObject_NTUST_Data_4018(632)_85.xlsx
2023-06-15 11:54:50,126 Model is running...
2023-06-15 11:54:51,637 result:4017:Execution succeed

2023-06-15 11:54:51,637 result:4017:Execution succeed

2023-06-15 11:54:51,637 nsop_BigObject_NTUST_Data_4018(632)_86.xlsx
2023-06-15 11:54:51,716 Model is running...
2023-06-15 11:54:53,246 result:4017:Execution succeed

2023-06-15 11:54:53,246 result:4017:Execution succeed

2023-06-15 11:54:53,246 nsop_BigObject_NTUST_Data_4018(632)_87.xlsx
2023-06-15 11:54:53,326 Model is running...
2023-06-15 11:54:54,896 result:4017:Execution succeed

2023-06-15 11:54:54,896 result:4017:Execution succeed

2023-06-15 11:54:54,896 nsop_BigObject_NTUST_Data_4018(632)_88.xlsx
2023-06-15 11:54:54,972 Model is running...
2023-06-15 11:54:56,516 result:4017:Execution succeed

2023-06-15 11:54:56,516 result:4017:Execution succeed

2023-06-15 11:54:56,516 nsop_BigObject_NTUST_Data_4018(632)_89.xlsx
2023-06-15 11:54:56,596 Model is running...
2023-06-15 11:54:58,126 result:4017:Execution succeed

2023-06-15 11:54:58,126 result:4017:Execution succeed

2023-06-15 11:54:58,126 nsop_BigObject_NTUST_Data_4018(632)_9.xlsx
2023-06-15 11:54:58,196 Model is running...
2023-06-15 11:54:59,687 result:4017:Execution succeed

2023-06-15 11:54:59,687 result:4017:Execution succeed

2023-06-15 11:54:59,687 nsop_BigObject_NTUST_Data_4018(632)_90.xlsx
2023-06-15 11:54:59,760 Model is running...
2023-06-15 11:55:01,276 result:4017:Execution succeed

2023-06-15 11:55:01,276 result:4017:Execution succeed

2023-06-15 11:55:01,276 nsop_BigObject_NTUST_Data_4018(632)_91.xlsx
2023-06-15 11:55:01,347 Model is running...
2023-06-15 11:55:02,910 result:4017:Execution succeed

2023-06-15 11:55:02,910 result:4017:Execution succeed

2023-06-15 11:55:02,910 nsop_BigObject_NTUST_Data_4018(632)_92.xlsx
2023-06-15 11:55:02,999 Model is running...
2023-06-15 11:55:04,678 result:4017:Execution succeed

2023-06-15 11:55:04,678 result:4017:Execution succeed

2023-06-15 11:55:04,678 nsop_BigObject_NTUST_Data_4018(632)_93.xlsx
2023-06-15 11:55:04,776 Model is running...
2023-06-15 11:55:06,513 result:4017:Execution succeed

2023-06-15 11:55:06,513 result:4017:Execution succeed

2023-06-15 11:55:06,513 nsop_BigObject_NTUST_Data_4018(632)_94.xlsx
2023-06-15 11:55:06,606 Model is running...
2023-06-15 11:55:08,217 result:4017:Execution succeed

2023-06-15 11:55:08,217 result:4017:Execution succeed

2023-06-15 11:55:08,217 nsop_BigObject_NTUST_Data_4018(632)_95.xlsx
2023-06-15 11:55:08,297 Model is running...
2023-06-15 11:55:09,817 result:4017:Execution succeed

2023-06-15 11:55:09,817 result:4017:Execution succeed

2023-06-15 11:55:09,817 nsop_BigObject_NTUST_Data_4018(632)_96.xlsx
2023-06-15 11:55:09,895 Model is running...
2023-06-15 11:55:11,437 result:4017:Execution succeed

2023-06-15 11:55:11,437 result:4017:Execution succeed

2023-06-15 11:55:11,437 nsop_BigObject_NTUST_Data_4018(632)_97.xlsx
2023-06-15 11:55:11,506 Model is running...
2023-06-15 11:55:13,049 result:4017:Execution succeed

2023-06-15 11:55:13,049 result:4017:Execution succeed

2023-06-15 11:55:13,049 nsop_BigObject_NTUST_Data_4018(632)_98.xlsx
2023-06-15 11:55:13,122 Model is running...
2023-06-15 11:55:14,645 result:4017:Execution succeed

2023-06-15 11:55:14,646 result:4017:Execution succeed

2023-06-15 11:55:14,646 nsop_BigObject_NTUST_Data_4018(632)_99.xlsx
2023-06-15 11:55:14,724 Model is running...
2023-06-15 11:55:16,297 result:4017:Execution succeed

2023-06-15 11:55:16,304 result:4017:Execution succeed

